<?xml version="1.0" encoding="UTF-8"?>
<testsuite name="core.diagram.service.ActionDiagramTest" tests="3" skipped="0" failures="0" errors="0" timestamp="2025-07-06T08:06:26" hostname="bottleCapsMBA.local" time="0.147">
  <properties/>
  <testcase name="tooltip()" classname="core.diagram.service.ActionDiagramTest" time="0.134"/>
  <testcase name="key()" classname="core.diagram.service.ActionDiagramTest" time="0.001"/>
  <testcase name="keyId()" classname="core.diagram.service.ActionDiagramTest" time="0.011"/>
  <system-out><![CDATA[]]></system-out>
  <system-err><![CDATA[]]></system-err>
</testsuite>
