<?xml version="1.0" encoding="UTF-8"?>
<testsuite name="core.diagram.service.ArchDiagramTest" tests="1" skipped="0" failures="0" errors="0" timestamp="2025-07-06T08:06:26" hostname="bottleCapsMBA.local" time="0.008">
  <properties/>
  <testcase name="messageSubscriptionTooltip()" classname="core.diagram.service.ArchDiagramTest" time="0.008"/>
  <system-out><![CDATA[]]></system-out>
  <system-err><![CDATA[]]></system-err>
</testsuite>
