<?xml version="1.0" encoding="UTF-8"?>
<testsuite name="core.log.service.IndexServiceTest" tests="3" skipped="0" failures="0" errors="0" timestamp="2025-07-06T08:06:37" hostname="bottleCapsMBA.local" time="0.001">
  <properties/>
  <testcase name="template()" classname="core.log.service.IndexServiceTest" time="0.0"/>
  <testcase name="indexName()" classname="core.log.service.IndexServiceTest" time="0.001"/>
  <testcase name="createdDate()" classname="core.log.service.IndexServiceTest" time="0.0"/>
  <system-out><![CDATA[]]></system-out>
  <system-err><![CDATA[]]></system-err>
</testsuite>
