<?xml version="1.0" encoding="UTF-8"?>
<testsuite name="core.log.service.EventForwarderTest" tests="2" skipped="0" failures="0" errors="0" timestamp="2025-07-06T08:06:37" hostname="bottleCapsMBA.local" time="0.002">
  <properties/>
  <testcase name="forward()" classname="core.log.service.EventForwarderTest" time="0.001"/>
  <testcase name="forwardWithIgnoreErrorCode()" classname="core.log.service.EventForwarderTest" time="0.001"/>
  <system-out><![CDATA[]]></system-out>
  <system-err><![CDATA[]]></system-err>
</testsuite>
