<?xml version="1.0" encoding="UTF-8"?>
<testsuite name="core.log.service.ActionLogForwarderTest" tests="5" skipped="0" failures="0" errors="0" timestamp="2025-07-06T08:06:37" hostname="bottleCapsMBA.local" time="0.015">
  <properties/>
  <testcase name="forwardWithMismatchedResult()" classname="core.log.service.ActionLogForwarderTest" time="0.01"/>
  <testcase name="forwardWithIgnoredErrorCode()" classname="core.log.service.ActionLogForwarderTest" time="0.001"/>
  <testcase name="forwardWithMatchedResult()" classname="core.log.service.ActionLogForwarderTest" time="0.002"/>
  <testcase name="forwardWithMatchedApp()" classname="core.log.service.ActionLogForwarderTest" time="0.001"/>
  <testcase name="forwardWithIgnoredAction()" classname="core.log.service.ActionLogForwarderTest" time="0.001"/>
  <system-out><![CDATA[]]></system-out>
  <system-err><![CDATA[]]></system-err>
</testsuite>
