<?xml version="1.0" encoding="UTF-8"?>
<testsuite name="core.framework.test.module.TestModuleContextTest" tests="4" skipped="0" failures="0" errors="0" timestamp="2025-07-06T08:06:09" hostname="bottleCapsMBA.local" time="0.012">
  <properties/>
  <testcase name="overrideBindingWithDuplicateKey()" classname="core.framework.test.module.TestModuleContextTest" time="0.002"/>
  <testcase name="targetConfigClass()" classname="core.framework.test.module.TestModuleContextTest" time="0.006"/>
  <testcase name="overrideBinding()" classname="core.framework.test.module.TestModuleContextTest" time="0.002"/>
  <testcase name="validateOverrideBindings()" classname="core.framework.test.module.TestModuleContextTest" time="0.002"/>
  <system-out><![CDATA[2025-07-06T08:06:09.429802Z [bottleCapsMBA.local] [Test worker] INFO c.f.w.site.WebDirectory - can not locate web directory
2025-07-06T08:06:09.429988Z [bottleCapsMBA.local] [Test worker] INFO c.f.i.w.route.Route - route, method=GET, path=/_sys/vm, controller=core.framework.internal.web.sys.DiagnosticController.vm
2025-07-06T08:06:09.430093Z [bottleCapsMBA.local] [Test worker] INFO c.f.i.w.route.Route - route, method=GET, path=/_sys/thread, controller=core.framework.internal.web.sys.DiagnosticController.thread
2025-07-06T08:06:09.430193Z [bottleCapsMBA.local] [Test worker] INFO c.f.i.w.route.Route - route, method=GET, path=/_sys/heap, controller=core.framework.internal.web.sys.DiagnosticController.heap
2025-07-06T08:06:09.430279Z [bottleCapsMBA.local] [Test worker] INFO c.f.i.w.route.Route - route, method=GET, path=/_sys/proc, controller=core.framework.internal.web.sys.DiagnosticController.proc
2025-07-06T08:06:09.430371Z [bottleCapsMBA.local] [Test worker] INFO c.f.i.w.route.Route - route, method=GET, path=/_sys/property, controller=core.framework.internal.web.sys.PropertyController.execute
2025-07-06T08:06:09.430456Z [bottleCapsMBA.local] [Test worker] INFO c.f.i.w.route.Route - route, method=GET, path=/_sys/api, controller=null.execute
2025-07-06T08:06:09.430527Z [bottleCapsMBA.local] [Test worker] INFO c.f.i.w.route.Route - route, method=GET, path=/_sys/api/message, controller=null.execute
2025-07-06T08:06:09.431834Z [bottleCapsMBA.local] [Test worker] INFO c.f.w.site.WebDirectory - can not locate web directory
2025-07-06T08:06:09.431966Z [bottleCapsMBA.local] [Test worker] INFO c.f.i.w.route.Route - route, method=GET, path=/_sys/vm, controller=core.framework.internal.web.sys.DiagnosticController.vm
2025-07-06T08:06:09.432062Z [bottleCapsMBA.local] [Test worker] INFO c.f.i.w.route.Route - route, method=GET, path=/_sys/thread, controller=core.framework.internal.web.sys.DiagnosticController.thread
2025-07-06T08:06:09.432161Z [bottleCapsMBA.local] [Test worker] INFO c.f.i.w.route.Route - route, method=GET, path=/_sys/heap, controller=core.framework.internal.web.sys.DiagnosticController.heap
2025-07-06T08:06:09.432250Z [bottleCapsMBA.local] [Test worker] INFO c.f.i.w.route.Route - route, method=GET, path=/_sys/proc, controller=core.framework.internal.web.sys.DiagnosticController.proc
2025-07-06T08:06:09.432339Z [bottleCapsMBA.local] [Test worker] INFO c.f.i.w.route.Route - route, method=GET, path=/_sys/property, controller=core.framework.internal.web.sys.PropertyController.execute
2025-07-06T08:06:09.432426Z [bottleCapsMBA.local] [Test worker] INFO c.f.i.w.route.Route - route, method=GET, path=/_sys/api, controller=null.execute
2025-07-06T08:06:09.432507Z [bottleCapsMBA.local] [Test worker] INFO c.f.i.w.route.Route - route, method=GET, path=/_sys/api/message, controller=null.execute
2025-07-06T08:06:09.437986Z [bottleCapsMBA.local] [Test worker] INFO c.f.w.site.WebDirectory - can not locate web directory
2025-07-06T08:06:09.438159Z [bottleCapsMBA.local] [Test worker] INFO c.f.i.w.route.Route - route, method=GET, path=/_sys/vm, controller=core.framework.internal.web.sys.DiagnosticController.vm
2025-07-06T08:06:09.438259Z [bottleCapsMBA.local] [Test worker] INFO c.f.i.w.route.Route - route, method=GET, path=/_sys/thread, controller=core.framework.internal.web.sys.DiagnosticController.thread
2025-07-06T08:06:09.438345Z [bottleCapsMBA.local] [Test worker] INFO c.f.i.w.route.Route - route, method=GET, path=/_sys/heap, controller=core.framework.internal.web.sys.DiagnosticController.heap
2025-07-06T08:06:09.438434Z [bottleCapsMBA.local] [Test worker] INFO c.f.i.w.route.Route - route, method=GET, path=/_sys/proc, controller=core.framework.internal.web.sys.DiagnosticController.proc
2025-07-06T08:06:09.438520Z [bottleCapsMBA.local] [Test worker] INFO c.f.i.w.route.Route - route, method=GET, path=/_sys/property, controller=core.framework.internal.web.sys.PropertyController.execute
2025-07-06T08:06:09.438605Z [bottleCapsMBA.local] [Test worker] INFO c.f.i.w.route.Route - route, method=GET, path=/_sys/api, controller=null.execute
2025-07-06T08:06:09.438688Z [bottleCapsMBA.local] [Test worker] INFO c.f.i.w.route.Route - route, method=GET, path=/_sys/api/message, controller=null.execute
2025-07-06T08:06:09.438860Z [bottleCapsMBA.local] [Test worker] INFO c.f.t.module.TestModuleContext - override binding, type=java.lang.String, name=null
2025-07-06T08:06:09.439700Z [bottleCapsMBA.local] [Test worker] INFO c.f.w.site.WebDirectory - can not locate web directory
2025-07-06T08:06:09.439841Z [bottleCapsMBA.local] [Test worker] INFO c.f.i.w.route.Route - route, method=GET, path=/_sys/vm, controller=core.framework.internal.web.sys.DiagnosticController.vm
2025-07-06T08:06:09.439940Z [bottleCapsMBA.local] [Test worker] INFO c.f.i.w.route.Route - route, method=GET, path=/_sys/thread, controller=core.framework.internal.web.sys.DiagnosticController.thread
2025-07-06T08:06:09.440033Z [bottleCapsMBA.local] [Test worker] INFO c.f.i.w.route.Route - route, method=GET, path=/_sys/heap, controller=core.framework.internal.web.sys.DiagnosticController.heap
2025-07-06T08:06:09.440121Z [bottleCapsMBA.local] [Test worker] INFO c.f.i.w.route.Route - route, method=GET, path=/_sys/proc, controller=core.framework.internal.web.sys.DiagnosticController.proc
2025-07-06T08:06:09.440209Z [bottleCapsMBA.local] [Test worker] INFO c.f.i.w.route.Route - route, method=GET, path=/_sys/property, controller=core.framework.internal.web.sys.PropertyController.execute
2025-07-06T08:06:09.440286Z [bottleCapsMBA.local] [Test worker] INFO c.f.i.w.route.Route - route, method=GET, path=/_sys/api, controller=null.execute
2025-07-06T08:06:09.440354Z [bottleCapsMBA.local] [Test worker] INFO c.f.i.w.route.Route - route, method=GET, path=/_sys/api/message, controller=null.execute
]]></system-out>
  <system-err><![CDATA[]]></system-err>
</testsuite>
