<?xml version="1.0" encoding="UTF-8"?>
<testsuite name="core.framework.test.web.SessionIntegrationTest" tests="2" skipped="0" failures="0" errors="0" timestamp="2025-07-06T08:06:09" hostname="bottleCapsMBA.local" time="0.003">
  <properties/>
  <testcase name="invalidate()" classname="core.framework.test.web.SessionIntegrationTest" time="0.002"/>
  <testcase name="sessionContext()" classname="core.framework.test.web.SessionIntegrationTest" time="0.0"/>
  <system-out><![CDATA[]]></system-out>
  <system-err><![CDATA[]]></system-err>
</testsuite>
