<?xml version="1.0" encoding="UTF-8"?>
<testsuite name="core.framework.test.assertion.EnvResourceAssertTest" tests="3" skipped="0" failures="0" errors="0" timestamp="2025-07-06T08:06:04" hostname="bottleCapsMBA.local" time="0.108">
  <properties/>
  <testcase name="confResourcesNotOverride()" classname="core.framework.test.assertion.EnvResourceAssertTest" time="0.104"/>
  <testcase name="testResourcesNotOverride()" classname="core.framework.test.assertion.EnvResourceAssertTest" time="0.002"/>
  <testcase name="overridesDefaultResources()" classname="core.framework.test.assertion.EnvResourceAssertTest" time="0.001"/>
  <system-out><![CDATA[]]></system-out>
  <system-err><![CDATA[]]></system-err>
</testsuite>
