<?xml version="1.0" encoding="UTF-8"?>
<testsuite name="core.framework.test.web.WebServiceIntegrationTest" tests="2" skipped="0" failures="0" errors="0" timestamp="2025-07-06T08:06:09" hostname="bottleCapsMBA.local" time="0.001">
  <properties/>
  <testcase name="put()" classname="core.framework.test.web.WebServiceIntegrationTest" time="0.001"/>
  <testcase name="webContext()" classname="core.framework.test.web.WebServiceIntegrationTest" time="0.0"/>
  <system-out><![CDATA[]]></system-out>
  <system-err><![CDATA[]]></system-err>
</testsuite>
