<?xml version="1.0" encoding="UTF-8"?>
<testsuite name="core.framework.test.redis.MockRedisListTest" tests="4" skipped="0" failures="0" errors="0" timestamp="2025-07-06T08:06:09" hostname="bottleCapsMBA.local" time="0.003">
  <properties/>
  <testcase name="pop()" classname="core.framework.test.redis.MockRedisListTest" time="0.001"/>
  <testcase name="push()" classname="core.framework.test.redis.MockRedisListTest" time="0.001"/>
  <testcase name="trim()" classname="core.framework.test.redis.MockRedisListTest" time="0.0"/>
  <testcase name="range()" classname="core.framework.test.redis.MockRedisListTest" time="0.0"/>
  <system-out><![CDATA[]]></system-out>
  <system-err><![CDATA[]]></system-err>
</testsuite>
