<?xml version="1.0" encoding="UTF-8"?>
<testsuite name="core.framework.test.redis.MockRedisHyperLogLogTest" tests="2" skipped="0" failures="0" errors="0" timestamp="2025-07-06T08:06:09" hostname="bottleCapsMBA.local" time="0.002">
  <properties/>
  <testcase name="add()" classname="core.framework.test.redis.MockRedisHyperLogLogTest" time="0.001"/>
  <testcase name="count()" classname="core.framework.test.redis.MockRedisHyperLogLogTest" time="0.001"/>
  <system-out><![CDATA[]]></system-out>
  <system-err><![CDATA[]]></system-err>
</testsuite>
