<?xml version="1.0" encoding="UTF-8"?>
<testsuite name="core.framework.test.redis.KeyMatcherTest" tests="1" skipped="0" failures="0" errors="0" timestamp="2025-07-06T08:06:09" hostname="bottleCapsMBA.local" time="0.007">
  <properties/>
  <testcase name="matches()" classname="core.framework.test.redis.KeyMatcherTest" time="0.007"/>
  <system-out><![CDATA[]]></system-out>
  <system-err><![CDATA[]]></system-err>
</testsuite>
