<?xml version="1.0" encoding="UTF-8"?>
<testsuite name="core.framework.test.redis.MockRedisHashTest" tests="4" skipped="0" failures="0" errors="0" timestamp="2025-07-06T08:06:09" hostname="bottleCapsMBA.local" time="0.017">
  <properties/>
  <testcase name="del()" classname="core.framework.test.redis.MockRedisHashTest" time="0.015"/>
  <testcase name="set()" classname="core.framework.test.redis.MockRedisHashTest" time="0.0"/>
  <testcase name="multiSet()" classname="core.framework.test.redis.MockRedisHashTest" time="0.0"/>
  <testcase name="increaseBy()" classname="core.framework.test.redis.MockRedisHashTest" time="0.0"/>
  <system-out><![CDATA[]]></system-out>
  <system-err><![CDATA[]]></system-err>
</testsuite>
