<?xml version="1.0" encoding="UTF-8"?>
<testsuite name="core.framework.test.redis.MockRedisSortedSetTest" tests="8" skipped="0" failures="0" errors="0" timestamp="2025-07-06T08:06:09" hostname="bottleCapsMBA.local" time="0.009">
  <properties/>
  <testcase name="popMin()" classname="core.framework.test.redis.MockRedisSortedSetTest" time="0.002"/>
  <testcase name="remove()" classname="core.framework.test.redis.MockRedisSortedSetTest" time="0.0"/>
  <testcase name="rangeByScore()" classname="core.framework.test.redis.MockRedisSortedSetTest" time="0.001"/>
  <testcase name="add()" classname="core.framework.test.redis.MockRedisSortedSetTest" time="0.002"/>
  <testcase name="range()" classname="core.framework.test.redis.MockRedisSortedSetTest" time="0.001"/>
  <testcase name="popByScore()" classname="core.framework.test.redis.MockRedisSortedSetTest" time="0.001"/>
  <testcase name="addOnlyIfAbsent()" classname="core.framework.test.redis.MockRedisSortedSetTest" time="0.001"/>
  <testcase name="increaseScoreBy()" classname="core.framework.test.redis.MockRedisSortedSetTest" time="0.0"/>
  <system-out><![CDATA[]]></system-out>
  <system-err><![CDATA[]]></system-err>
</testsuite>
