<?xml version="1.0" encoding="UTF-8"?>
<testsuite name="core.framework.test.redis.MockRedisSetTest" tests="5" skipped="0" failures="0" errors="0" timestamp="2025-07-06T08:06:09" hostname="bottleCapsMBA.local" time="0.002">
  <properties/>
  <testcase name="remove()" classname="core.framework.test.redis.MockRedisSetTest" time="0.0"/>
  <testcase name="isMember()" classname="core.framework.test.redis.MockRedisSetTest" time="0.001"/>
  <testcase name="pop()" classname="core.framework.test.redis.MockRedisSetTest" time="0.0"/>
  <testcase name="size()" classname="core.framework.test.redis.MockRedisSetTest" time="0.0"/>
  <testcase name="members()" classname="core.framework.test.redis.MockRedisSetTest" time="0.0"/>
  <system-out><![CDATA[]]></system-out>
  <system-err><![CDATA[]]></system-err>
</testsuite>
