<?xml version="1.0" encoding="UTF-8"?>
<testsuite name="core.framework.test.db.DBJSONIntegrationTest" tests="3" skipped="0" failures="0" errors="0" timestamp="2025-07-06T08:06:09" hostname="bottleCapsMBA.local" time="0.04">
  <properties/>
  <testcase name="validate()" classname="core.framework.test.db.DBJSONIntegrationTest" time="0.017"/>
  <testcase name="insert()" classname="core.framework.test.db.DBJSONIntegrationTest" time="0.016"/>
  <testcase name="update()" classname="core.framework.test.db.DBJSONIntegrationTest" time="0.006"/>
  <system-out><![CDATA[]]></system-out>
  <system-err><![CDATA[]]></system-err>
</testsuite>
