<?xml version="1.0" encoding="UTF-8"?>
<testsuite name="core.framework.module.TestDBConfigTest" tests="1" skipped="0" failures="0" errors="0" timestamp="2025-07-06T08:06:04" hostname="bottleCapsMBA.local" time="0.212">
  <properties/>
  <testcase name="databaseURL()" classname="core.framework.module.TestDBConfigTest" time="0.212"/>
  <system-out><![CDATA[]]></system-out>
  <system-err><![CDATA[]]></system-err>
</testsuite>
