<?xml version="1.0" encoding="UTF-8"?>
<testsuite name="core.framework.test.async.MockExecutorTest" tests="2" skipped="0" failures="0" errors="0" timestamp="2025-07-06T08:06:05" hostname="bottleCapsMBA.local" time="0.005">
  <properties/>
  <testcase name="submitTask()" classname="core.framework.test.async.MockExecutorTest" time="0.003"/>
  <testcase name="get()" classname="core.framework.test.async.MockExecutorTest" time="0.001"/>
  <system-out><![CDATA[]]></system-out>
  <system-err><![CDATA[]]></system-err>
</testsuite>
