<?xml version="1.0" encoding="UTF-8"?>
<testsuite name="core.framework.test.db.DBIntegrationTest" tests="5" skipped="0" failures="0" errors="0" timestamp="2025-07-06T08:06:09" hostname="bottleCapsMBA.local" time="0.118">
  <properties/>
  <testcase name="projection()" classname="core.framework.test.db.DBIntegrationTest" time="0.055"/>
  <testcase name="selectOne()" classname="core.framework.test.db.DBIntegrationTest" time="0.035"/>
  <testcase name="insert()" classname="core.framework.test.db.DBIntegrationTest" time="0.006"/>
  <testcase name="select()" classname="core.framework.test.db.DBIntegrationTest" time="0.011"/>
  <testcase name="selectWithWhere()" classname="core.framework.test.db.DBIntegrationTest" time="0.007"/>
  <system-out><![CDATA[2025-07-06T08:06:05.228294Z [bottleCapsMBA.local] [Test worker] INFO c.f.i.log.LogManager - not found -Dcore.appName, this should only happen in local dev env or test, use "local" as appName
2025-07-06T08:06:05.235060Z [bottleCapsMBA.local] [Test worker] INFO c.f.t.module.AbstractTestModule - initialize test context
2025-07-06T08:06:05.293815Z [bottleCapsMBA.local] [Test worker] INFO c.f.w.site.WebDirectory - can not locate web directory
2025-07-06T08:06:05.886567Z [bottleCapsMBA.local] [Test worker] INFO c.f.i.w.route.Route - route, method=GET, path=/_sys/vm, controller=core.framework.internal.web.sys.DiagnosticController.vm
2025-07-06T08:06:05.887570Z [bottleCapsMBA.local] [Test worker] INFO c.f.i.w.route.Route - route, method=GET, path=/_sys/thread, controller=core.framework.internal.web.sys.DiagnosticController.thread
2025-07-06T08:06:05.887843Z [bottleCapsMBA.local] [Test worker] INFO c.f.i.w.route.Route - route, method=GET, path=/_sys/heap, controller=core.framework.internal.web.sys.DiagnosticController.heap
2025-07-06T08:06:05.888061Z [bottleCapsMBA.local] [Test worker] INFO c.f.i.w.route.Route - route, method=GET, path=/_sys/proc, controller=core.framework.internal.web.sys.DiagnosticController.proc
2025-07-06T08:06:05.888577Z [bottleCapsMBA.local] [Test worker] INFO c.f.i.w.route.Route - route, method=GET, path=/_sys/property, controller=core.framework.internal.web.sys.PropertyController.execute
2025-07-06T08:06:05.888785Z [bottleCapsMBA.local] [Test worker] INFO c.f.i.w.route.Route - route, method=GET, path=/_sys/api, controller=null.execute
2025-07-06T08:06:05.888959Z [bottleCapsMBA.local] [Test worker] INFO c.f.i.w.route.Route - route, method=GET, path=/_sys/api/message, controller=null.execute
2025-07-06T08:06:05.889153Z [bottleCapsMBA.local] [Test worker] INFO c.f.t.module.AbstractTestModule - initialize application
2025-07-06T08:06:05.889250Z [bottleCapsMBA.local] [Test worker] INFO c.f.m.Module - load properties, classpath=test.properties
2025-07-06T08:06:05.890293Z [bottleCapsMBA.local] [Test worker] INFO c.f.m.Module - load module, module=core.framework.test.OverrideBeanTest
2025-07-06T08:06:05.890505Z [bottleCapsMBA.local] [Test worker] INFO c.f.t.module.TestModuleContext - override binding, type=core.framework.test.OverrideBeanTest$TestBean, name=null
2025-07-06T08:06:05.890644Z [bottleCapsMBA.local] [Test worker] INFO c.f.t.module.TestModuleContext - override binding, type=core.framework.test.OverrideBeanTest$TestBean, name=name
2025-07-06T08:06:08.050459Z [bottleCapsMBA.local] [Test worker] INFO c.f.h.HTTPClientBuilder - create http client, elapsed=752748542
2025-07-06T08:06:08.051389Z [bottleCapsMBA.local] [Test worker] INFO c.f.t.module.TestModuleContext - override binding, type=core.framework.http.HTTPClient, name=null
2025-07-06T08:06:08.074866Z [bottleCapsMBA.local] [Test worker] INFO c.f.i.db.DatabaseImpl - set database connection url, url=jdbc:hsqldb:mem:.;sql.syntax_mys=true
2025-07-06T08:06:08.178350Z [bottleCapsMBA.local] [Test worker] INFO c.f.i.db.DatabaseImpl - register db entity, entityClass=core.framework.test.db.TestDBEntity, elapsed=94248167
2025-07-06T08:06:08.211154Z [bottleCapsMBA.local] [Test worker] INFO c.f.i.db.DatabaseImpl - register db entity, entityClass=core.framework.test.db.TestDBEntityWithJSON, elapsed=31979625
2025-07-06T08:06:08.213873Z [bottleCapsMBA.local] [Test worker] INFO c.f.i.db.DatabaseImpl - register db view, viewClass=core.framework.test.db.TestDBView, elapsed=2527375
2025-07-06T08:06:08.218100Z [bottleCapsMBA.local] [Test worker] INFO c.f.i.db.DatabaseImpl - register db view, viewClass=core.framework.test.db.TestDBProjection, elapsed=4088292
2025-07-06T08:06:08.922838Z [bottleCapsMBA.local] [Test worker] INFO c.f.t.db.EntitySchemaGenerator - create schema, entityClass=core.framework.test.db.TestDBEntity, sql=[CREATE TABLE test_entity (id VARCHAR(500), int_field INT, string_field VARCHAR(500), date_time_field TIMESTAMP, date_field DATE, zoned_date_time_field TIMESTAMP, double_field DOUBLE, enum_field VARCHAR(100), bool_field BIT(1), PRIMARY KEY(id))], elapsed=701689417
2025-07-06T08:06:08.923357Z [bottleCapsMBA.local] [Test worker] INFO c.f.t.db.EntitySchemaGenerator - create schema, entityClass=core.framework.test.db.TestDBEntityWithJSON, sql=[CREATE TABLE test_entity_with_json (id VARCHAR(500), json LONGVARCHAR, enum_list LONGVARCHAR, int_list LONGVARCHAR, PRIMARY KEY(id))], elapsed=310625
2025-07-06T08:06:08.933216Z [bottleCapsMBA.local] [Test worker] INFO c.f.i.w.route.Route - route, method=POST, path=/_sys/kafka/topic/:topic/key/:key/handle, controller=core.framework.internal.web.sys.KafkaController.handle
2025-07-06T08:06:08.934138Z [bottleCapsMBA.local] [Test worker] INFO c.f.m.KafkaConfig - publish, topic=topic, messageClass=core.framework.test.kafka.TestMessage, name=null
2025-07-06T08:06:08.986745Z [bottleCapsMBA.local] [Test worker] INFO c.f.m.KafkaConfig - subscribe, topic=topic1, messageClass=core.framework.test.kafka.TestMessage, handlerClass=null, name=null
2025-07-06T08:06:09.076104Z [bottleCapsMBA.local] [Test worker] INFO c.f.m.KafkaConfig - subscribe, topic=topic2, messageClass=core.framework.test.kafka.TestMessage, handlerClass=null, name=null
2025-07-06T08:06:09.086347Z [bottleCapsMBA.local] [Test worker] INFO c.f.i.w.route.Route - route, method=GET, path=/_sys/cache, controller=core.framework.internal.web.sys.CacheController.list
2025-07-06T08:06:09.086863Z [bottleCapsMBA.local] [Test worker] INFO c.f.i.w.route.Route - route, method=GET, path=/_sys/cache/:name/:key, controller=core.framework.internal.web.sys.CacheController.get
2025-07-06T08:06:09.087149Z [bottleCapsMBA.local] [Test worker] INFO c.f.i.w.route.Route - route, method=DELETE, path=/_sys/cache/:name/:key, controller=core.framework.internal.web.sys.CacheController.delete
2025-07-06T08:06:09.087250Z [bottleCapsMBA.local] [Test worker] INFO c.f.m.CacheConfig - create local cache store
2025-07-06T08:06:09.089133Z [bottleCapsMBA.local] [Test worker] INFO c.f.m.CacheConfig - add cache, class=core.framework.test.db.TestDBEntity, duration=PT6H
2025-07-06T08:06:09.160417Z [bottleCapsMBA.local] [Test worker] INFO c.f.m.AccessConfig - allow http access, cidrs=[0.0.0.0/0]
2025-07-06T08:06:09.162806Z [bottleCapsMBA.local] [Test worker] INFO c.f.m.AccessConfig - deny http access, cidrs=[10.0.0.0/24]
2025-07-06T08:06:09.167202Z [bottleCapsMBA.local] [Test worker] INFO c.f.m.SessionConfig - create local session store
2025-07-06T08:06:09.168513Z [bottleCapsMBA.local] [Test worker] INFO c.f.i.template.CDNManager - set cdn host, host=//cdn
2025-07-06T08:06:09.169611Z [bottleCapsMBA.local] [Test worker] INFO c.f.m.SiteConfig - allow /_sys/api access, cidrs=[0.0.0.0/0]
2025-07-06T08:06:09.169757Z [bottleCapsMBA.local] [Test worker] INFO c.f.i.w.site.MessageImpl - load message properties, path=messages/messages.properties
2025-07-06T08:06:09.173809Z [bottleCapsMBA.local] [Test worker] INFO c.f.h.HTTPClientBuilder - create http client, elapsed=769084
2025-07-06T08:06:09.176978Z [bottleCapsMBA.local] [Test worker] INFO c.f.m.APIConfig - create web service client, interface=core.framework.test.web.TestWebService, serviceURL=https://localhost:8443
2025-07-06T08:06:09.244367Z [bottleCapsMBA.local] [Test worker] INFO c.f.i.w.route.Route - route, method=GET, path=/_sys/job, controller=core.framework.internal.web.sys.SchedulerController.jobs
2025-07-06T08:06:09.244734Z [bottleCapsMBA.local] [Test worker] INFO c.f.i.w.route.Route - route, method=POST, path=/_sys/job/:job, controller=core.framework.internal.web.sys.SchedulerController.triggerJob
2025-07-06T08:06:09.247960Z [bottleCapsMBA.local] [Test worker] INFO c.f.m.ExecutorConfig - create executor, name=null, poolSize=16
2025-07-06T08:06:09.248119Z [bottleCapsMBA.local] [Test worker] INFO c.f.m.ExecutorConfig - create executor, name=name, poolSize=1
]]></system-out>
  <system-err><![CDATA[]]></system-err>
</testsuite>
