<?xml version="1.0" encoding="UTF-8"?>
<testsuite name="core.framework.module.TestRedisConfigTest" tests="1" skipped="0" failures="0" errors="0" timestamp="2025-07-06T08:06:04" hostname="bottleCapsMBA.local" time="0.037">
  <properties/>
  <testcase name="createRedis()" classname="core.framework.module.TestRedisConfigTest" time="0.037"/>
  <system-out><![CDATA[]]></system-out>
  <system-err><![CDATA[]]></system-err>
</testsuite>
