<?xml version="1.0" encoding="UTF-8"?>
<testsuite name="core.framework.test.redis.MockRedisTest" tests="9" skipped="0" failures="0" errors="0" timestamp="2025-07-06T08:06:09" hostname="bottleCapsMBA.local" time="0.005">
  <properties/>
  <testcase name="setIfAbsent()" classname="core.framework.test.redis.MockRedisTest" time="0.0"/>
  <testcase name="expire()" classname="core.framework.test.redis.MockRedisTest" time="0.0"/>
  <testcase name="forEach()" classname="core.framework.test.redis.MockRedisTest" time="0.0"/>
  <testcase name="del()" classname="core.framework.test.redis.MockRedisTest" time="0.001"/>
  <testcase name="get()" classname="core.framework.test.redis.MockRedisTest" time="0.0"/>
  <testcase name="set()" classname="core.framework.test.redis.MockRedisTest" time="0.0"/>
  <testcase name="multiGet()" classname="core.framework.test.redis.MockRedisTest" time="0.0"/>
  <testcase name="multiSet()" classname="core.framework.test.redis.MockRedisTest" time="0.001"/>
  <testcase name="increaseBy()" classname="core.framework.test.redis.MockRedisTest" time="0.0"/>
  <system-out><![CDATA[]]></system-out>
  <system-err><![CDATA[]]></system-err>
</testsuite>
