<?xml version="1.0" encoding="UTF-8"?>
<testsuite name="core.framework.mongo.impl.EntityIdHandlerBuilderTest" tests="3" skipped="0" failures="0" errors="0" timestamp="2025-07-02T02:51:20" hostname="bottleCapsMBA.local" time="0.002">
  <properties/>
  <testcase name="sourceCode()" classname="core.framework.mongo.impl.EntityIdHandlerBuilderTest" time="0.001"/>
  <testcase name="get()" classname="core.framework.mongo.impl.EntityIdHandlerBuilderTest" time="0.0"/>
  <testcase name="set()" classname="core.framework.mongo.impl.EntityIdHandlerBuilderTest" time="0.001"/>
  <system-out><![CDATA[]]></system-out>
  <system-err><![CDATA[]]></system-err>
</testsuite>
