<?xml version="1.0" encoding="UTF-8"?>
<testsuite name="core.framework.mongo.impl.EntityDecoderBuilderTest" tests="2" skipped="0" failures="0" errors="0" timestamp="2025-07-02T02:51:19" hostname="bottleCapsMBA.local" time="0.093">
  <properties/>
  <testcase name="decode()" classname="core.framework.mongo.impl.EntityDecoderBuilderTest" time="0.091"/>
  <testcase name="sourceCode()" classname="core.framework.mongo.impl.EntityDecoderBuilderTest" time="0.002"/>
  <system-out><![CDATA[]]></system-out>
  <system-err><![CDATA[]]></system-err>
</testsuite>
