<?xml version="1.0" encoding="UTF-8"?>
<testsuite name="core.framework.mongo.module.MongoConfigTest" tests="3" skipped="0" failures="0" errors="0" timestamp="2025-07-02T02:51:22" hostname="bottleCapsMBA.local" time="0.206">
  <properties/>
  <testcase name="validate()" classname="core.framework.mongo.module.MongoConfigTest" time="0.004"/>
  <testcase name="addProbe()" classname="core.framework.mongo.module.MongoConfigTest" time="0.196"/>
  <testcase name="uri()" classname="core.framework.mongo.module.MongoConfigTest" time="0.003"/>
  <system-out><![CDATA[]]></system-out>
  <system-err><![CDATA[]]></system-err>
</testsuite>
