<?xml version="1.0" encoding="UTF-8"?>
<testsuite name="core.framework.mongo.impl.LocalDateCodecTest" tests="1" skipped="0" failures="0" errors="0" timestamp="2025-07-02T02:51:20" hostname="bottleCapsMBA.local" time="0.001">
  <properties/>
  <testcase name="readWithInvalidDate()" classname="core.framework.mongo.impl.LocalDateCodecTest" time="0.001"/>
  <system-out><![CDATA[]]></system-out>
  <system-err><![CDATA[2025-07-02T02:51:20.185510Z [bottleCapsMBA.local] [Test worker] WARN c.f.m.impl.LocalDateCodec - invalid local date format, field=date, value=2022
]]></system-err>
</testsuite>
