<?xml version="1.0" encoding="UTF-8"?>
<testsuite name="core.framework.mongo.impl.EntityEncoderBuilderTest" tests="2" skipped="0" failures="0" errors="0" timestamp="2025-07-02T02:51:20" hostname="bottleCapsMBA.local" time="0.014">
  <properties/>
  <testcase name="encode()" classname="core.framework.mongo.impl.EntityEncoderBuilderTest" time="0.01"/>
  <testcase name="sourceCode()" classname="core.framework.mongo.impl.EntityEncoderBuilderTest" time="0.003"/>
  <system-out><![CDATA[]]></system-out>
  <system-err><![CDATA[]]></system-err>
</testsuite>
