<?xml version="1.0" encoding="UTF-8"?>
<testsuite name="core.framework.mongo.impl.EntityCodecTest" tests="3" skipped="0" failures="0" errors="0" timestamp="2025-07-02T02:51:19" hostname="bottleCapsMBA.local" time="0.015">
  <properties/>
  <testcase name="generateIdIfAbsentFromDocument()" classname="core.framework.mongo.impl.EntityCodecTest" time="0.007"/>
  <testcase name="getDocumentId()" classname="core.framework.mongo.impl.EntityCodecTest" time="0.004"/>
  <testcase name="documentHasId()" classname="core.framework.mongo.impl.EntityCodecTest" time="0.002"/>
  <system-out><![CDATA[]]></system-out>
  <system-err><![CDATA[]]></system-err>
</testsuite>
