<?xml version="1.0" encoding="UTF-8"?>
<testsuite name="app.monitor.channel.SlackClientTest" tests="4" skipped="0" failures="0" errors="0" timestamp="2025-07-06T08:06:45" hostname="bottleCapsMBA.local" time="0.048">
  <properties/>
  <testcase name="send()" classname="app.monitor.channel.SlackClientTest" time="0.041"/>
  <testcase name="color()" classname="app.monitor.channel.SlackClientTest" time="0.0"/>
  <testcase name="message()" classname="app.monitor.channel.SlackClientTest" time="0.001"/>
  <testcase name="request()" classname="app.monitor.channel.SlackClientTest" time="0.003"/>
  <system-out><![CDATA[]]></system-out>
  <system-err><![CDATA[]]></system-err>
</testsuite>
