<?xml version="1.0" encoding="UTF-8"?>
<testsuite name="app.monitor.kafka.StatMessageHandlerTest" tests="2" skipped="0" failures="0" errors="0" timestamp="2025-07-06T08:06:45" hostname="bottleCapsMBA.local" time="0.002">
  <properties/>
  <testcase name="handle()" classname="app.monitor.kafka.StatMessageHandlerTest" time="0.001"/>
  <testcase name="handleOKAction()" classname="app.monitor.kafka.StatMessageHandlerTest" time="0.0"/>
  <system-out><![CDATA[]]></system-out>
  <system-err><![CDATA[]]></system-err>
</testsuite>
