<?xml version="1.0" encoding="UTF-8"?>
<testsuite name="app.monitor.alert.AlertServiceTest" tests="7" skipped="0" failures="0" errors="0" timestamp="2025-07-06T08:06:45" hostname="bottleCapsMBA.local" time="0.098">
  <properties/>
  <testcase name="processWithEventError()" classname="app.monitor.alert.AlertServiceTest" time="0.074"/>
  <testcase name="checkWithCriticalError()" classname="app.monitor.alert.AlertServiceTest" time="0.004"/>
  <testcase name="processWithIgnoredWarning()" classname="app.monitor.alert.AlertServiceTest" time="0.002"/>
  <testcase name="check()" classname="app.monitor.alert.AlertServiceTest" time="0.002"/>
  <testcase name="processWithProductError()" classname="app.monitor.alert.AlertServiceTest" time="0.004"/>
  <testcase name="processWithError()" classname="app.monitor.alert.AlertServiceTest" time="0.002"/>
  <testcase name="alertKey()" classname="app.monitor.alert.AlertServiceTest" time="0.006"/>
  <system-out><![CDATA[]]></system-out>
  <system-err><![CDATA[]]></system-err>
</testsuite>
