<?xml version="1.0" encoding="UTF-8"?>
<testsuite name="app.monitor.api.APIValidatorTest" tests="10" skipped="0" failures="0" errors="0" timestamp="2025-07-06T08:06:45" hostname="bottleCapsMBA.local" time="0.047">
  <properties/>
  <testcase name="addNotNullField()" classname="app.monitor.api.APIValidatorTest" time="0.029"/>
  <testcase name="removeMethod()" classname="app.monitor.api.APIValidatorTest" time="0.004"/>
  <testcase name="rename()" classname="app.monitor.api.APIValidatorTest" time="0.002"/>
  <testcase name="deprecateMethod()" classname="app.monitor.api.APIValidatorTest" time="0.002"/>
  <testcase name="removeField()" classname="app.monitor.api.APIValidatorTest" time="0.001"/>
  <testcase name="changeEnumValue()" classname="app.monitor.api.APIValidatorTest" time="0.001"/>
  <testcase name="noChange()" classname="app.monitor.api.APIValidatorTest" time="0.002"/>
  <testcase name="removeDeprecatedMethod()" classname="app.monitor.api.APIValidatorTest" time="0.002"/>
  <testcase name="changeResponseType()" classname="app.monitor.api.APIValidatorTest" time="0.001"/>
  <testcase name="changeFieldType()" classname="app.monitor.api.APIValidatorTest" time="0.002"/>
  <system-out><![CDATA[]]></system-out>
  <system-err><![CDATA[]]></system-err>
</testsuite>
