<?xml version="1.0" encoding="UTF-8"?>
<testsuite name="app.monitor.job.ElasticSearchClientTest" tests="1" skipped="0" failures="0" errors="0" timestamp="2025-07-06T08:06:45" hostname="bottleCapsMBA.local" time="0.022">
  <properties/>
  <testcase name="parseResponse()" classname="app.monitor.job.ElasticSearchClientTest" time="0.022"/>
  <system-out><![CDATA[2025-07-06T08:06:45.458750Z [bottleCapsMBA.local] [Test worker] INFO c.f.h.HTTPClientBuilder - create http client, elapsed=408667
]]></system-out>
  <system-err><![CDATA[]]></system-err>
</testsuite>
