<?xml version="1.0" encoding="UTF-8"?>
<testsuite name="app.monitor.channel.ChannelManagerTest" tests="3" skipped="0" failures="0" errors="0" timestamp="2025-07-06T08:06:45" hostname="bottleCapsMBA.local" time="0.082">
  <properties/>
  <testcase name="notifyWithDefaultChannel()" classname="app.monitor.channel.ChannelManagerTest" time="0.068"/>
  <testcase name="notifyWithPagerChannel()" classname="app.monitor.channel.ChannelManagerTest" time="0.002"/>
  <testcase name="parseChannelURI()" classname="app.monitor.channel.ChannelManagerTest" time="0.01"/>
  <system-out><![CDATA[]]></system-out>
  <system-err><![CDATA[]]></system-err>
</testsuite>
