<?xml version="1.0" encoding="UTF-8"?>
<testsuite name="app.monitor.job.JMXClientTest" tests="2" skipped="0" failures="0" errors="0" timestamp="2025-07-06T08:06:45" hostname="bottleCapsMBA.local" time="0.04">
  <properties/>
  <testcase name="check()" classname="app.monitor.job.JMXClientTest" time="0.038"/>
  <testcase name="checkWithTerminatedConnector()" classname="app.monitor.job.JMXClientTest" time="0.001"/>
  <system-out><![CDATA[]]></system-out>
  <system-err><![CDATA[]]></system-err>
</testsuite>
