<?xml version="1.0" encoding="UTF-8"?>
<testsuite name="core.log.service.ArchiveServiceTest" tests="5" skipped="0" failures="0" errors="0" timestamp="2025-07-06T08:06:22" hostname="bottleCapsMBA.local" time="0.033">
  <properties/>
  <testcase name="traceArchivePath()" classname="core.log.service.ArchiveServiceTest" time="0.007"/>
  <testcase name="cleanupArchive()" classname="core.log.service.ArchiveServiceTest" time="0.019"/>
  <testcase name="eventPath()" classname="core.log.service.ArchiveServiceTest" time="0.001"/>
  <testcase name="uploadActionLog()" classname="core.log.service.ArchiveServiceTest" time="0.001"/>
  <testcase name="actionLogPath()" classname="core.log.service.ArchiveServiceTest" time="0.001"/>
  <system-out><![CDATA[2025-07-06T08:06:22.377106Z [bottleCapsMBA.local] [Test worker] INFO c.l.s.Shell - execute command, command=rm -f /var/folders/4z/jg7yjp515zb48mnj6gtdkhxc0000gn/T/5a26f0ad-620a-4c96-a9b1-a86a4cb9d4f4/action/2025/action-2025-07-06-90fa6.ndjson, elapsed=PT0.007454875S
2025-07-06T08:06:22.381541Z [bottleCapsMBA.local] [Test worker] INFO c.l.s.Shell - execute command, command=rm -f /var/folders/4z/jg7yjp515zb48mnj6gtdkhxc0000gn/T/5a26f0ad-620a-4c96-a9b1-a86a4cb9d4f4/event/2025/event-2025-07-06-90fa6.ndjson, elapsed=PT0.004072333S
2025-07-06T08:06:22.387089Z [bottleCapsMBA.local] [Test worker] INFO c.l.s.Shell - execute command, command=rm -rf /var/folders/4z/jg7yjp515zb48mnj6gtdkhxc0000gn/T/5a26f0ad-620a-4c96-a9b1-a86a4cb9d4f4/trace/2025-07-06, elapsed=PT0.005272459S
]]></system-out>
  <system-err><![CDATA[]]></system-err>
</testsuite>
