<?xml version="1.0" encoding="UTF-8"?>
<testsuite name="core.log.job.ProcessLogJobTest" tests="1" skipped="0" failures="0" errors="0" timestamp="2025-07-06T08:06:20" hostname="bottleCapsMBA.local" time="1.468">
  <properties/>
  <testcase name="execute()" classname="core.log.job.ProcessLogJobTest" time="1.468"/>
  <system-out><![CDATA[]]></system-out>
  <system-err><![CDATA[]]></system-err>
</testsuite>
