<?xml version="1.0" encoding="UTF-8"?>
<testsuite name="core.log.ConfigTest" tests="1" skipped="0" failures="0" errors="0" timestamp="2025-07-06T08:06:20" hostname="bottleCapsMBA.local" time="0.192">
  <properties/>
  <testcase name="conf()" classname="core.log.ConfigTest" time="0.192"/>
  <system-out><![CDATA[2025-07-06T08:06:19.287024Z [bottleCapsMBA.local] [Test worker] INFO c.f.i.log.LogManager - not found -Dcore.appName, this should only happen in local dev env or test, use "local" as appName
2025-07-06T08:06:19.296550Z [bottleCapsMBA.local] [Test worker] INFO c.f.t.module.AbstractTestModule - initialize test context
2025-07-06T08:06:19.354773Z [bottleCapsMBA.local] [Test worker] INFO c.f.w.site.WebDirectory - can not locate web directory
2025-07-06T08:06:20.210089Z [bottleCapsMBA.local] [Test worker] INFO c.f.i.w.route.Route - route, method=GET, path=/_sys/vm, controller=core.framework.internal.web.sys.DiagnosticController.vm
2025-07-06T08:06:20.211500Z [bottleCapsMBA.local] [Test worker] INFO c.f.i.w.route.Route - route, method=GET, path=/_sys/thread, controller=core.framework.internal.web.sys.DiagnosticController.thread
2025-07-06T08:06:20.211719Z [bottleCapsMBA.local] [Test worker] INFO c.f.i.w.route.Route - route, method=GET, path=/_sys/heap, controller=core.framework.internal.web.sys.DiagnosticController.heap
2025-07-06T08:06:20.212341Z [bottleCapsMBA.local] [Test worker] INFO c.f.i.w.route.Route - route, method=GET, path=/_sys/proc, controller=core.framework.internal.web.sys.DiagnosticController.proc
2025-07-06T08:06:20.214657Z [bottleCapsMBA.local] [Test worker] INFO c.f.i.w.route.Route - route, method=GET, path=/_sys/property, controller=core.framework.internal.web.sys.PropertyController.execute
2025-07-06T08:06:20.214872Z [bottleCapsMBA.local] [Test worker] INFO c.f.i.w.route.Route - route, method=GET, path=/_sys/api, controller=null.execute
2025-07-06T08:06:20.217325Z [bottleCapsMBA.local] [Test worker] INFO c.f.i.w.route.Route - route, method=GET, path=/_sys/api/message, controller=null.execute
2025-07-06T08:06:20.218611Z [bottleCapsMBA.local] [Test worker] INFO c.f.t.module.AbstractTestModule - initialize application
2025-07-06T08:06:20.219748Z [bottleCapsMBA.local] [Test worker] INFO c.f.m.Module - load module, module=core.log.LogExporterApp
2025-07-06T08:06:20.220070Z [bottleCapsMBA.local] [Test worker] INFO c.f.m.Module - load properties, classpath=sys.properties
2025-07-06T08:06:20.221401Z [bottleCapsMBA.local] [Test worker] INFO c.f.m.Module - load properties, classpath=app.properties
2025-07-06T08:06:20.237053Z [bottleCapsMBA.local] [Test worker] INFO c.f.i.w.route.Route - route, method=POST, path=/_sys/kafka/topic/:topic/key/:key/handle, controller=core.framework.internal.web.sys.KafkaController.handle
2025-07-06T08:06:20.260111Z [bottleCapsMBA.local] [Test worker] INFO c.f.m.KafkaConfig - subscribe, topic=action-log-v2, messageClass=core.framework.log.message.ActionLogMessage, handlerClass=core.log.kafka.ActionLogMessageHandler, name=null
2025-07-06T08:06:20.386226Z [bottleCapsMBA.local] [Test worker] INFO c.f.m.KafkaConfig - subscribe, topic=event, messageClass=core.framework.log.message.EventMessage, handlerClass=core.log.kafka.EventMessageHandler, name=null
2025-07-06T08:06:20.400605Z [bottleCapsMBA.local] [Test worker] INFO c.f.i.w.route.Route - route, method=GET, path=/_sys/job, controller=core.framework.internal.web.sys.SchedulerController.jobs
2025-07-06T08:06:20.400879Z [bottleCapsMBA.local] [Test worker] INFO c.f.i.w.route.Route - route, method=POST, path=/_sys/job/:job, controller=core.framework.internal.web.sys.SchedulerController.triggerJob
2025-07-06T08:06:20.402657Z [bottleCapsMBA.local] [Test worker] INFO c.f.m.ExecutorConfig - create executor, name=null, poolSize=1
2025-07-06T08:06:20.403292Z [bottleCapsMBA.local] [Test worker] INFO c.f.m.HTTPConfig - register bean, class=core.log.web.UploadRequest
2025-07-06T08:06:20.610604Z [bottleCapsMBA.local] [Test worker] INFO c.f.i.w.route.Route - route, method=PUT, path=/log/upload, controller=core.log.web.UploadController.execute
]]></system-out>
  <system-err><![CDATA[]]></system-err>
</testsuite>
