<?xml version="1.0" encoding="UTF-8"?>
<testsuite name="core.log.service.ShellTest" tests="2" skipped="0" failures="0" errors="0" timestamp="2025-07-06T08:06:22" hostname="bottleCapsMBA.local" time="0.02">
  <properties/>
  <testcase name="execute()" classname="core.log.service.ShellTest" time="0.014"/>
  <testcase name="executeInvalidCommand()" classname="core.log.service.ShellTest" time="0.006"/>
  <system-out><![CDATA[2025-07-06T08:06:22.400187Z [bottleCapsMBA.local] [Test worker] INFO c.l.s.Shell - execute command, command=ls, elapsed=PT0.005397917S
2025-07-06T08:06:22.405074Z [bottleCapsMBA.local] [Test worker] INFO c.l.s.Shell - execute command, command=ls /invalid, elapsed=PT0.003962584S
2025-07-06T08:06:22.413602Z [bottleCapsMBA.local] [Test worker] INFO c.l.s.Shell - execute command, command=invalid_command, elapsed=PT0.004572125S
]]></system-out>
  <system-err><![CDATA[]]></system-err>
</testsuite>
