<?xml version="1.0" encoding="UTF-8"?>
<testsuite name="core.framework.mongo.impl.MongoIntegrationTest" tests="4" skipped="0" failures="0" errors="0" timestamp="2025-07-02T02:51:30" hostname="bottleCapsMBA.local" time="0.063">
  <properties/>
  <testcase name="runCommand()" classname="core.framework.mongo.impl.MongoIntegrationTest" time="0.009"/>
  <testcase name="dropIndex()" classname="core.framework.mongo.impl.MongoIntegrationTest" time="0.037"/>
  <testcase name="createIndex()" classname="core.framework.mongo.impl.MongoIntegrationTest" time="0.004"/>
  <testcase name="runAdminCommand()" classname="core.framework.mongo.impl.MongoIntegrationTest" time="0.009"/>
  <system-out><![CDATA[2025-07-02T02:51:30.257070Z [bottleCapsMBA.local] [Test worker] INFO c.f.m.impl.MongoImpl - runCommand, command=Document{{buildInfo=1}}, elapsed=5764250
2025-07-02T02:51:30.263208Z [bottleCapsMBA.local] [mongo-server-worker5] INFO d.b.m.backend.AbstractMongoDatabase - adding unique _id index for collection entity
2025-07-02T02:51:30.263829Z [bottleCapsMBA.local] [mongo-server-worker5] INFO d.b.m.backend.AbstractMongoDatabase - created collection test.entity
2025-07-02T02:51:30.267488Z [bottleCapsMBA.local] [Test worker] INFO c.f.m.impl.MongoImpl - createIndex, collection=entity, keys={"zoned_date_time_field": 1}, options=IndexOptions{background=false, unique=false, name='null', sparse=false, expireAfterSeconds=null, version=null, weights=null, defaultLanguage='null', languageOverride='null', textVersion=null, sphereVersion=null, bits=null, min=null, max=null, bucketSize=null, storageEngine=null, partialFilterExpression=null, collation=null, wildcardProjection=null, hidden=false}, elapsed=8320791
2025-07-02T02:51:30.272986Z [bottleCapsMBA.local] [Test worker] INFO c.f.m.impl.MongoImpl - dropIndex, collection=entity, keys={"zoned_date_time_field": 1}, deleted=true, elapsed=5095166
2025-07-02T02:51:30.294492Z [bottleCapsMBA.local] [Test worker] INFO c.f.m.impl.MongoImpl - dropIndex, collection=entity, keys={"zoned_date_time_field": 1}, deleted=false, elapsed=21075667
2025-07-02T02:51:30.300552Z [bottleCapsMBA.local] [Test worker] INFO c.f.m.impl.MongoImpl - createIndex, collection=entity, keys={"string_field": 1}, options=IndexOptions{background=false, unique=false, name='null', sparse=false, expireAfterSeconds=null, version=null, weights=null, defaultLanguage='null', languageOverride='null', textVersion=null, sphereVersion=null, bits=null, min=null, max=null, bucketSize=null, storageEngine=null, partialFilterExpression=null, collation=null, wildcardProjection=null, hidden=false}, elapsed=3133084
2025-07-02T02:51:30.310207Z [bottleCapsMBA.local] [Test worker] INFO c.f.m.impl.MongoImpl - runAdminCommand, command=Document{{serverStatus=1}}, elapsed=7096167
]]></system-out>
  <system-err><![CDATA[2025-07-02T02:51:30.264041Z [bottleCapsMBA.local] [mongo-server-worker5] WARN d.b.m.backend.AbstractMongoDatabase - adding secondary index with keys [IndexKey[key=zoned_date_time_field ASC]] is not yet implemented. ignoring
2025-07-02T02:51:30.281316Z [bottleCapsMBA.local] [mongo-server-worker5] ERROR d.b.m.wire.MongoWireProtocolHandler - failed to handle {"dropIndexes" : "entity", "index" : {"zoned_date_time_field" : 1}, "$db" : "test"}
de.bwaldvogel.mongo.exception.IndexNotFoundException: [Error 27] can't find index with key: { zoned_date_time_field: 1 }
	at de.bwaldvogel.mongo.backend.AbstractMongoDatabase.lambda$dropIndexes$4(AbstractMongoDatabase.java:443)
	at de.bwaldvogel.mongo.backend.CollectionUtils.getSingleElement(CollectionUtils.java:31)
	at de.bwaldvogel.mongo.backend.AbstractMongoDatabase.dropIndexes(AbstractMongoDatabase.java:442)
	at de.bwaldvogel.mongo.backend.AbstractMongoDatabase.commandDropIndexes(AbstractMongoDatabase.java:419)
	at de.bwaldvogel.mongo.backend.AbstractMongoDatabase.handleCommand(AbstractMongoDatabase.java:145)
	at de.bwaldvogel.mongo.backend.AbstractMongoBackend.handleCommand(AbstractMongoBackend.java:339)
	at de.bwaldvogel.mongo.backend.AbstractMongoBackend.handleMessage(AbstractMongoBackend.java:412)
	at de.bwaldvogel.mongo.wire.MongoDatabaseHandler.handleMessage(MongoDatabaseHandler.java:73)
	at de.bwaldvogel.mongo.wire.MongoDatabaseHandler.channelRead0(MongoDatabaseHandler.java:62)
	at de.bwaldvogel.mongo.wire.MongoDatabaseHandler.channelRead0(MongoDatabaseHandler.java:27)
	at io.netty.channel.SimpleChannelInboundHandler.channelRead(SimpleChannelInboundHandler.java:99)
	at io.netty.channel.AbstractChannelHandlerContext.invokeChannelRead(AbstractChannelHandlerContext.java:444)
	at io.netty.channel.AbstractChannelHandlerContext.invokeChannelRead(AbstractChannelHandlerContext.java:420)
	at io.netty.channel.AbstractChannelHandlerContext.fireChannelRead(AbstractChannelHandlerContext.java:412)
	at io.netty.handler.codec.ByteToMessageDecoder.fireChannelRead(ByteToMessageDecoder.java:346)
	at io.netty.handler.codec.ByteToMessageDecoder.channelRead(ByteToMessageDecoder.java:318)
	at io.netty.channel.AbstractChannelHandlerContext.invokeChannelRead(AbstractChannelHandlerContext.java:444)
	at io.netty.channel.AbstractChannelHandlerContext.invokeChannelRead(AbstractChannelHandlerContext.java:420)
	at io.netty.channel.AbstractChannelHandlerContext.fireChannelRead(AbstractChannelHandlerContext.java:412)
	at io.netty.channel.DefaultChannelPipeline$HeadContext.channelRead(DefaultChannelPipeline.java:1410)
	at io.netty.channel.AbstractChannelHandlerContext.invokeChannelRead(AbstractChannelHandlerContext.java:440)
	at io.netty.channel.AbstractChannelHandlerContext.invokeChannelRead(AbstractChannelHandlerContext.java:420)
	at io.netty.channel.DefaultChannelPipeline.fireChannelRead(DefaultChannelPipeline.java:919)
	at io.netty.channel.nio.AbstractNioByteChannel$NioByteUnsafe.read(AbstractNioByteChannel.java:166)
	at io.netty.channel.nio.NioEventLoop.processSelectedKey(NioEventLoop.java:788)
	at io.netty.channel.nio.NioEventLoop.processSelectedKeysOptimized(NioEventLoop.java:724)
	at io.netty.channel.nio.NioEventLoop.processSelectedKeys(NioEventLoop.java:650)
	at io.netty.channel.nio.NioEventLoop.run(NioEventLoop.java:562)
	at io.netty.util.concurrent.SingleThreadEventExecutor$4.run(SingleThreadEventExecutor.java:997)
	at io.netty.util.internal.ThreadExecutorMap$2.run(ThreadExecutorMap.java:74)
	at java.base/java.lang.Thread.run(Thread.java:840)
2025-07-02T02:51:30.299211Z [bottleCapsMBA.local] [mongo-server-worker5] WARN d.b.m.backend.AbstractMongoDatabase - adding secondary index with keys [IndexKey[key=string_field ASC]] is not yet implemented. ignoring
]]></system-err>
</testsuite>
