<?xml version="1.0" encoding="UTF-8"?>
<testsuite name="core.framework.mongo.impl.MongoCollectionIntegrationTest" tests="14" skipped="0" failures="0" errors="0" timestamp="2025-07-02T02:51:29" hostname="bottleCapsMBA.local" time="0.81">
  <properties/>
  <testcase name="delete()" classname="core.framework.mongo.impl.MongoCollectionIntegrationTest" time="0.383"/>
  <testcase name="bulkDelete()" classname="core.framework.mongo.impl.MongoCollectionIntegrationTest" time="0.03"/>
  <testcase name="insert()" classname="core.framework.mongo.impl.MongoCollectionIntegrationTest" time="0.037"/>
  <testcase name="bulkInsert()" classname="core.framework.mongo.impl.MongoCollectionIntegrationTest" time="0.063"/>
  <testcase name="deleteByFilter()" classname="core.framework.mongo.impl.MongoCollectionIntegrationTest" time="0.022"/>
  <testcase name="findOne()" classname="core.framework.mongo.impl.MongoCollectionIntegrationTest" time="0.018"/>
  <testcase name="update()" classname="core.framework.mongo.impl.MongoCollectionIntegrationTest" time="0.037"/>
  <testcase name="forEach()" classname="core.framework.mongo.impl.MongoCollectionIntegrationTest" time="0.026"/>
  <testcase name="findByEnum()" classname="core.framework.mongo.impl.MongoCollectionIntegrationTest" time="0.018"/>
  <testcase name="find()" classname="core.framework.mongo.impl.MongoCollectionIntegrationTest" time="0.015"/>
  <testcase name="count()" classname="core.framework.mongo.impl.MongoCollectionIntegrationTest" time="0.07"/>
  <testcase name="aggregate()" classname="core.framework.mongo.impl.MongoCollectionIntegrationTest" time="0.019"/>
  <testcase name="replace()" classname="core.framework.mongo.impl.MongoCollectionIntegrationTest" time="0.021"/>
  <testcase name="bulkReplace()" classname="core.framework.mongo.impl.MongoCollectionIntegrationTest" time="0.031"/>
  <system-out><![CDATA[2025-07-02T02:51:27.188085Z [bottleCapsMBA.local] [Test worker] INFO c.f.i.log.LogManager - not found -Dcore.appName, this should only happen in local dev env or test, use "local" as appName
2025-07-02T02:51:27.198723Z [bottleCapsMBA.local] [Test worker] INFO c.f.t.module.AbstractTestModule - initialize test context
2025-07-02T02:51:27.327067Z [bottleCapsMBA.local] [Test worker] INFO c.f.w.site.WebDirectory - can not locate web directory
2025-07-02T02:51:28.138849Z [bottleCapsMBA.local] [Test worker] INFO c.f.i.w.route.Route - route, method=GET, path=/_sys/vm, controller=core.framework.internal.web.sys.DiagnosticController.vm
2025-07-02T02:51:28.139781Z [bottleCapsMBA.local] [Test worker] INFO c.f.i.w.route.Route - route, method=GET, path=/_sys/thread, controller=core.framework.internal.web.sys.DiagnosticController.thread
2025-07-02T02:51:28.140041Z [bottleCapsMBA.local] [Test worker] INFO c.f.i.w.route.Route - route, method=GET, path=/_sys/heap, controller=core.framework.internal.web.sys.DiagnosticController.heap
2025-07-02T02:51:28.140606Z [bottleCapsMBA.local] [Test worker] INFO c.f.i.w.route.Route - route, method=GET, path=/_sys/proc, controller=core.framework.internal.web.sys.DiagnosticController.proc
2025-07-02T02:51:28.141214Z [bottleCapsMBA.local] [Test worker] INFO c.f.i.w.route.Route - route, method=GET, path=/_sys/property, controller=core.framework.internal.web.sys.PropertyController.execute
2025-07-02T02:51:28.141509Z [bottleCapsMBA.local] [Test worker] INFO c.f.i.w.route.Route - route, method=GET, path=/_sys/api, controller=null.execute
2025-07-02T02:51:28.142672Z [bottleCapsMBA.local] [Test worker] INFO c.f.i.w.route.Route - route, method=GET, path=/_sys/api/message, controller=null.execute
2025-07-02T02:51:28.143692Z [bottleCapsMBA.local] [Test worker] INFO c.f.t.module.AbstractTestModule - initialize application
2025-07-02T02:51:28.612122Z [bottleCapsMBA.local] [Test worker] INFO d.b.m.MongoServer - started MongoServer(port: 55382, ssl: false)
2025-07-02T02:51:29.060413Z [bottleCapsMBA.local] [Test worker] INFO c.f.m.impl.MongoImpl - register mongo entity, entityClass=core.framework.mongo.impl.TestMongoEntity, elapsed=406830000
2025-07-02T02:51:29.075197Z [bottleCapsMBA.local] [Test worker] INFO c.f.m.impl.MongoImpl - register mongo view, viewClass=core.framework.mongo.impl.TestMongoView, elapsed=12540250
2025-07-02T02:51:29.112999Z [bottleCapsMBA.local] [Test worker] INFO c.f.m.impl.MongoImpl - register mongo entity, entityClass=core.framework.mongo.impl.TestMongoEntity, elapsed=37091250
2025-07-02T02:51:29.389674Z [bottleCapsMBA.local] [Test worker] INFO o.m.d.client - MongoClient with metadata {"driver": {"name": "mongo-java-driver|sync", "version": "4.10.1"}, "os": {"type": "Darwin", "name": "Mac OS X", "architecture": "aarch64", "version": "15.5"}, "platform": "Java/Azul Systems, Inc./17.0.15+6-LTS", "application": {"name": "local"}} created with settings MongoClientSettings{readPreference=primary, writeConcern=WriteConcern{w=null, wTimeout=null ms, journal=null}, retryWrites=true, retryReads=true, readConcern=ReadConcern{level=null}, credential=null, streamFactoryFactory=null, commandListeners=[], codecRegistry=ProvidersCodecRegistry{codecProviders=[ProvidersCodecRegistry{codecProviders=[MapOfCodecsProvider{codecsMap={class java.time.LocalDateTime=core.framework.mongo.impl.LocalDateTimeCodec@4db16677, class core.framework.mongo.impl.TestMongoEntity$TestEnum=core.framework.mongo.impl.EnumCodec@6abb44cb, class java.time.ZonedDateTime=core.framework.mongo.impl.ZonedDateTimeCodec@41ddec69, class core.framework.mongo.impl.TestMongoEntity=core.framework.mongo.impl.EntityCodec@5e3cb58e, class core.framework.mongo.impl.TestMongoView=core.framework.mongo.impl.EntityCodec@18f8e2e0, class java.time.LocalDate=core.framework.mongo.impl.LocalDateCodec@28d56028}}]}, ProvidersCodecRegistry{codecProviders=[ValueCodecProvider{}, BsonValueCodecProvider{}, DBRefCodecProvider{}, DBObjectCodecProvider{}, DocumentCodecProvider{}, CollectionCodecProvider{}, IterableCodecProvider{}, MapCodecProvider{}, GeoJsonCodecProvider{}, GridFSFileCodecProvider{}, Jsr310CodecProvider{}, JsonObjectCodecProvider{}, BsonCodecProvider{}, EnumCodecProvider{}, com.mongodb.client.model.mql.ExpressionCodecProvider@6c56fff, com.mongodb.Jep395RecordCodecProvider@3dee3a6c, com.mongodb.KotlinCodecProvider@62de20d3]}]}, loggerSettings=LoggerSettings{maxDocumentLength=1000}, clusterSettings={hosts=[localhost:55382], srvServiceName=mongodb, mode=SINGLE, requiredClusterType=UNKNOWN, requiredReplicaSetName='null', serverSelector='null', clusterListeners='[]', serverSelectionTimeout='45000 ms', localThreshold='45000 ms'}, socketSettings=SocketSettings{connectTimeoutMS=5000, readTimeoutMS=15000, receiveBufferSize=0, sendBufferSize=0}, heartbeatSocketSettings=SocketSettings{connectTimeoutMS=5000, readTimeoutMS=5000, receiveBufferSize=0, sendBufferSize=0}, connectionPoolSettings=ConnectionPoolSettings{maxSize=5, minSize=0, maxWaitTimeMS=15000, maxConnectionLifeTimeMS=0, maxConnectionIdleTimeMS=1800000, maintenanceInitialDelayMS=0, maintenanceFrequencyMS=60000, connectionPoolListeners=[core.framework.mongo.impl.MongoConnectionPoolMetrics@6109d880], maxConnecting=2}, serverSettings=ServerSettings{heartbeatFrequencyMS=10000, minHeartbeatFrequencyMS=500, serverListeners='[]', serverMonitorListeners='[]'}, sslSettings=SslSettings{enabled=false, invalidHostNameAllowed=false, context=null}, applicationName='local', compressorList=[], uuidRepresentation=UNSPECIFIED, serverApi=null, autoEncryptionSettings=null, dnsClient=null, inetAddressResolver=null, contextProvider=null}
2025-07-02T02:51:29.402017Z [bottleCapsMBA.local] [Test worker] INFO c.f.m.impl.MongoImpl - create mongo client, uri=mongodb://localhost:55382/test, elapsed=238974750
2025-07-02T02:51:29.410165Z [bottleCapsMBA.local] [mongo-server-worker2] INFO d.b.m.wire.MongoWireProtocolHandler - client [id: 0x18643451, L:/127.0.0.1:55382 - R:/127.0.0.1:55385] connected
2025-07-02T02:51:29.410165Z [bottleCapsMBA.local] [mongo-server-worker1] INFO d.b.m.wire.MongoWireProtocolHandler - client [id: 0x96c3b9df, L:/127.0.0.1:55382 - R:/127.0.0.1:55384] connected
2025-07-02T02:51:29.419559Z [bottleCapsMBA.local] [mongo-server-worker3] INFO d.b.m.wire.MongoWireProtocolHandler - client [id: 0x7469f8d1, L:/127.0.0.1:55382 - R:/127.0.0.1:55386] connected
2025-07-02T02:51:29.424392Z [bottleCapsMBA.local] [mongo-server-worker4] INFO d.b.m.wire.MongoWireProtocolHandler - client [id: 0xb881deba, L:/127.0.0.1:55382 - R:/127.0.0.1:55387] connected
2025-07-02T02:51:29.427560Z [bottleCapsMBA.local] [Test worker] INFO o.m.d.client - MongoClient with metadata {"driver": {"name": "mongo-java-driver|sync", "version": "4.10.1"}, "os": {"type": "Darwin", "name": "Mac OS X", "architecture": "aarch64", "version": "15.5"}, "platform": "Java/Azul Systems, Inc./17.0.15+6-LTS", "application": {"name": "local"}} created with settings MongoClientSettings{readPreference=primary, writeConcern=WriteConcern{w=null, wTimeout=null ms, journal=null}, retryWrites=true, retryReads=true, readConcern=ReadConcern{level=null}, credential=null, streamFactoryFactory=null, commandListeners=[], codecRegistry=ProvidersCodecRegistry{codecProviders=[ProvidersCodecRegistry{codecProviders=[MapOfCodecsProvider{codecsMap={class java.time.LocalDateTime=core.framework.mongo.impl.LocalDateTimeCodec@4eb48298, class core.framework.mongo.impl.TestMongoEntity$TestEnum=core.framework.mongo.impl.EnumCodec@2d3bb944, class java.time.ZonedDateTime=core.framework.mongo.impl.ZonedDateTimeCodec@1e429f56, class core.framework.mongo.impl.TestMongoEntity=core.framework.mongo.impl.EntityCodec@6dbeaef8, class java.time.LocalDate=core.framework.mongo.impl.LocalDateCodec@7744195}}]}, ProvidersCodecRegistry{codecProviders=[ValueCodecProvider{}, BsonValueCodecProvider{}, DBRefCodecProvider{}, DBObjectCodecProvider{}, DocumentCodecProvider{}, CollectionCodecProvider{}, IterableCodecProvider{}, MapCodecProvider{}, GeoJsonCodecProvider{}, GridFSFileCodecProvider{}, Jsr310CodecProvider{}, JsonObjectCodecProvider{}, BsonCodecProvider{}, EnumCodecProvider{}, com.mongodb.client.model.mql.ExpressionCodecProvider@6c56fff, com.mongodb.Jep395RecordCodecProvider@3dee3a6c, com.mongodb.KotlinCodecProvider@62de20d3]}]}, loggerSettings=LoggerSettings{maxDocumentLength=1000}, clusterSettings={hosts=[localhost:55382], srvServiceName=mongodb, mode=SINGLE, requiredClusterType=UNKNOWN, requiredReplicaSetName='null', serverSelector='null', clusterListeners='[]', serverSelectionTimeout='45000 ms', localThreshold='45000 ms'}, socketSettings=SocketSettings{connectTimeoutMS=5000, readTimeoutMS=15000, receiveBufferSize=0, sendBufferSize=0}, heartbeatSocketSettings=SocketSettings{connectTimeoutMS=5000, readTimeoutMS=5000, receiveBufferSize=0, sendBufferSize=0}, connectionPoolSettings=ConnectionPoolSettings{maxSize=100, minSize=0, maxWaitTimeMS=15000, maxConnectionLifeTimeMS=0, maxConnectionIdleTimeMS=1800000, maintenanceInitialDelayMS=0, maintenanceFrequencyMS=60000, connectionPoolListeners=[core.framework.mongo.impl.MongoConnectionPoolMetrics@77f529a6], maxConnecting=2}, serverSettings=ServerSettings{heartbeatFrequencyMS=10000, minHeartbeatFrequencyMS=500, serverListeners='[]', serverMonitorListeners='[]'}, sslSettings=SslSettings{enabled=false, invalidHostNameAllowed=false, context=null}, applicationName='local', compressorList=[], uuidRepresentation=UNSPECIFIED, serverApi=null, autoEncryptionSettings=null, dnsClient=null, inetAddressResolver=null, contextProvider=null}
2025-07-02T02:51:29.427973Z [bottleCapsMBA.local] [Test worker] INFO c.f.m.impl.MongoImpl - create mongo client, uri=mongodb://localhost:55382/other, elapsed=25732334
2025-07-02T02:51:29.476937Z [bottleCapsMBA.local] [Test worker] INFO o.m.d.cluster - Cluster description not yet available. Waiting for 45000 ms before timing out
2025-07-02T02:51:29.518364Z [bottleCapsMBA.local] [cluster-ClusterId{value='68649eb1250834208039969c', description='local'}-localhost:55382] INFO o.m.d.cluster - Monitor thread successfully connected to server with description ServerDescription{address=localhost:55382, type=STANDALONE, state=CONNECTED, ok=true, minWireVersion=0, maxWireVersion=6, maxDocumentSize=16777216, logicalSessionTimeoutMinutes=null, roundTripTimeNanos=138909167}
2025-07-02T02:51:29.518320Z [bottleCapsMBA.local] [cluster-ClusterId{value='68649eb1250834208039969d', description='local'}-localhost:55382] INFO o.m.d.cluster - Monitor thread successfully connected to server with description ServerDescription{address=localhost:55382, type=STANDALONE, state=CONNECTED, ok=true, minWireVersion=0, maxWireVersion=6, maxDocumentSize=16777216, logicalSessionTimeoutMinutes=null, roundTripTimeNanos=93783917}
2025-07-02T02:51:29.537723Z [bottleCapsMBA.local] [mongo-server-worker5] INFO d.b.m.wire.MongoWireProtocolHandler - client [id: 0x40b4f2b5, L:/127.0.0.1:55382 - R:/127.0.0.1:55388] connected
2025-07-02T02:51:29.603673Z [bottleCapsMBA.local] [mongo-server-worker5] INFO d.b.m.backend.AbstractMongoBackend - created database test
2025-07-02T02:51:29.611127Z [bottleCapsMBA.local] [mongo-server-worker5] INFO d.b.m.backend.AbstractMongoDatabase - adding unique _id index for collection entity
2025-07-02T02:51:29.615553Z [bottleCapsMBA.local] [mongo-server-worker5] INFO d.b.m.backend.AbstractMongoDatabase - created collection test.entity
2025-07-02T02:51:29.790818Z [bottleCapsMBA.local] [Test worker] INFO c.f.m.impl.MongoImpl - dropCollection, collection=entity, elapsed=17407000
2025-07-02T02:51:29.824576Z [bottleCapsMBA.local] [mongo-server-worker5] INFO d.b.m.backend.AbstractMongoDatabase - adding unique _id index for collection entity
2025-07-02T02:51:29.825082Z [bottleCapsMBA.local] [mongo-server-worker5] INFO d.b.m.backend.AbstractMongoDatabase - created collection test.entity
2025-07-02T02:51:29.850582Z [bottleCapsMBA.local] [Test worker] INFO c.f.m.impl.MongoImpl - dropCollection, collection=entity, elapsed=2549083
2025-07-02T02:51:29.861967Z [bottleCapsMBA.local] [mongo-server-worker5] INFO d.b.m.backend.AbstractMongoDatabase - adding unique _id index for collection entity
2025-07-02T02:51:29.862552Z [bottleCapsMBA.local] [mongo-server-worker5] INFO d.b.m.backend.AbstractMongoDatabase - created collection test.entity
2025-07-02T02:51:29.888883Z [bottleCapsMBA.local] [Test worker] INFO c.f.m.impl.MongoImpl - dropCollection, collection=entity, elapsed=2581833
2025-07-02T02:51:29.893713Z [bottleCapsMBA.local] [mongo-server-worker5] INFO d.b.m.backend.AbstractMongoDatabase - adding unique _id index for collection entity
2025-07-02T02:51:29.894229Z [bottleCapsMBA.local] [mongo-server-worker5] INFO d.b.m.backend.AbstractMongoDatabase - created collection test.entity
2025-07-02T02:51:29.953923Z [bottleCapsMBA.local] [Test worker] INFO c.f.m.impl.MongoImpl - dropCollection, collection=entity, elapsed=2245625
2025-07-02T02:51:29.957601Z [bottleCapsMBA.local] [mongo-server-worker5] INFO d.b.m.backend.AbstractMongoDatabase - adding unique _id index for collection entity
2025-07-02T02:51:29.958023Z [bottleCapsMBA.local] [mongo-server-worker5] INFO d.b.m.backend.AbstractMongoDatabase - created collection test.entity
2025-07-02T02:51:29.976152Z [bottleCapsMBA.local] [Test worker] INFO c.f.m.impl.MongoImpl - dropCollection, collection=entity, elapsed=2742584
2025-07-02T02:51:29.981507Z [bottleCapsMBA.local] [mongo-server-worker5] INFO d.b.m.backend.AbstractMongoDatabase - adding unique _id index for collection entity
2025-07-02T02:51:29.981887Z [bottleCapsMBA.local] [mongo-server-worker5] INFO d.b.m.backend.AbstractMongoDatabase - created collection test.entity
2025-07-02T02:51:29.995515Z [bottleCapsMBA.local] [Test worker] INFO c.f.m.impl.MongoImpl - dropCollection, collection=entity, elapsed=2723500
2025-07-02T02:51:30.000738Z [bottleCapsMBA.local] [mongo-server-worker5] INFO d.b.m.backend.AbstractMongoDatabase - adding unique _id index for collection entity
2025-07-02T02:51:30.001159Z [bottleCapsMBA.local] [mongo-server-worker5] INFO d.b.m.backend.AbstractMongoDatabase - created collection test.entity
2025-07-02T02:51:30.034589Z [bottleCapsMBA.local] [Test worker] INFO c.f.m.impl.MongoImpl - dropCollection, collection=entity, elapsed=2815541
2025-07-02T02:51:30.039103Z [bottleCapsMBA.local] [mongo-server-worker5] INFO d.b.m.backend.AbstractMongoDatabase - adding unique _id index for collection entity
2025-07-02T02:51:30.039673Z [bottleCapsMBA.local] [mongo-server-worker5] INFO d.b.m.backend.AbstractMongoDatabase - created collection test.entity
2025-07-02T02:51:30.062650Z [bottleCapsMBA.local] [Test worker] INFO c.f.m.impl.MongoImpl - dropCollection, collection=entity, elapsed=2721959
2025-07-02T02:51:30.067196Z [bottleCapsMBA.local] [mongo-server-worker5] INFO d.b.m.backend.AbstractMongoDatabase - adding unique _id index for collection entity
2025-07-02T02:51:30.067679Z [bottleCapsMBA.local] [mongo-server-worker5] INFO d.b.m.backend.AbstractMongoDatabase - created collection test.entity
2025-07-02T02:51:30.081322Z [bottleCapsMBA.local] [Test worker] INFO c.f.m.impl.MongoImpl - dropCollection, collection=entity, elapsed=2941750
2025-07-02T02:51:30.087501Z [bottleCapsMBA.local] [mongo-server-worker5] INFO d.b.m.backend.AbstractMongoDatabase - adding unique _id index for collection entity
2025-07-02T02:51:30.087938Z [bottleCapsMBA.local] [mongo-server-worker5] INFO d.b.m.backend.AbstractMongoDatabase - created collection test.entity
2025-07-02T02:51:30.098724Z [bottleCapsMBA.local] [Test worker] INFO c.f.m.impl.MongoImpl - dropCollection, collection=entity, elapsed=1876167
2025-07-02T02:51:30.102618Z [bottleCapsMBA.local] [mongo-server-worker5] INFO d.b.m.backend.AbstractMongoDatabase - adding unique _id index for collection entity
2025-07-02T02:51:30.102857Z [bottleCapsMBA.local] [mongo-server-worker5] INFO d.b.m.backend.AbstractMongoDatabase - created collection test.entity
2025-07-02T02:51:30.169562Z [bottleCapsMBA.local] [Test worker] INFO c.f.m.impl.MongoImpl - dropCollection, collection=entity, elapsed=2692750
2025-07-02T02:51:30.175379Z [bottleCapsMBA.local] [mongo-server-worker5] INFO d.b.m.backend.AbstractMongoDatabase - adding unique _id index for collection entity
2025-07-02T02:51:30.175602Z [bottleCapsMBA.local] [mongo-server-worker5] INFO d.b.m.backend.AbstractMongoDatabase - created collection test.entity
2025-07-02T02:51:30.189805Z [bottleCapsMBA.local] [Test worker] INFO c.f.m.impl.MongoImpl - dropCollection, collection=entity, elapsed=1428458
2025-07-02T02:51:30.194324Z [bottleCapsMBA.local] [mongo-server-worker5] INFO d.b.m.backend.AbstractMongoDatabase - adding unique _id index for collection entity
2025-07-02T02:51:30.194552Z [bottleCapsMBA.local] [mongo-server-worker5] INFO d.b.m.backend.AbstractMongoDatabase - created collection test.entity
2025-07-02T02:51:30.212031Z [bottleCapsMBA.local] [Test worker] INFO c.f.m.impl.MongoImpl - dropCollection, collection=entity, elapsed=928875
2025-07-02T02:51:30.214384Z [bottleCapsMBA.local] [mongo-server-worker5] INFO d.b.m.backend.AbstractMongoDatabase - adding unique _id index for collection entity
2025-07-02T02:51:30.214582Z [bottleCapsMBA.local] [mongo-server-worker5] INFO d.b.m.backend.AbstractMongoDatabase - created collection test.entity
2025-07-02T02:51:30.243934Z [bottleCapsMBA.local] [Test worker] INFO c.f.m.impl.MongoImpl - dropCollection, collection=entity, elapsed=3155417
]]></system-out>
  <system-err><![CDATA[]]></system-err>
</testsuite>
