<?xml version="1.0" encoding="UTF-8"?>
<testsuite name="core.framework.mongo.module.TestMongoConfigTest" tests="1" skipped="0" failures="0" errors="0" timestamp="2025-07-02T02:51:30" hostname="bottleCapsMBA.local" time="0.002">
  <properties/>
  <testcase name="connectionString()" classname="core.framework.mongo.module.TestMongoConfigTest" time="0.002"/>
  <system-out><![CDATA[]]></system-out>
  <system-err><![CDATA[]]></system-err>
</testsuite>
