<?xml version="1.0" encoding="UTF-8"?>
<testsuite name="core.framework.search.module.TestSearchConfigTest" tests="1" skipped="0" failures="0" errors="0" timestamp="2025-07-06T08:06:01" hostname="bottleCapsMBA.local" time="0.002">
  <properties/>
  <testcase name="configureLogger()" classname="core.framework.search.module.TestSearchConfigTest" time="0.002"/>
  <system-out><![CDATA[]]></system-out>
  <system-err><![CDATA[]]></system-err>
</testsuite>
