<?xml version="1.0" encoding="UTF-8"?>
<testsuite name="core.framework.search.impl.ElasticSearchTemplateIntegrationTest" tests="2" skipped="0" failures="0" errors="0" timestamp="2025-07-06T08:05:59" hostname="bottleCapsMBA.local" time="1.71">
  <properties/>
  <testcase name="closeIndex()" classname="core.framework.search.impl.ElasticSearchTemplateIntegrationTest" time="0.399"/>
  <testcase name="deleteIndex()" classname="core.framework.search.impl.ElasticSearchTemplateIntegrationTest" time="1.31"/>
  <system-out><![CDATA[2025-07-06T08:05:59.596421Z [bottleCapsMBA.local] [elasticsearch[test][masterService#updateTask][T#1]] INFO o.e.c.metadata.MetadataCreateIndexService - [document-1] creating index, cause [auto(bulk api)], templates [document], shards [1]/[1]
2025-07-06T08:05:59.758290Z [bottleCapsMBA.local] [elasticsearch[test][masterService#updateTask][T#1]] INFO o.e.c.metadata.MetadataMappingService - [document-1/NTUmsUnPQO2sqVBTwqei-Q] update_mapping [_doc]
2025-07-06T08:05:59.823348Z [bottleCapsMBA.local] [elasticsearch[test][masterService#updateTask][T#1]] INFO o.e.c.metadata.MetadataIndexStateService - closing indices [document-1/NTUmsUnPQO2sqVBTwqei-Q]
2025-07-06T08:05:59.882517Z [bottleCapsMBA.local] [elasticsearch[test][masterService#updateTask][T#1]] INFO o.e.c.metadata.MetadataIndexStateService - completed closing of indices [document-1]
2025-07-06T08:05:59.981196Z [bottleCapsMBA.local] [Test worker] INFO c.f.s.impl.ElasticSearchImpl - close index, index=document-1, elapsed=167683959
2025-07-06T08:05:59.986370Z [bottleCapsMBA.local] [Test worker] INFO c.f.s.impl.ElasticSearchImpl - get cluster state, elapsed=5049125
2025-07-06T08:05:59.991535Z [bottleCapsMBA.local] [elasticsearch[test][masterService#updateTask][T#1]] INFO o.e.c.metadata.MetadataCreateIndexService - [document-2] creating index, cause [auto(bulk api)], templates [document], shards [1]/[1]
2025-07-06T08:06:00.989006Z [bottleCapsMBA.local] [elasticsearch[test][masterService#updateTask][T#1]] INFO o.e.c.r.allocation.AllocationService - current.health="YELLOW" message="Cluster health status changed from [RED] to [YELLOW] (reason: [shards started [[document-1][0]]])." previous.health="RED" reason="shards started [[document-1][0]]"
2025-07-06T08:06:01.191453Z [bottleCapsMBA.local] [elasticsearch[test][masterService#updateTask][T#1]] INFO o.e.c.metadata.MetadataMappingService - [document-2/RrtU_pSWQBW_ntWYQZeN9Q] update_mapping [_doc]
2025-07-06T08:06:01.245729Z [bottleCapsMBA.local] [elasticsearch[test][masterService#updateTask][T#1]] INFO o.e.c.metadata.MetadataDeleteIndexService - [document-2/RrtU_pSWQBW_ntWYQZeN9Q] deleting index
2025-07-06T08:06:01.290662Z [bottleCapsMBA.local] [Test worker] INFO c.f.s.impl.ElasticSearchImpl - delete index, index=document-2, elapsed=54046334
2025-07-06T08:06:01.295997Z [bottleCapsMBA.local] [Test worker] INFO c.f.s.impl.ElasticSearchImpl - get cluster state, elapsed=5215833
]]></system-out>
  <system-err><![CDATA[]]></system-err>
</testsuite>
