<?xml version="1.0" encoding="UTF-8"?>
<testsuite name="core.framework.internal.module.StartupHookTest" tests="2" skipped="0" failures="0" errors="0" timestamp="2025-07-02T02:51:08" hostname="bottleCapsMBA.local" time="0.003">
  <properties/>
  <testcase name="start()" classname="core.framework.internal.module.StartupHookTest" time="0.001"/>
  <testcase name="initialize()" classname="core.framework.internal.module.StartupHookTest" time="0.001"/>
  <system-out><![CDATA[]]></system-out>
  <system-err><![CDATA[]]></system-err>
</testsuite>
