<?xml version="1.0" encoding="UTF-8"?>
<testsuite name="core.framework.json.JSONTest" tests="14" skipped="0" failures="0" errors="0" timestamp="2025-07-02T02:51:10" hostname="bottleCapsMBA.local" time="0.024">
  <properties/>
  <testcase name="listField()" classname="core.framework.json.JSONTest" time="0.002"/>
  <testcase name="invalidJSON()" classname="core.framework.json.JSONTest" time="0.001"/>
  <testcase name="defaultValue()" classname="core.framework.json.JSONTest" time="0.0"/>
  <testcase name="dateField()" classname="core.framework.json.JSONTest" time="0.002"/>
  <testcase name="dateFieldFromJavaScript()" classname="core.framework.json.JSONTest" time="0.0"/>
  <testcase name="empty()" classname="core.framework.json.JSONTest" time="0.001"/>
  <testcase name="nanoFractionOfDateField()" classname="core.framework.json.JSONTest" time="0.001"/>
  <testcase name="mapField()" classname="core.framework.json.JSONTest" time="0.002"/>
  <testcase name="enumField()" classname="core.framework.json.JSONTest" time="0.001"/>
  <testcase name="enumValue()" classname="core.framework.json.JSONTest" time="0.002"/>
  <testcase name="listObject()" classname="core.framework.json.JSONTest" time="0.002"/>
  <testcase name="childField()" classname="core.framework.json.JSONTest" time="0.005"/>
  <testcase name="invalidInteger()" classname="core.framework.json.JSONTest" time="0.001"/>
  <testcase name="nullObject()" classname="core.framework.json.JSONTest" time="0.0"/>
  <system-out><![CDATA[]]></system-out>
  <system-err><![CDATA[]]></system-err>
</testsuite>
