<?xml version="1.0" encoding="UTF-8"?>
<testsuite name="core.framework.internal.http.HTTPEventListenerFactoryTest" tests="1" skipped="0" failures="0" errors="0" timestamp="2025-07-02T02:51:05" hostname="bottleCapsMBA.local" time="0.026">
  <properties/>
  <testcase name="create()" classname="core.framework.internal.http.HTTPEventListenerFactoryTest" time="0.026"/>
  <system-out><![CDATA[]]></system-out>
  <system-err><![CDATA[]]></system-err>
</testsuite>
