<?xml version="1.0" encoding="UTF-8"?>
<testsuite name="core.framework.internal.web.bean.QueryParamClassValidatorTest" tests="4" skipped="0" failures="0" errors="0" timestamp="2025-07-02T02:51:09" hostname="bottleCapsMBA.local" time="0.006">
  <properties/>
  <testcase name="validate()" classname="core.framework.internal.web.bean.QueryParamClassValidatorTest" time="0.002"/>
  <testcase name="validateWithoutQueryParamAnnotation()" classname="core.framework.internal.web.bean.QueryParamClassValidatorTest" time="0.001"/>
  <testcase name="validateWithDuplicateQueryParamName()" classname="core.framework.internal.web.bean.QueryParamClassValidatorTest" time="0.001"/>
  <testcase name="validateWithPropertyAnnotation()" classname="core.framework.internal.web.bean.QueryParamClassValidatorTest" time="0.001"/>
  <system-out><![CDATA[]]></system-out>
  <system-err><![CDATA[]]></system-err>
</testsuite>
