<?xml version="1.0" encoding="UTF-8"?>
<testsuite name="core.framework.internal.web.route.PathTest" tests="6" skipped="0" failures="0" errors="0" timestamp="2025-07-02T02:51:10" hostname="bottleCapsMBA.local" time="0.004">
  <properties/>
  <testcase name="subPath()" classname="core.framework.internal.web.route.PathTest" time="0.001"/>
  <testcase name="parseRootURL()" classname="core.framework.internal.web.route.PathTest" time="0.0"/>
  <testcase name="parseOneLevelURLWithTrailingSlash()" classname="core.framework.internal.web.route.PathTest" time="0.0"/>
  <testcase name="parseURLWithTrailingSlash()" classname="core.framework.internal.web.route.PathTest" time="0.0"/>
  <testcase name="parseURL()" classname="core.framework.internal.web.route.PathTest" time="0.0"/>
  <testcase name="parseOneLevelURL()" classname="core.framework.internal.web.route.PathTest" time="0.001"/>
  <system-out><![CDATA[]]></system-out>
  <system-err><![CDATA[]]></system-err>
</testsuite>
