<?xml version="1.0" encoding="UTF-8"?>
<testsuite name="core.framework.util.PropertiesTest" tests="4" skipped="0" failures="0" errors="0" timestamp="2025-07-02T02:51:11" hostname="bottleCapsMBA.local" time="0.003">
  <properties/>
  <testcase name="setWithDuplicateKey()" classname="core.framework.util.PropertiesTest" time="0.001"/>
  <testcase name="getEmptyValue()" classname="core.framework.util.PropertiesTest" time="0.0"/>
  <testcase name="loadNotExistedFile()" classname="core.framework.util.PropertiesTest" time="0.001"/>
  <testcase name="containsKey()" classname="core.framework.util.PropertiesTest" time="0.0"/>
  <system-out><![CDATA[]]></system-out>
  <system-err><![CDATA[]]></system-err>
</testsuite>
