<?xml version="1.0" encoding="UTF-8"?>
<testsuite name="core.framework.internal.web.session.LocalSessionStoreTest" tests="7" skipped="0" failures="0" errors="0" timestamp="2025-07-02T02:51:10" hostname="bottleCapsMBA.local" time="0.002">
  <properties/>
  <testcase name="invalidate()" classname="core.framework.internal.web.session.LocalSessionStoreTest" time="0.0"/>
  <testcase name="invalidateByKey()" classname="core.framework.internal.web.session.LocalSessionStoreTest" time="0.001"/>
  <testcase name="getAndRefreshWithNotExistedSessionId()" classname="core.framework.internal.web.session.LocalSessionStoreTest" time="0.0"/>
  <testcase name="save()" classname="core.framework.internal.web.session.LocalSessionStoreTest" time="0.0"/>
  <testcase name="getAndRefreshWithExpiredSession()" classname="core.framework.internal.web.session.LocalSessionStoreTest" time="0.001"/>
  <testcase name="cleanup()" classname="core.framework.internal.web.session.LocalSessionStoreTest" time="0.0"/>
  <testcase name="getAndRefresh()" classname="core.framework.internal.web.session.LocalSessionStoreTest" time="0.0"/>
  <system-out><![CDATA[2025-07-02T02:51:10.389597Z [bottleCapsMBA.local] [Test worker] INFO c.f.i.w.session.LocalSessionStore - cleanup local session store
]]></system-out>
  <system-err><![CDATA[]]></system-err>
</testsuite>
