<?xml version="1.0" encoding="UTF-8"?>
<testsuite name="core.framework.internal.db.RowMapperBuilderTest" tests="2" skipped="0" failures="0" errors="0" timestamp="2025-07-02T02:51:05" hostname="bottleCapsMBA.local" time="0.017">
  <properties/>
  <testcase name="sourceCode()" classname="core.framework.internal.db.RowMapperBuilderTest" time="0.009"/>
  <testcase name="sourceCodeWithJSONFieldEntity()" classname="core.framework.internal.db.RowMapperBuilderTest" time="0.008"/>
  <system-out><![CDATA[]]></system-out>
  <system-err><![CDATA[]]></system-err>
</testsuite>
