<?xml version="1.0" encoding="UTF-8"?>
<testsuite name="core.framework.internal.db.RepositoryImplAutoIncrementIdEntityTest" tests="8" skipped="0" failures="0" errors="0" timestamp="2025-07-02T02:51:05" hostname="bottleCapsMBA.local" time="0.04">
  <properties/>
  <testcase name="selectAll()" classname="core.framework.internal.db.RepositoryImplAutoIncrementIdEntityTest" time="0.002"/>
  <testcase name="selectOne()" classname="core.framework.internal.db.RepositoryImplAutoIncrementIdEntityTest" time="0.002"/>
  <testcase name="insert()" classname="core.framework.internal.db.RepositoryImplAutoIncrementIdEntityTest" time="0.003"/>
  <testcase name="select()" classname="core.framework.internal.db.RepositoryImplAutoIncrementIdEntityTest" time="0.004"/>
  <testcase name="batchInsert()" classname="core.framework.internal.db.RepositoryImplAutoIncrementIdEntityTest" time="0.018"/>
  <testcase name="selectWithLimit()" classname="core.framework.internal.db.RepositoryImplAutoIncrementIdEntityTest" time="0.001"/>
  <testcase name="insertIgnore()" classname="core.framework.internal.db.RepositoryImplAutoIncrementIdEntityTest" time="0.001"/>
  <testcase name="batchInsertIgnore()" classname="core.framework.internal.db.RepositoryImplAutoIncrementIdEntityTest" time="0.001"/>
  <system-out><![CDATA[2025-07-02T02:51:05.157743Z [bottleCapsMBA.local] [Test worker] INFO c.f.i.db.DatabaseImpl - set database connection url, url=jdbc:hsqldb:mem:mysql;sql.syntax_mys=true
2025-07-02T02:51:05.216077Z [bottleCapsMBA.local] [Test worker] INFO c.f.i.db.DatabaseImpl - register db entity, entityClass=core.framework.internal.db.AutoIncrementIdEntity, elapsed=22759041
]]></system-out>
  <system-err><![CDATA[]]></system-err>
</testsuite>
