<?xml version="1.0" encoding="UTF-8"?>
<testsuite name="core.framework.internal.module.ReadinessProbeTest" tests="3" skipped="0" failures="0" errors="0" timestamp="2025-07-02T02:51:08" hostname="bottleCapsMBA.local" time="0.027">
  <properties/>
  <testcase name="hostname()" classname="core.framework.internal.module.ReadinessProbeTest" time="0.001"/>
  <testcase name="check()" classname="core.framework.internal.module.ReadinessProbeTest" time="0.001"/>
  <testcase name="resolveHost()" classname="core.framework.internal.module.ReadinessProbeTest" time="0.024"/>
  <system-out><![CDATA[2025-07-02T02:51:08.150542Z [bottleCapsMBA.local] [Test worker] INFO c.f.i.module.ReadinessProbe - check readiness
]]></system-out>
  <system-err><![CDATA[]]></system-err>
</testsuite>
