<?xml version="1.0" encoding="UTF-8"?>
<testsuite name="core.framework.internal.web.service.WebServiceControllerBuilderTest" tests="5" skipped="0" failures="0" errors="0" timestamp="2025-07-02T02:51:10" hostname="bottleCapsMBA.local" time="0.024">
  <properties/>
  <testcase name="deprecated()" classname="core.framework.internal.web.service.WebServiceControllerBuilderTest" time="0.007"/>
  <testcase name="create()" classname="core.framework.internal.web.service.WebServiceControllerBuilderTest" time="0.004"/>
  <testcase name="getEnum()" classname="core.framework.internal.web.service.WebServiceControllerBuilderTest" time="0.003"/>
  <testcase name="get()" classname="core.framework.internal.web.service.WebServiceControllerBuilderTest" time="0.004"/>
  <testcase name="patch()" classname="core.framework.internal.web.service.WebServiceControllerBuilderTest" time="0.004"/>
  <system-out><![CDATA[]]></system-out>
  <system-err><![CDATA[2025-07-02T02:51:10.364838Z [bottleCapsMBA.local] [Test worker] WARN c.f.i.w.service.WebServiceController - [DEPRECATION] web service has been deprecated, please notify consumer to update, method=core.framework.internal.web.service.TestWebService.deprecated(Integer)
]]></system-err>
</testsuite>
