<?xml version="1.0" encoding="UTF-8"?>
<testsuite name="core.framework.internal.cache.CacheClassValidatorTest" tests="2" skipped="0" failures="0" errors="0" timestamp="2025-07-02T02:51:02" hostname="bottleCapsMBA.local" time="0.002">
  <properties/>
  <testcase name="validate()" classname="core.framework.internal.cache.CacheClassValidatorTest" time="0.001"/>
  <testcase name="validateValueType()" classname="core.framework.internal.cache.CacheClassValidatorTest" time="0.0"/>
  <system-out><![CDATA[]]></system-out>
  <system-err><![CDATA[]]></system-err>
</testsuite>
