<?xml version="1.0" encoding="UTF-8"?>
<testsuite name="core.framework.internal.redis.RedisSortedSetOperationTest" tests="9" skipped="0" failures="0" errors="0" timestamp="2025-07-02T02:51:08" hostname="bottleCapsMBA.local" time="0.015">
  <properties/>
  <testcase name="popMin()" classname="core.framework.internal.redis.RedisSortedSetOperationTest" time="0.002"/>
  <testcase name="remove()" classname="core.framework.internal.redis.RedisSortedSetOperationTest" time="0.001"/>
  <testcase name="rangeByScore()" classname="core.framework.internal.redis.RedisSortedSetOperationTest" time="0.003"/>
  <testcase name="add()" classname="core.framework.internal.redis.RedisSortedSetOperationTest" time="0.002"/>
  <testcase name="range()" classname="core.framework.internal.redis.RedisSortedSetOperationTest" time="0.001"/>
  <testcase name="popByScore()" classname="core.framework.internal.redis.RedisSortedSetOperationTest" time="0.001"/>
  <testcase name="addOnlyIfAbsent()" classname="core.framework.internal.redis.RedisSortedSetOperationTest" time="0.001"/>
  <testcase name="popByScoreWithLimit()" classname="core.framework.internal.redis.RedisSortedSetOperationTest" time="0.001"/>
  <testcase name="increaseScoreBy()" classname="core.framework.internal.redis.RedisSortedSetOperationTest" time="0.001"/>
  <system-out><![CDATA[]]></system-out>
  <system-err><![CDATA[]]></system-err>
</testsuite>
