<?xml version="1.0" encoding="UTF-8"?>
<testsuite name="core.framework.internal.log.filter.LogFilterTest" tests="6" skipped="0" failures="0" errors="0" timestamp="2025-07-02T02:51:08" hostname="bottleCapsMBA.local" time="0.005">
  <properties/>
  <testcase name="append()" classname="core.framework.internal.log.filter.LogFilterTest" time="0.001"/>
  <testcase name="appendWithRedundantArguments()" classname="core.framework.internal.log.filter.LogFilterTest" time="0.001"/>
  <testcase name="appendWithNullMessage()" classname="core.framework.internal.log.filter.LogFilterTest" time="0.001"/>
  <testcase name="appendWithLessArguments()" classname="core.framework.internal.log.filter.LogFilterTest" time="0.0"/>
  <testcase name="appendRawArgument()" classname="core.framework.internal.log.filter.LogFilterTest" time="0.001"/>
  <testcase name="appendWithNullArguments()" classname="core.framework.internal.log.filter.LogFilterTest" time="0.0"/>
  <system-out><![CDATA[]]></system-out>
  <system-err><![CDATA[]]></system-err>
</testsuite>
