<?xml version="1.0" encoding="UTF-8"?>
<testsuite name="core.framework.internal.web.request.PathParamsTest" tests="1" skipped="0" failures="0" errors="0" timestamp="2025-07-02T02:51:09" hostname="bottleCapsMBA.local" time="0.001">
  <properties/>
  <testcase name="putEmptyPathParam()" classname="core.framework.internal.web.request.PathParamsTest" time="0.001"/>
  <system-out><![CDATA[]]></system-out>
  <system-err><![CDATA[]]></system-err>
</testsuite>
