<?xml version="1.0" encoding="UTF-8"?>
<testsuite name="core.framework.internal.db.DatabaseClassValidatorTest" tests="9" skipped="0" failures="0" errors="0" timestamp="2025-07-02T02:51:03" hostname="bottleCapsMBA.local" time="0.029">
  <properties/>
  <testcase name="withInvalidJSONList()" classname="core.framework.internal.db.DatabaseClassValidatorTest" time="0.009"/>
  <testcase name="withInvalidJSON()" classname="core.framework.internal.db.DatabaseClassValidatorTest" time="0.001"/>
  <testcase name="withJSON()" classname="core.framework.internal.db.DatabaseClassValidatorTest" time="0.002"/>
  <testcase name="withDefaultValue()" classname="core.framework.internal.db.DatabaseClassValidatorTest" time="0.002"/>
  <testcase name="withPropertyAnnotation()" classname="core.framework.internal.db.DatabaseClassValidatorTest" time="0.002"/>
  <testcase name="withNotNullAnnotationPrimaryKey()" classname="core.framework.internal.db.DatabaseClassValidatorTest" time="0.002"/>
  <testcase name="viewWithPrimaryKey()" classname="core.framework.internal.db.DatabaseClassValidatorTest" time="0.001"/>
  <testcase name="validateEntityClass()" classname="core.framework.internal.db.DatabaseClassValidatorTest" time="0.002"/>
  <testcase name="withInvalidPrimaryKeyType()" classname="core.framework.internal.db.DatabaseClassValidatorTest" time="0.002"/>
  <system-out><![CDATA[]]></system-out>
  <system-err><![CDATA[]]></system-err>
</testsuite>
