<?xml version="1.0" encoding="UTF-8"?>
<testsuite name="core.framework.internal.web.route.PathPatternValidatorTest" tests="4" skipped="0" failures="0" errors="0" timestamp="2025-07-02T02:51:10" hostname="bottleCapsMBA.local" time="0.004">
  <properties/>
  <testcase name="notAllowWildcardVariable()" classname="core.framework.internal.web.route.PathPatternValidatorTest" time="0.001"/>
  <testcase name="validate()" classname="core.framework.internal.web.route.PathPatternValidatorTest" time="0.001"/>
  <testcase name="duplicateVariable()" classname="core.framework.internal.web.route.PathPatternValidatorTest" time="0.002"/>
  <testcase name="invalidVariable()" classname="core.framework.internal.web.route.PathPatternValidatorTest" time="0.0"/>
  <system-out><![CDATA[]]></system-out>
  <system-err><![CDATA[]]></system-err>
</testsuite>
