<?xml version="1.0" encoding="UTF-8"?>
<testsuite name="core.framework.db.QueryTest" tests="1" skipped="0" failures="0" errors="0" timestamp="2025-07-02T02:50:58" hostname="bottleCapsMBA.local" time="2.102">
  <properties/>
  <testcase name="in()" classname="core.framework.db.QueryTest" time="2.102"/>
  <system-out><![CDATA[]]></system-out>
  <system-err><![CDATA[]]></system-err>
</testsuite>
