<?xml version="1.0" encoding="UTF-8"?>
<testsuite name="core.framework.internal.util.LRUMapTest" tests="1" skipped="0" failures="0" errors="0" timestamp="2025-07-02T02:51:08" hostname="bottleCapsMBA.local" time="0.006">
  <properties/>
  <testcase name="removeEldestEntry()" classname="core.framework.internal.util.LRUMapTest" time="0.006"/>
  <system-out><![CDATA[]]></system-out>
  <system-err><![CDATA[]]></system-err>
</testsuite>
