<?xml version="1.0" encoding="UTF-8"?>
<testsuite name="core.framework.internal.validate.BeanValidatorBuilderTest" tests="5" skipped="0" failures="0" errors="0" timestamp="2025-07-02T02:51:08" hostname="bottleCapsMBA.local" time="0.006">
  <properties/>
  <testcase name="withoutValidationAnnotation()" classname="core.framework.internal.validate.BeanValidatorBuilderTest" time="0.0"/>
  <testcase name="validateNotNull()" classname="core.framework.internal.validate.BeanValidatorBuilderTest" time="0.002"/>
  <testcase name="validateMinAnnotation()" classname="core.framework.internal.validate.BeanValidatorBuilderTest" time="0.001"/>
  <testcase name="validateSizeAnnotation()" classname="core.framework.internal.validate.BeanValidatorBuilderTest" time="0.0"/>
  <testcase name="validateDigitsAnnotation()" classname="core.framework.internal.validate.BeanValidatorBuilderTest" time="0.001"/>
  <system-out><![CDATA[]]></system-out>
  <system-err><![CDATA[]]></system-err>
</testsuite>
