<?xml version="1.0" encoding="UTF-8"?>
<testsuite name="core.framework.web.site.WebDirectoryTest" tests="2" skipped="0" failures="0" errors="0" timestamp="2025-07-02T02:51:11" hostname="bottleCapsMBA.local" time="0.003">
  <properties/>
  <testcase name="failedToLocateRootDir()" classname="core.framework.web.site.WebDirectoryTest" time="0.002"/>
  <testcase name="locateRootDirectory()" classname="core.framework.web.site.WebDirectoryTest" time="0.001"/>
  <system-out><![CDATA[2025-07-02T02:51:11.104221Z [bottleCapsMBA.local] [Test worker] INFO c.f.w.site.WebDirectory - can not locate web directory
2025-07-02T02:51:11.106357Z [bottleCapsMBA.local] [Test worker] INFO c.f.w.site.WebDirectory - found -Dcore.webPath as web directory, path=/var/folders/4z/jg7yjp515zb48mnj6gtdkhxc0000gn/T/07741f37-01a3-46a2-bb29-0003de551f27
]]></system-out>
  <system-err><![CDATA[]]></system-err>
</testsuite>
