<?xml version="1.0" encoding="UTF-8"?>
<testsuite name="core.framework.internal.web.sys.APIControllerTest" tests="3" skipped="0" failures="0" errors="0" timestamp="2025-07-02T02:51:10" hostname="bottleCapsMBA.local" time="0.0">
  <properties/>
  <testcase name="messageDefinition()" classname="core.framework.internal.web.sys.APIControllerTest" time="0.0"/>
  <testcase name="defaultBeanClasses()" classname="core.framework.internal.web.sys.APIControllerTest" time="0.0"/>
  <testcase name="serviceDefinition()" classname="core.framework.internal.web.sys.APIControllerTest" time="0.0"/>
  <system-out><![CDATA[]]></system-out>
  <system-err><![CDATA[]]></system-err>
</testsuite>
