<?xml version="1.0" encoding="UTF-8"?>
<testsuite name="core.framework.internal.log.appender.ConsoleAppenderTest" tests="3" skipped="0" failures="0" errors="0" timestamp="2025-07-02T02:51:07" hostname="bottleCapsMBA.local" time="0.004">
  <properties/>
  <testcase name="actionLogMessage()" classname="core.framework.internal.log.appender.ConsoleAppenderTest" time="0.002"/>
  <testcase name="filterLineSeparator()" classname="core.framework.internal.log.appender.ConsoleAppenderTest" time="0.0"/>
  <testcase name="statMessage()" classname="core.framework.internal.log.appender.ConsoleAppenderTest" time="0.001"/>
  <system-out><![CDATA[]]></system-out>
  <system-err><![CDATA[]]></system-err>
</testsuite>
