<?xml version="1.0" encoding="UTF-8"?>
<testsuite name="core.framework.util.RandomsTest" tests="3" skipped="0" failures="0" errors="0" timestamp="2025-07-02T02:51:11" hostname="bottleCapsMBA.local" time="0.003">
  <properties/>
  <testcase name="nextDouble()" classname="core.framework.util.RandomsTest" time="0.001"/>
  <testcase name="alphaNumeric()" classname="core.framework.util.RandomsTest" time="0.0"/>
  <testcase name="nextInt()" classname="core.framework.util.RandomsTest" time="0.002"/>
  <system-out><![CDATA[]]></system-out>
  <system-err><![CDATA[]]></system-err>
</testsuite>
