<?xml version="1.0" encoding="UTF-8"?>
<testsuite name="core.framework.internal.cache.CacheImplTest" tests="10" skipped="0" failures="0" errors="0" timestamp="2025-07-02T02:51:02" hostname="bottleCapsMBA.local" time="1.308">
  <properties/>
  <testcase name="getWhenHit()" classname="core.framework.internal.cache.CacheImplTest" time="1.274"/>
  <testcase name="getAllWhenHit()" classname="core.framework.internal.cache.CacheImplTest" time="0.01"/>
  <testcase name="loaderReturnsNull()" classname="core.framework.internal.cache.CacheImplTest" time="0.001"/>
  <testcase name="putAll()" classname="core.framework.internal.cache.CacheImplTest" time="0.001"/>
  <testcase name="getWhenMiss()" classname="core.framework.internal.cache.CacheImplTest" time="0.003"/>
  <testcase name="get()" classname="core.framework.internal.cache.CacheImplTest" time="0.001"/>
  <testcase name="put()" classname="core.framework.internal.cache.CacheImplTest" time="0.0"/>
  <testcase name="evict()" classname="core.framework.internal.cache.CacheImplTest" time="0.001"/>
  <testcase name="evictAll()" classname="core.framework.internal.cache.CacheImplTest" time="0.001"/>
  <testcase name="getAllWhenMiss()" classname="core.framework.internal.cache.CacheImplTest" time="0.002"/>
  <system-out><![CDATA[]]></system-out>
  <system-err><![CDATA[]]></system-err>
</testsuite>
