<?xml version="1.0" encoding="UTF-8"?>
<testsuite name="core.framework.internal.web.api.APIDefinitionBuilderTest" tests="1" skipped="0" failures="0" errors="0" timestamp="2025-07-02T02:51:09" hostname="bottleCapsMBA.local" time="0.131">
  <properties/>
  <testcase name="build()" classname="core.framework.internal.web.api.APIDefinitionBuilderTest" time="0.131"/>
  <system-out><![CDATA[]]></system-out>
  <system-err><![CDATA[]]></system-err>
</testsuite>
