<?xml version="1.0" encoding="UTF-8"?>
<testsuite name="core.framework.module.SchedulerConfigTest" tests="1" skipped="0" failures="0" errors="0" timestamp="2025-07-02T02:51:11" hostname="bottleCapsMBA.local" time="0.002">
  <properties/>
  <testcase name="validateJob()" classname="core.framework.module.SchedulerConfigTest" time="0.002"/>
  <system-out><![CDATA[]]></system-out>
  <system-err><![CDATA[]]></system-err>
</testsuite>
