<?xml version="1.0" encoding="UTF-8"?>
<testsuite name="core.framework.internal.web.service.WebServiceClientLinkContextTest" tests="4" skipped="0" failures="0" errors="0" timestamp="2025-07-02T02:51:10" hostname="bottleCapsMBA.local" time="0.002">
  <properties/>
  <testcase name="linkContextWithTrace()" classname="core.framework.internal.web.service.WebServiceClientLinkContextTest" time="0.0"/>
  <testcase name="linkContext()" classname="core.framework.internal.web.service.WebServiceClientLinkContextTest" time="0.0"/>
  <testcase name="linkContextWithoutMaxProcessTime()" classname="core.framework.internal.web.service.WebServiceClientLinkContextTest" time="0.0"/>
  <testcase name="linkContextWithShortProcessTime()" classname="core.framework.internal.web.service.WebServiceClientLinkContextTest" time="0.001"/>
  <system-out><![CDATA[]]></system-out>
  <system-err><![CDATA[]]></system-err>
</testsuite>
