<?xml version="1.0" encoding="UTF-8"?>
<testsuite name="core.framework.internal.web.request.RequestImplTest" tests="8" skipped="0" failures="0" errors="0" timestamp="2025-07-02T02:51:09" hostname="bottleCapsMBA.local" time="0.08">
  <properties/>
  <testcase name="beanWithFormPost()" classname="core.framework.internal.web.request.RequestImplTest" time="0.007"/>
  <testcase name="cookie()" classname="core.framework.internal.web.request.RequestImplTest" time="0.008"/>
  <testcase name="header()" classname="core.framework.internal.web.request.RequestImplTest" time="0.006"/>
  <testcase name="beanWithGet()" classname="core.framework.internal.web.request.RequestImplTest" time="0.007"/>
  <testcase name="beanWithJSONPost()" classname="core.framework.internal.web.request.RequestImplTest" time="0.012"/>
  <testcase name="beanWithValidationError()" classname="core.framework.internal.web.request.RequestImplTest" time="0.017"/>
  <testcase name="beanWithInvalidJSON()" classname="core.framework.internal.web.request.RequestImplTest" time="0.006"/>
  <testcase name="session()" classname="core.framework.internal.web.request.RequestImplTest" time="0.012"/>
  <system-out><![CDATA[]]></system-out>
  <system-err><![CDATA[]]></system-err>
</testsuite>
