<?xml version="1.0" encoding="UTF-8"?>
<testsuite name="core.framework.internal.web.bean.RequestBeanReaderTest" tests="4" skipped="0" failures="0" errors="0" timestamp="2025-07-02T02:51:09" hostname="bottleCapsMBA.local" time="0.026">
  <properties/>
  <testcase name="fromJSON()" classname="core.framework.internal.web.bean.RequestBeanReaderTest" time="0.001"/>
  <testcase name="register()" classname="core.framework.internal.web.bean.RequestBeanReaderTest" time="0.018"/>
  <testcase name="registerQueryParam()" classname="core.framework.internal.web.bean.RequestBeanReaderTest" time="0.005"/>
  <testcase name="fromQueryParam()" classname="core.framework.internal.web.bean.RequestBeanReaderTest" time="0.001"/>
  <system-out><![CDATA[]]></system-out>
  <system-err><![CDATA[]]></system-err>
</testsuite>
