<?xml version="1.0" encoding="UTF-8"?>
<testsuite name="core.framework.internal.log.filter.BytesLogParamTest" tests="9" skipped="0" failures="0" errors="0" timestamp="2025-07-02T02:51:08" hostname="bottleCapsMBA.local" time="0.003">
  <properties/>
  <testcase name="appendNull()" classname="core.framework.internal.log.filter.BytesLogParamTest" time="0.0"/>
  <testcase name="filterWithBrokenJSON()" classname="core.framework.internal.log.filter.BytesLogParamTest" time="0.001"/>
  <testcase name="append()" classname="core.framework.internal.log.filter.BytesLogParamTest" time="0.0"/>
  <testcase name="appendWithMask()" classname="core.framework.internal.log.filter.BytesLogParamTest" time="0.0"/>
  <testcase name="filterJSONWithoutMask()" classname="core.framework.internal.log.filter.BytesLogParamTest" time="0.0"/>
  <testcase name="appendWithTruncation()" classname="core.framework.internal.log.filter.BytesLogParamTest" time="0.0"/>
  <testcase name="filterJSONWithMultipleMaskFields()" classname="core.framework.internal.log.filter.BytesLogParamTest" time="0.0"/>
  <testcase name="filterJSONWithOneMaskField()" classname="core.framework.internal.log.filter.BytesLogParamTest" time="0.0"/>
  <testcase name="filterJSONWithNull()" classname="core.framework.internal.log.filter.BytesLogParamTest" time="0.0"/>
  <system-out><![CDATA[]]></system-out>
  <system-err><![CDATA[]]></system-err>
</testsuite>
