<?xml version="1.0" encoding="UTF-8"?>
<testsuite name="core.framework.internal.http.CookieManagerTest" tests="2" skipped="0" failures="0" errors="0" timestamp="2025-07-02T02:51:05" hostname="bottleCapsMBA.local" time="0.026">
  <properties/>
  <testcase name="loadForRequest()" classname="core.framework.internal.http.CookieManagerTest" time="0.024"/>
  <testcase name="saveFromResponse()" classname="core.framework.internal.http.CookieManagerTest" time="0.001"/>
  <system-out><![CDATA[]]></system-out>
  <system-err><![CDATA[]]></system-err>
</testsuite>
