<?xml version="1.0" encoding="UTF-8"?>
<testsuite name="core.framework.internal.http.HTTPClientImplTest" tests="7" skipped="0" failures="0" errors="0" timestamp="2025-07-02T02:51:05" hostname="bottleCapsMBA.local" time="0.245">
  <properties/>
  <testcase name="execute()" classname="core.framework.internal.http.HTTPClientImplTest" time="0.224"/>
  <testcase name="httpRequestWithInvalidURL()" classname="core.framework.internal.http.HTTPClientImplTest" time="0.002"/>
  <testcase name="response()" classname="core.framework.internal.http.HTTPClientImplTest" time="0.002"/>
  <testcase name="slowOperationThresholdInNanos()" classname="core.framework.internal.http.HTTPClientImplTest" time="0.0"/>
  <testcase name="responseWith204()" classname="core.framework.internal.http.HTTPClientImplTest" time="0.0"/>
  <testcase name="httpRequest()" classname="core.framework.internal.http.HTTPClientImplTest" time="0.01"/>
  <testcase name="mediaType()" classname="core.framework.internal.http.HTTPClientImplTest" time="0.002"/>
  <system-out><![CDATA[]]></system-out>
  <system-err><![CDATA[]]></system-err>
</testsuite>
