<?xml version="1.0" encoding="UTF-8"?>
<testsuite name="core.framework.internal.db.cloud.GCloudAuthProviderTest" tests="3" skipped="0" failures="0" errors="0" timestamp="2025-07-02T02:51:05" hostname="bottleCapsMBA.local" time="0.046">
  <properties/>
  <testcase name="parseExpirationTimeInSec()" classname="core.framework.internal.db.cloud.GCloudAuthProviderTest" time="0.036"/>
  <testcase name="accessToken()" classname="core.framework.internal.db.cloud.GCloudAuthProviderTest" time="0.006"/>
  <testcase name="user()" classname="core.framework.internal.db.cloud.GCloudAuthProviderTest" time="0.003"/>
  <system-out><![CDATA[2025-07-02T02:51:05.391011Z [bottleCapsMBA.local] [Test worker] INFO c.f.h.HTTPClientBuilder - create http client, elapsed=867083
2025-07-02T02:51:05.427628Z [bottleCapsMBA.local] [Test worker] INFO c.f.h.HTTPClientBuilder - create http client, elapsed=1057334
2025-07-02T02:51:05.434690Z [bottleCapsMBA.local] [Test worker] INFO c.f.h.HTTPClientBuilder - create http client, elapsed=1230750
]]></system-out>
  <system-err><![CDATA[]]></system-err>
</testsuite>
