<?xml version="1.0" encoding="UTF-8"?>
<testsuite name="core.framework.internal.log.PerformanceStatTest" tests="2" skipped="0" failures="0" errors="0" timestamp="2025-07-02T02:51:07" hostname="bottleCapsMBA.local" time="0.003">
  <properties/>
  <testcase name="checkSingleIO()" classname="core.framework.internal.log.PerformanceStatTest" time="0.0"/>
  <testcase name="checkTotalIO()" classname="core.framework.internal.log.PerformanceStatTest" time="0.002"/>
  <system-out><![CDATA[]]></system-out>
  <system-err><![CDATA[2025-07-02T02:51:07.929965Z [bottleCapsMBA.local] [Test worker] WARN c.f.i.log.PerformanceStat - [SLOW_DB] slow operation, operation=db, elapsed=PT10S
2025-07-02T02:51:07.932171Z [bottleCapsMBA.local] [Test worker] WARN c.f.i.log.PerformanceStat - [HIGH_DB_IO] read too many entries, operation=db, entries=20000
2025-07-02T02:51:07.932320Z [bottleCapsMBA.local] [Test worker] WARN c.f.i.log.PerformanceStat - [HIGH_DB_IO] write too many entries, operation=db, entries=20000
]]></system-err>
</testsuite>
