<?xml version="1.0" encoding="UTF-8"?>
<testsuite name="core.framework.internal.bean.BeanClassValidatorTest" tests="4" skipped="0" failures="0" errors="0" timestamp="2025-07-02T02:51:02" hostname="bottleCapsMBA.local" time="0.029">
  <properties/>
  <testcase name="validateWithDuplicateClassName()" classname="core.framework.internal.bean.BeanClassValidatorTest" time="0.01"/>
  <testcase name="validateWithList()" classname="core.framework.internal.bean.BeanClassValidatorTest" time="0.002"/>
  <testcase name="validate()" classname="core.framework.internal.bean.BeanClassValidatorTest" time="0.011"/>
  <testcase name="validateWithDuplicateEnumName()" classname="core.framework.internal.bean.BeanClassValidatorTest" time="0.002"/>
  <system-out><![CDATA[]]></system-out>
  <system-err><![CDATA[]]></system-err>
</testsuite>
