<?xml version="1.0" encoding="UTF-8"?>
<testsuite name="core.framework.db.UncheckedSQLExceptionTest" tests="1" skipped="0" failures="0" errors="0" timestamp="2025-07-02T02:51:00" hostname="bottleCapsMBA.local" time="0.028">
  <properties/>
  <testcase name="errorType()" classname="core.framework.db.UncheckedSQLExceptionTest" time="0.028"/>
  <system-out><![CDATA[]]></system-out>
  <system-err><![CDATA[]]></system-err>
</testsuite>
