<?xml version="1.0" encoding="UTF-8"?>
<testsuite name="core.framework.internal.log.filter.ArrayLogParamTest" tests="2" skipped="0" failures="0" errors="0" timestamp="2025-07-02T02:51:08" hostname="bottleCapsMBA.local" time="0.0">
  <properties/>
  <testcase name="append()" classname="core.framework.internal.log.filter.ArrayLogParamTest" time="0.0"/>
  <testcase name="appendWithTruncation()" classname="core.framework.internal.log.filter.ArrayLogParamTest" time="0.0"/>
  <system-out><![CDATA[2025-07-02T02:51:08.080681Z [bottleCapsMBA.local] [kafka-producer-network-thread | log-forwarder] INFO o.a.k.clients.NetworkClient - [Producer clientId=log-forwarder] Node -1 disconnected.
]]></system-out>
  <system-err><![CDATA[]]></system-err>
</testsuite>
