<?xml version="1.0" encoding="UTF-8"?>
<testsuite name="core.framework.http.HTTPRequestTest" tests="7" skipped="0" failures="0" errors="0" timestamp="2025-07-02T02:51:01" hostname="bottleCapsMBA.local" time="0.051">
  <properties/>
  <testcase name="basicAuth()" classname="core.framework.http.HTTPRequestTest" time="0.018"/>
  <testcase name="bearerAuth()" classname="core.framework.http.HTTPRequestTest" time="0.001"/>
  <testcase name="accept()" classname="core.framework.http.HTTPRequestTest" time="0.001"/>
  <testcase name="method()" classname="core.framework.http.HTTPRequestTest" time="0.0"/>
  <testcase name="body()" classname="core.framework.http.HTTPRequestTest" time="0.009"/>
  <testcase name="form()" classname="core.framework.http.HTTPRequestTest" time="0.016"/>
  <testcase name="requestURI()" classname="core.framework.http.HTTPRequestTest" time="0.0"/>
  <system-out><![CDATA[]]></system-out>
  <system-err><![CDATA[]]></system-err>
</testsuite>
