<?xml version="1.0" encoding="UTF-8"?>
<testsuite name="core.framework.internal.http.ServiceUnavailableInterceptorTest" tests="2" skipped="0" failures="0" errors="0" timestamp="2025-07-02T02:51:06" hostname="bottleCapsMBA.local" time="0.11">
  <properties/>
  <testcase name="interceptWith503()" classname="core.framework.internal.http.ServiceUnavailableInterceptorTest" time="0.107"/>
  <testcase name="interceptWithout503()" classname="core.framework.internal.http.ServiceUnavailableInterceptorTest" time="0.002"/>
  <system-out><![CDATA[]]></system-out>
  <system-err><![CDATA[]]></system-err>
</testsuite>
