<?xml version="1.0" encoding="UTF-8"?>
<testsuite name="core.framework.internal.template.fragment.URLFragmentTest" tests="2" skipped="0" failures="0" errors="0" timestamp="2025-07-02T02:51:08" hostname="bottleCapsMBA.local" time="0.005">
  <properties/>
  <testcase name="dataURL()" classname="core.framework.internal.template.fragment.URLFragmentTest" time="0.002"/>
  <testcase name="isValidURL()" classname="core.framework.internal.template.fragment.URLFragmentTest" time="0.002"/>
  <system-out><![CDATA[]]></system-out>
  <system-err><![CDATA[]]></system-err>
</testsuite>
