<?xml version="1.0" encoding="UTF-8"?>
<testsuite name="core.framework.util.StringsTest" tests="7" skipped="0" failures="0" errors="0" timestamp="2025-07-02T02:51:11" hostname="bottleCapsMBA.local" time="0.004">
  <properties/>
  <testcase name="format()" classname="core.framework.util.StringsTest" time="0.001"/>
  <testcase name="stringEquals()" classname="core.framework.util.StringsTest" time="0.0"/>
  <testcase name="split()" classname="core.framework.util.StringsTest" time="0.0"/>
  <testcase name="strip()" classname="core.framework.util.StringsTest" time="0.0"/>
  <testcase name="compare()" classname="core.framework.util.StringsTest" time="0.0"/>
  <testcase name="truncate()" classname="core.framework.util.StringsTest" time="0.0"/>
  <testcase name="isBlank()" classname="core.framework.util.StringsTest" time="0.0"/>
  <system-out><![CDATA[]]></system-out>
  <system-err><![CDATA[]]></system-err>
</testsuite>
