<?xml version="1.0" encoding="UTF-8"?>
<testsuite name="core.framework.internal.http.TimeoutInterceptorTest" tests="3" skipped="0" failures="0" errors="0" timestamp="2025-07-02T02:51:06" hostname="bottleCapsMBA.local" time="0.004">
  <properties/>
  <testcase name="interceptWithoutTimeout()" classname="core.framework.internal.http.TimeoutInterceptorTest" time="0.001"/>
  <testcase name="interceptWithTimeout()" classname="core.framework.internal.http.TimeoutInterceptorTest" time="0.001"/>
  <testcase name="interceptWithConnectTimeout()" classname="core.framework.internal.http.TimeoutInterceptorTest" time="0.001"/>
  <system-out><![CDATA[]]></system-out>
  <system-err><![CDATA[]]></system-err>
</testsuite>
