<?xml version="1.0" encoding="UTF-8"?>
<testsuite name="core.framework.internal.web.response.BeanBodyTest" tests="1" skipped="0" failures="0" errors="0" timestamp="2025-07-02T02:51:09" hostname="bottleCapsMBA.local" time="0.037">
  <properties/>
  <testcase name="send()" classname="core.framework.internal.web.response.BeanBodyTest" time="0.037"/>
  <system-out><![CDATA[]]></system-out>
  <system-err><![CDATA[]]></system-err>
</testsuite>
