<?xml version="1.0" encoding="UTF-8"?>
<testsuite name="core.framework.internal.log.LogEventTest" tests="4" skipped="0" failures="0" errors="0" timestamp="2025-07-02T02:51:07" hostname="bottleCapsMBA.local" time="0.002">
  <properties/>
  <testcase name="appendTrace()" classname="core.framework.internal.log.LogEventTest" time="0.001"/>
  <testcase name="info()" classname="core.framework.internal.log.LogEventTest" time="0.0"/>
  <testcase name="message()" classname="core.framework.internal.log.LogEventTest" time="0.0"/>
  <testcase name="appendDuration()" classname="core.framework.internal.log.LogEventTest" time="0.0"/>
  <system-out><![CDATA[]]></system-out>
  <system-err><![CDATA[]]></system-err>
</testsuite>
