<?xml version="1.0" encoding="UTF-8"?>
<testsuite name="core.framework.module.HTTPConfigTest" tests="4" skipped="0" failures="0" errors="0" timestamp="2025-07-02T02:51:10" hostname="bottleCapsMBA.local" time="0.026">
  <properties/>
  <testcase name="bean()" classname="core.framework.module.HTTPConfigTest" time="0.018"/>
  <testcase name="route()" classname="core.framework.module.HTTPConfigTest" time="0.003"/>
  <testcase name="intercept()" classname="core.framework.module.HTTPConfigTest" time="0.002"/>
  <testcase name="routeWithReservedPath()" classname="core.framework.module.HTTPConfigTest" time="0.001"/>
  <system-out><![CDATA[2025-07-02T02:51:10.935130Z [bottleCapsMBA.local] [Test worker] INFO c.f.w.site.WebDirectory - can not locate web directory
2025-07-02T02:51:10.935310Z [bottleCapsMBA.local] [Test worker] INFO c.f.i.w.route.Route - route, method=GET, path=/_sys/vm, controller=core.framework.internal.web.sys.DiagnosticController.vm
2025-07-02T02:51:10.935385Z [bottleCapsMBA.local] [Test worker] INFO c.f.i.w.route.Route - route, method=GET, path=/_sys/thread, controller=core.framework.internal.web.sys.DiagnosticController.thread
2025-07-02T02:51:10.935419Z [bottleCapsMBA.local] [Test worker] INFO c.f.i.w.route.Route - route, method=GET, path=/_sys/heap, controller=core.framework.internal.web.sys.DiagnosticController.heap
2025-07-02T02:51:10.935475Z [bottleCapsMBA.local] [Test worker] INFO c.f.i.w.route.Route - route, method=GET, path=/_sys/proc, controller=core.framework.internal.web.sys.DiagnosticController.proc
2025-07-02T02:51:10.935517Z [bottleCapsMBA.local] [Test worker] INFO c.f.i.w.route.Route - route, method=GET, path=/_sys/property, controller=core.framework.internal.web.sys.PropertyController.execute
2025-07-02T02:51:10.935550Z [bottleCapsMBA.local] [Test worker] INFO c.f.i.w.route.Route - route, method=GET, path=/_sys/api, controller=null.execute
2025-07-02T02:51:10.935574Z [bottleCapsMBA.local] [Test worker] INFO c.f.i.w.route.Route - route, method=GET, path=/_sys/api/message, controller=null.execute
2025-07-02T02:51:10.936046Z [bottleCapsMBA.local] [Test worker] INFO c.f.m.HTTPConfig - register bean, class=core.framework.module.HTTPConfigTest.TestBean
2025-07-02T02:51:10.949063Z [bottleCapsMBA.local] [Test worker] INFO c.f.m.HTTPConfig - register bean, class=core.framework.module.HTTPConfigTest.TestQueryParamBean
2025-07-02T02:51:10.951407Z [bottleCapsMBA.local] [Test worker] INFO c.f.m.HTTPConfig - register bean, class=core.framework.module.HTTPConfigTest.TestEnum
2025-07-02T02:51:10.952155Z [bottleCapsMBA.local] [Test worker] INFO c.f.m.HTTPConfig - register bean, class=core.framework.module.HTTPConfigTest.TestBean
2025-07-02T02:51:10.952876Z [bottleCapsMBA.local] [Test worker] INFO c.f.m.HTTPConfig - register bean, class=core.framework.module.HTTPConfigTest.TestQueryParamBean
2025-07-02T02:51:10.953450Z [bottleCapsMBA.local] [Test worker] INFO c.f.m.HTTPConfig - register bean, class=core.framework.module.HTTPConfigTest.TestEnum
2025-07-02T02:51:10.955765Z [bottleCapsMBA.local] [Test worker] INFO c.f.i.w.route.Route - route, method=GET, path=/route-test, controller=core.framework.module.HTTPConfigTest.TestControllers.get
2025-07-02T02:51:10.956694Z [bottleCapsMBA.local] [Test worker] INFO c.f.i.w.route.Route - route, method=POST, path=/route-test, controller=core.framework.module.HTTPConfigTest.TestControllers.post
2025-07-02T02:51:10.957198Z [bottleCapsMBA.local] [Test worker] INFO c.f.i.w.route.Route - route, method=PUT, path=/route-test, controller=core.framework.module.HTTPConfigTest.TestController.execute
2025-07-02T02:51:10.957347Z [bottleCapsMBA.local] [Test worker] INFO c.f.i.w.route.Route - route, method=DELETE, path=/route-test, controller=core.framework.module.HTTPConfigTest.TestController.execute
2025-07-02T02:51:10.957783Z [bottleCapsMBA.local] [Test worker] INFO c.f.i.w.route.Route - route, method=PATCH, path=/route-test, controller=core.framework.module.HTTPConfigTest.TestController.execute
]]></system-out>
  <system-err><![CDATA[]]></system-err>
</testsuite>
