<?xml version="1.0" encoding="UTF-8"?>
<testsuite name="core.framework.internal.asm.LiteralTest" tests="3" skipped="0" failures="0" errors="0" timestamp="2025-07-02T02:51:01" hostname="bottleCapsMBA.local" time="0.014">
  <properties/>
  <testcase name="enumVariable()" classname="core.framework.internal.asm.LiteralTest" time="0.003"/>
  <testcase name="typeVariable()" classname="core.framework.internal.asm.LiteralTest" time="0.007"/>
  <testcase name="stringVariable()" classname="core.framework.internal.asm.LiteralTest" time="0.001"/>
  <system-out><![CDATA[]]></system-out>
  <system-err><![CDATA[]]></system-err>
</testsuite>
