<?xml version="1.0" encoding="UTF-8"?>
<testsuite name="core.framework.internal.redis.RedisHyperLogLogOperationTest" tests="2" skipped="0" failures="0" errors="0" timestamp="2025-07-02T02:51:08" hostname="bottleCapsMBA.local" time="0.004">
  <properties/>
  <testcase name="add()" classname="core.framework.internal.redis.RedisHyperLogLogOperationTest" time="0.002"/>
  <testcase name="count()" classname="core.framework.internal.redis.RedisHyperLogLogOperationTest" time="0.001"/>
  <system-out><![CDATA[]]></system-out>
  <system-err><![CDATA[]]></system-err>
</testsuite>
