<?xml version="1.0" encoding="UTF-8"?>
<testsuite name="core.framework.internal.db.DatabaseImplTest" tests="19" skipped="0" failures="0" errors="0" timestamp="2025-07-02T02:51:04" hostname="bottleCapsMBA.local" time="0.116">
  <properties/>
  <testcase name="selectDate()" classname="core.framework.internal.db.DatabaseImplTest" time="0.042"/>
  <testcase name="batchExecuteWithEmptyParams()" classname="core.framework.internal.db.DatabaseImplTest" time="0.002"/>
  <testcase name="commitTransaction()" classname="core.framework.internal.db.DatabaseImplTest" time="0.004"/>
  <testcase name="batchExecute()" classname="core.framework.internal.db.DatabaseImplTest" time="0.004"/>
  <testcase name="validateSQL()" classname="core.framework.internal.db.DatabaseImplTest" time="0.0"/>
  <testcase name="selectNullInt()" classname="core.framework.internal.db.DatabaseImplTest" time="0.001"/>
  <testcase name="validateSQLWithAsterisk()" classname="core.framework.internal.db.DatabaseImplTest" time="0.002"/>
  <testcase name="trackWithReadTooManyRows()" classname="core.framework.internal.db.DatabaseImplTest" time="0.004"/>
  <testcase name="selectWithView()" classname="core.framework.internal.db.DatabaseImplTest" time="0.002"/>
  <testcase name="track()" classname="core.framework.internal.db.DatabaseImplTest" time="0.001"/>
  <testcase name="selectOneWithView()" classname="core.framework.internal.db.DatabaseImplTest" time="0.001"/>
  <testcase name="duplicateKey()" classname="core.framework.internal.db.DatabaseImplTest" time="0.001"/>
  <testcase name="rollbackTransactionWithException()" classname="core.framework.internal.db.DatabaseImplTest" time="0.002"/>
  <testcase name="trackWithTooManyDBOperations()" classname="core.framework.internal.db.DatabaseImplTest" time="0.023"/>
  <testcase name="driverProperties()" classname="core.framework.internal.db.DatabaseImplTest" time="0.012"/>
  <testcase name="rollbackTransaction()" classname="core.framework.internal.db.DatabaseImplTest" time="0.001"/>
  <testcase name="selectEmptyWithView()" classname="core.framework.internal.db.DatabaseImplTest" time="0.001"/>
  <testcase name="selectNumber()" classname="core.framework.internal.db.DatabaseImplTest" time="0.001"/>
  <testcase name="selectString()" classname="core.framework.internal.db.DatabaseImplTest" time="0.001"/>
  <system-out><![CDATA[2025-07-02T02:51:03.951908Z [bottleCapsMBA.local] [Test worker] INFO c.f.i.db.DatabaseImpl - set database connection url, url=jdbc:hsqldb:mem:.;sql.syntax_mys=true
2025-07-02T02:51:03.975522Z [bottleCapsMBA.local] [Test worker] INFO c.f.i.db.DatabaseImpl - register db view, viewClass=core.framework.internal.db.EntityView, elapsed=21156917
2025-07-02T02:51:04.771852Z [bottleCapsMBA.local] [Test worker] INFO c.f.i.db.DatabaseImpl - use cloud auth provider, provider=gcloud
2025-07-02T02:51:04.774793Z [bottleCapsMBA.local] [Test worker] INFO c.f.h.HTTPClientBuilder - create http client, elapsed=2127500
]]></system-out>
  <system-err><![CDATA[2025-07-02T02:51:04.730060Z [bottleCapsMBA.local] [Test worker] WARN c.f.i.log.PerformanceStat - [HIGH_DB_IO] read too many entries once, operation=db, entries=100
2025-07-02T02:51:04.733212Z [bottleCapsMBA.local] [Test worker] WARN c.f.i.log.WarningContext - [SLOW_PROCESS] action took longer than of max process time, maxProcessTime=PT0.0000001S, elapsed=PT0.000112875S
2025-07-02T02:51:04.738409Z [bottleCapsMBA.local] [Test worker] WARN c.f.i.db.TransactionManager - rollback transaction due to transaction.commit() was not called or exception occurred
2025-07-02T02:51:04.762592Z [bottleCapsMBA.local] [Test worker] WARN c.f.i.log.PerformanceStat - [HIGH_DB_IO] too many operations, operation=db, count=10
]]></system-err>
</testsuite>
