<?xml version="1.0" encoding="UTF-8"?>
<testsuite name="core.framework.internal.db.ConnectionsTest" tests="3" skipped="0" failures="0" errors="0" timestamp="2025-07-02T02:51:03" hostname="bottleCapsMBA.local" time="0.004">
  <properties/>
  <testcase name="withStatementIsClosed()" classname="core.framework.internal.db.ConnectionsTest" time="0.003"/>
  <testcase name="withQueryTimeout()" classname="core.framework.internal.db.ConnectionsTest" time="0.001"/>
  <testcase name="withSQLConnectionError()" classname="core.framework.internal.db.ConnectionsTest" time="0.0"/>
  <system-out><![CDATA[]]></system-out>
  <system-err><![CDATA[]]></system-err>
</testsuite>
