<?xml version="1.0" encoding="UTF-8"?>
<testsuite name="core.framework.internal.web.http.IPv4AccessControlTest" tests="9" skipped="0" failures="0" errors="0" timestamp="2025-07-02T02:51:09" hostname="bottleCapsMBA.local" time="0.008">
  <properties/>
  <testcase name="allowWithBothAllowDenyDefined()" classname="core.framework.internal.web.http.IPv4AccessControlTest" time="0.001"/>
  <testcase name="denyByDefault()" classname="core.framework.internal.web.http.IPv4AccessControlTest" time="0.0"/>
  <testcase name="allowWithOnlyDenyDefined()" classname="core.framework.internal.web.http.IPv4AccessControlTest" time="0.0"/>
  <testcase name="allowWithIPv6()" classname="core.framework.internal.web.http.IPv4AccessControlTest" time="0.001"/>
  <testcase name="allowWithOnlyAllowDefined()" classname="core.framework.internal.web.http.IPv4AccessControlTest" time="0.001"/>
  <testcase name="validateWithAllowedIP()" classname="core.framework.internal.web.http.IPv4AccessControlTest" time="0.0"/>
  <testcase name="validateWithLocalIP()" classname="core.framework.internal.web.http.IPv4AccessControlTest" time="0.0"/>
  <testcase name="validateWithNotAllowedIP()" classname="core.framework.internal.web.http.IPv4AccessControlTest" time="0.002"/>
  <testcase name="isLocal()" classname="core.framework.internal.web.http.IPv4AccessControlTest" time="0.001"/>
  <system-out><![CDATA[]]></system-out>
  <system-err><![CDATA[]]></system-err>
</testsuite>
