<?xml version="1.0" encoding="UTF-8"?>
<testsuite name="core.framework.internal.redis.RedisHostTest" tests="4" skipped="0" failures="0" errors="0" timestamp="2025-07-02T02:51:08" hostname="bottleCapsMBA.local" time="0.006">
  <properties/>
  <testcase name="invalidFormat()" classname="core.framework.internal.redis.RedisHostTest" time="0.003"/>
  <testcase name="withPort()" classname="core.framework.internal.redis.RedisHostTest" time="0.001"/>
  <testcase name="hostOnly()" classname="core.framework.internal.redis.RedisHostTest" time="0.0"/>
  <testcase name="convertToString()" classname="core.framework.internal.redis.RedisHostTest" time="0.001"/>
  <system-out><![CDATA[]]></system-out>
  <system-err><![CDATA[]]></system-err>
</testsuite>
