<?xml version="1.0" encoding="UTF-8"?>
<testsuite name="core.framework.internal.db.SelectQueryTest" tests="4" skipped="0" failures="0" errors="0" timestamp="2025-07-02T02:51:05" hostname="bottleCapsMBA.local" time="0.023">
  <properties/>
  <testcase name="fetchSQLWithPostgreSQL()" classname="core.framework.internal.db.SelectQueryTest" time="0.0"/>
  <testcase name="getSQL()" classname="core.framework.internal.db.SelectQueryTest" time="0.0"/>
  <testcase name="params()" classname="core.framework.internal.db.SelectQueryTest" time="0.017"/>
  <testcase name="fetchSQL()" classname="core.framework.internal.db.SelectQueryTest" time="0.001"/>
  <system-out><![CDATA[]]></system-out>
  <system-err><![CDATA[]]></system-err>
</testsuite>
