<?xml version="1.0" encoding="UTF-8"?>
<testsuite name="core.framework.internal.validate.BeanValidatorPatternTest" tests="2" skipped="0" failures="0" errors="0" timestamp="2025-07-02T02:51:08" hostname="bottleCapsMBA.local" time="0.018">
  <properties/>
  <testcase name="valid()" classname="core.framework.internal.validate.BeanValidatorPatternTest" time="0.011"/>
  <testcase name="invalid()" classname="core.framework.internal.validate.BeanValidatorPatternTest" time="0.006"/>
  <system-out><![CDATA[]]></system-out>
  <system-err><![CDATA[]]></system-err>
</testsuite>
