<?xml version="1.0" encoding="UTF-8"?>
<testsuite name="core.framework.internal.web.websocket.WebSocketContextImplTest" tests="3" skipped="0" failures="0" errors="0" timestamp="2025-07-02T02:51:10" hostname="bottleCapsMBA.local" time="0.001">
  <properties/>
  <testcase name="remove()" classname="core.framework.internal.web.websocket.WebSocketContextImplTest" time="0.0"/>
  <testcase name="all()" classname="core.framework.internal.web.websocket.WebSocketContextImplTest" time="0.0"/>
  <testcase name="join()" classname="core.framework.internal.web.websocket.WebSocketContextImplTest" time="0.001"/>
  <system-out><![CDATA[]]></system-out>
  <system-err><![CDATA[]]></system-err>
</testsuite>
