<?xml version="1.0" encoding="UTF-8"?>
<testsuite name="core.framework.internal.scheduler.HourlyTriggerTest" tests="3" skipped="0" failures="0" errors="0" timestamp="2025-07-02T02:51:08" hostname="bottleCapsMBA.local" time="0.003">
  <properties/>
  <testcase name="description()" classname="core.framework.internal.scheduler.HourlyTriggerTest" time="0.001"/>
  <testcase name="validate()" classname="core.framework.internal.scheduler.HourlyTriggerTest" time="0.001"/>
  <testcase name="next()" classname="core.framework.internal.scheduler.HourlyTriggerTest" time="0.001"/>
  <system-out><![CDATA[]]></system-out>
  <system-err><![CDATA[]]></system-err>
</testsuite>
