<?xml version="1.0" encoding="UTF-8"?>
<testsuite name="core.framework.internal.web.service.WebServiceClientBuilderTest" tests="6" skipped="0" failures="0" errors="0" timestamp="2025-07-02T02:51:10" hostname="bottleCapsMBA.local" time="0.106">
  <properties/>
  <testcase name="buildPath()" classname="core.framework.internal.web.service.WebServiceClientBuilderTest" time="0.063"/>
  <testcase name="create()" classname="core.framework.internal.web.service.WebServiceClientBuilderTest" time="0.007"/>
  <testcase name="sourceCode()" classname="core.framework.internal.web.service.WebServiceClientBuilderTest" time="0.007"/>
  <testcase name="get()" classname="core.framework.internal.web.service.WebServiceClientBuilderTest" time="0.01"/>
  <testcase name="patch()" classname="core.framework.internal.web.service.WebServiceClientBuilderTest" time="0.009"/>
  <testcase name="intercept()" classname="core.framework.internal.web.service.WebServiceClientBuilderTest" time="0.007"/>
  <system-out><![CDATA[]]></system-out>
  <system-err><![CDATA[]]></system-err>
</testsuite>
