<?xml version="1.0" encoding="UTF-8"?>
<testsuite name="core.framework.internal.web.websocket.WebSocketHandlerTest" tests="3" skipped="0" failures="0" errors="0" timestamp="2025-07-02T02:51:10" hostname="bottleCapsMBA.local" time="0.051">
  <properties/>
  <testcase name="add()" classname="core.framework.internal.web.websocket.WebSocketHandlerTest" time="0.048"/>
  <testcase name="checkWebSocket()" classname="core.framework.internal.web.websocket.WebSocketHandlerTest" time="0.001"/>
  <testcase name="loadSession()" classname="core.framework.internal.web.websocket.WebSocketHandlerTest" time="0.002"/>
  <system-out><![CDATA[]]></system-out>
  <system-err><![CDATA[]]></system-err>
</testsuite>
