<?xml version="1.0" encoding="UTF-8"?>
<testsuite name="core.framework.internal.web.site.StaticDirectoryControllerTest" tests="2" skipped="0" failures="0" errors="0" timestamp="2025-07-02T02:51:10" hostname="bottleCapsMBA.local" time="0.012">
  <properties/>
  <testcase name="cache()" classname="core.framework.internal.web.site.StaticDirectoryControllerTest" time="0.009"/>
  <testcase name="illegalAccess()" classname="core.framework.internal.web.site.StaticDirectoryControllerTest" time="0.003"/>
  <system-out><![CDATA[]]></system-out>
  <system-err><![CDATA[]]></system-err>
</testsuite>
