<?xml version="1.0" encoding="UTF-8"?>
<testsuite name="core.framework.internal.web.http.IPv4RangesTest" tests="5" skipped="0" failures="0" errors="0" timestamp="2025-07-02T02:51:09" hostname="bottleCapsMBA.local" time="0.002">
  <properties/>
  <testcase name="mergeRanges()" classname="core.framework.internal.web.http.IPv4RangesTest" time="0.001"/>
  <testcase name="matches()" classname="core.framework.internal.web.http.IPv4RangesTest" time="0.0"/>
  <testcase name="matchesAll()" classname="core.framework.internal.web.http.IPv4RangesTest" time="0.0"/>
  <testcase name="withinRanges()" classname="core.framework.internal.web.http.IPv4RangesTest" time="0.0"/>
  <testcase name="matchWithEmptyRanges()" classname="core.framework.internal.web.http.IPv4RangesTest" time="0.0"/>
  <system-out><![CDATA[]]></system-out>
  <system-err><![CDATA[]]></system-err>
</testsuite>
