<?xml version="1.0" encoding="UTF-8"?>
<testsuite name="core.framework.internal.scheduler.FixedRateTaskTest" tests="2" skipped="0" failures="0" errors="0" timestamp="2025-07-02T02:51:08" hostname="bottleCapsMBA.local" time="0.002">
  <properties/>
  <testcase name="trigger()" classname="core.framework.internal.scheduler.FixedRateTaskTest" time="0.001"/>
  <testcase name="scheduleNext()" classname="core.framework.internal.scheduler.FixedRateTaskTest" time="0.001"/>
  <system-out><![CDATA[]]></system-out>
  <system-err><![CDATA[]]></system-err>
</testsuite>
