<?xml version="1.0" encoding="UTF-8"?>
<testsuite name="core.framework.internal.http.HTTPRequestHelperTest" tests="2" skipped="0" failures="0" errors="0" timestamp="2025-07-02T02:51:05" hostname="bottleCapsMBA.local" time="0.0">
  <properties/>
  <testcase name="encode()" classname="core.framework.internal.http.HTTPRequestHelperTest" time="0.0"/>
  <testcase name="encodeWithEmptyValue()" classname="core.framework.internal.http.HTTPRequestHelperTest" time="0.0"/>
  <system-out><![CDATA[]]></system-out>
  <system-err><![CDATA[]]></system-err>
</testsuite>
