<?xml version="1.0" encoding="UTF-8"?>
<testsuite name="core.framework.internal.web.session.SessionManagerTest" tests="11" skipped="0" failures="0" errors="0" timestamp="2025-07-02T02:51:10" hostname="bottleCapsMBA.local" time="0.014">
  <properties/>
  <testcase name="saveWithInvalidatedSessionWithoutId()" classname="core.framework.internal.web.session.SessionManagerTest" time="0.001"/>
  <testcase name="invalidate()" classname="core.framework.internal.web.session.SessionManagerTest" time="0.001"/>
  <testcase name="putSessionIdToCookie()" classname="core.framework.internal.web.session.SessionManagerTest" time="0.001"/>
  <testcase name="domainWithCookie()" classname="core.framework.internal.web.session.SessionManagerTest" time="0.001"/>
  <testcase name="putSessionIdToHeader()" classname="core.framework.internal.web.session.SessionManagerTest" time="0.0"/>
  <testcase name="saveWithInvalidatedSession()" classname="core.framework.internal.web.session.SessionManagerTest" time="0.001"/>
  <testcase name="domainWithHeader()" classname="core.framework.internal.web.session.SessionManagerTest" time="0.001"/>
  <testcase name="cookie()" classname="core.framework.internal.web.session.SessionManagerTest" time="0.002"/>
  <testcase name="header()" classname="core.framework.internal.web.session.SessionManagerTest" time="0.002"/>
  <testcase name="saveNewSession()" classname="core.framework.internal.web.session.SessionManagerTest" time="0.001"/>
  <testcase name="saveWithFailedToConnectWebSocket()" classname="core.framework.internal.web.session.SessionManagerTest" time="0.002"/>
  <system-out><![CDATA[]]></system-out>
  <system-err><![CDATA[]]></system-err>
</testsuite>
