<?xml version="1.0" encoding="UTF-8"?>
<testsuite name="core.framework.internal.log.IdGeneratorTest" tests="1" skipped="0" failures="0" errors="0" timestamp="2025-07-02T02:51:07" hostname="bottleCapsMBA.local" time="0.002">
  <properties/>
  <testcase name="next()" classname="core.framework.internal.log.IdGeneratorTest" time="0.002"/>
  <system-out><![CDATA[]]></system-out>
  <system-err><![CDATA[]]></system-err>
</testsuite>
