<?xml version="1.0" encoding="UTF-8"?>
<testsuite name="core.framework.module.AppTest" tests="2" skipped="0" failures="0" errors="0" timestamp="2025-07-02T02:51:10" hostname="bottleCapsMBA.local" time="0.005">
  <properties/>
  <testcase name="logContext()" classname="core.framework.module.AppTest" time="0.001"/>
  <testcase name="configure()" classname="core.framework.module.AppTest" time="0.004"/>
  <system-out><![CDATA[2025-07-02T02:51:10.893077Z [bottleCapsMBA.local] [Test worker] INFO c.f.m.App - initialize framework
2025-07-02T02:51:10.894392Z [bottleCapsMBA.local] [Test worker] INFO c.f.m.App - availableProcessors=8, maxMemory=17179869184
2025-07-02T02:51:10.894817Z [bottleCapsMBA.local] [Test worker] INFO c.f.m.App - jvmArgs=-Dorg.gradle.internal.worker.tmpdir=/Users/bottlecap/twirlista/core-ng-project/build/core-ng/tmp/test/work -Dorg.gradle.native=false -javaagent:/Users/bottlecap/twirlista/core-ng-project/build/core-ng/tmp/.cache/expanded/zip_a33b649e552c51298e5a242c2f0d0e3c/jacocoagent.jar=destfile=../build/core-ng/jacoco/test.exec,append=true,inclnolocationclasses=false,dumponexit=true,output=file,jmx=false -Xmx512m -Dfile.encoding=UTF-8 -Duser.country=CA -Duser.language=en -Duser.variant -ea
2025-07-02T02:51:10.895340Z [bottleCapsMBA.local] [Test worker] INFO c.f.w.site.WebDirectory - can not locate web directory
2025-07-02T02:51:10.895586Z [bottleCapsMBA.local] [Test worker] INFO c.f.i.w.route.Route - route, method=GET, path=/_sys/vm, controller=core.framework.internal.web.sys.DiagnosticController.vm
2025-07-02T02:51:10.895730Z [bottleCapsMBA.local] [Test worker] INFO c.f.i.w.route.Route - route, method=GET, path=/_sys/thread, controller=core.framework.internal.web.sys.DiagnosticController.thread
2025-07-02T02:51:10.896004Z [bottleCapsMBA.local] [Test worker] INFO c.f.i.w.route.Route - route, method=GET, path=/_sys/heap, controller=core.framework.internal.web.sys.DiagnosticController.heap
2025-07-02T02:51:10.896132Z [bottleCapsMBA.local] [Test worker] INFO c.f.i.w.route.Route - route, method=GET, path=/_sys/proc, controller=core.framework.internal.web.sys.DiagnosticController.proc
2025-07-02T02:51:10.896468Z [bottleCapsMBA.local] [Test worker] INFO c.f.i.w.route.Route - route, method=GET, path=/_sys/property, controller=core.framework.internal.web.sys.PropertyController.execute
2025-07-02T02:51:10.896570Z [bottleCapsMBA.local] [Test worker] INFO c.f.i.w.route.Route - route, method=GET, path=/_sys/api, controller=null.execute
2025-07-02T02:51:10.896739Z [bottleCapsMBA.local] [Test worker] INFO c.f.i.w.route.Route - route, method=GET, path=/_sys/api/message, controller=null.execute
2025-07-02T02:51:10.897014Z [bottleCapsMBA.local] [Test worker] INFO c.f.m.App - initialize application
]]></system-out>
  <system-err><![CDATA[]]></system-err>
</testsuite>
