<?xml version="1.0" encoding="UTF-8"?>
<testsuite name="core.framework.internal.validate.type.ClassValidatorTest" tests="4" skipped="0" failures="0" errors="0" timestamp="2025-07-02T02:51:08" hostname="bottleCapsMBA.local" time="0.004">
  <properties/>
  <testcase name="validate()" classname="core.framework.internal.validate.type.ClassValidatorTest" time="0.001"/>
  <testcase name="validateObjectClass()" classname="core.framework.internal.validate.type.ClassValidatorTest" time="0.002"/>
  <testcase name="validateWithDateField()" classname="core.framework.internal.validate.type.ClassValidatorTest" time="0.0"/>
  <testcase name="validateMapList()" classname="core.framework.internal.validate.type.ClassValidatorTest" time="0.0"/>
  <system-out><![CDATA[]]></system-out>
  <system-err><![CDATA[]]></system-err>
</testsuite>
