<?xml version="1.0" encoding="UTF-8"?>
<testsuite name="core.framework.util.EncodingsTest" tests="6" skipped="0" failures="0" errors="0" timestamp="2025-07-02T02:51:11" hostname="bottleCapsMBA.local" time="0.003">
  <properties/>
  <testcase name="base64()" classname="core.framework.util.EncodingsTest" time="0.0"/>
  <testcase name="base64URLSafe()" classname="core.framework.util.EncodingsTest" time="0.0"/>
  <testcase name="hex()" classname="core.framework.util.EncodingsTest" time="0.001"/>
  <testcase name="uriComponent()" classname="core.framework.util.EncodingsTest" time="0.0"/>
  <testcase name="decodeURIComponent()" classname="core.framework.util.EncodingsTest" time="0.0"/>
  <testcase name="decodeBase64()" classname="core.framework.util.EncodingsTest" time="0.0"/>
  <system-out><![CDATA[]]></system-out>
  <system-err><![CDATA[]]></system-err>
</testsuite>
