<?xml version="1.0" encoding="UTF-8"?>
<testsuite name="core.framework.internal.module.PropertyManagerTest" tests="5" skipped="0" failures="0" errors="0" timestamp="2025-07-02T02:51:08" hostname="bottleCapsMBA.local" time="0.002">
  <properties/>
  <testcase name="ignoreEnvIfKeyNotDefinedInProperties()" classname="core.framework.internal.module.PropertyManagerTest" time="0.0"/>
  <testcase name="overridePropertyWithEmptyValue()" classname="core.framework.internal.module.PropertyManagerTest" time="0.0"/>
  <testcase name="property()" classname="core.framework.internal.module.PropertyManagerTest" time="0.0"/>
  <testcase name="maskValue()" classname="core.framework.internal.module.PropertyManagerTest" time="0.0"/>
  <testcase name="envVarName()" classname="core.framework.internal.module.PropertyManagerTest" time="0.001"/>
  <system-out><![CDATA[2025-07-02T02:51:08.142855Z [bottleCapsMBA.local] [Test worker] INFO c.f.i.module.PropertyManager - found overridden property by system property -Dsys.cache.host, key=sys.cache.host, value=overrideHost
2025-07-02T02:51:08.143507Z [bottleCapsMBA.local] [Test worker] INFO c.f.i.module.PropertyManager - found overridden property by system property -Dsys.cache.host, key=sys.cache.host, value=overrideHost
]]></system-out>
  <system-err><![CDATA[]]></system-err>
</testsuite>
