<?xml version="1.0" encoding="UTF-8"?>
<testsuite name="core.framework.internal.redis.RedisSetOperationTest" tests="6" skipped="0" failures="0" errors="0" timestamp="2025-07-02T02:51:08" hostname="bottleCapsMBA.local" time="0.014">
  <properties/>
  <testcase name="remove()" classname="core.framework.internal.redis.RedisSetOperationTest" time="0.001"/>
  <testcase name="isMember()" classname="core.framework.internal.redis.RedisSetOperationTest" time="0.001"/>
  <testcase name="add()" classname="core.framework.internal.redis.RedisSetOperationTest" time="0.002"/>
  <testcase name="pop()" classname="core.framework.internal.redis.RedisSetOperationTest" time="0.001"/>
  <testcase name="size()" classname="core.framework.internal.redis.RedisSetOperationTest" time="0.005"/>
  <testcase name="members()" classname="core.framework.internal.redis.RedisSetOperationTest" time="0.001"/>
  <system-out><![CDATA[]]></system-out>
  <system-err><![CDATA[]]></system-err>
</testsuite>
