<?xml version="1.0" encoding="UTF-8"?>
<testsuite name="core.framework.internal.template.expression.ExpressionTranslatorTest" tests="5" skipped="0" failures="0" errors="0" timestamp="2025-07-02T02:51:08" hostname="bottleCapsMBA.local" time="0.001">
  <properties/>
  <testcase name="method()" classname="core.framework.internal.template.expression.ExpressionTranslatorTest" time="0.0"/>
  <testcase name="contextVariable()" classname="core.framework.internal.template.expression.ExpressionTranslatorTest" time="0.0"/>
  <testcase name="methodWithNumberParam()" classname="core.framework.internal.template.expression.ExpressionTranslatorTest" time="0.0"/>
  <testcase name="text()" classname="core.framework.internal.template.expression.ExpressionTranslatorTest" time="0.0"/>
  <testcase name="field()" classname="core.framework.internal.template.expression.ExpressionTranslatorTest" time="0.0"/>
  <system-out><![CDATA[]]></system-out>
  <system-err><![CDATA[]]></system-err>
</testsuite>
