<?xml version="1.0" encoding="UTF-8"?>
<testsuite name="core.framework.internal.scheduler.DailyTriggerTest" tests="4" skipped="0" failures="0" errors="0" timestamp="2025-07-02T02:51:08" hostname="bottleCapsMBA.local" time="0.009">
  <properties/>
  <testcase name="description()" classname="core.framework.internal.scheduler.DailyTriggerTest" time="0.002"/>
  <testcase name="next()" classname="core.framework.internal.scheduler.DailyTriggerTest" time="0.003"/>
  <testcase name="nextWithDayLightSavingStart()" classname="core.framework.internal.scheduler.DailyTriggerTest" time="0.001"/>
  <testcase name="nextWithDayLightSavingEnd()" classname="core.framework.internal.scheduler.DailyTriggerTest" time="0.0"/>
  <system-out><![CDATA[]]></system-out>
  <system-err><![CDATA[]]></system-err>
</testsuite>
