<?xml version="1.0" encoding="UTF-8"?>
<testsuite name="core.framework.module.CacheConfigTest" tests="6" skipped="0" failures="0" errors="0" timestamp="2025-07-02T02:51:10" hostname="bottleCapsMBA.local" time="0.021">
  <properties/>
  <testcase name="validate()" classname="core.framework.module.CacheConfigTest" time="0.003"/>
  <testcase name="cacheName()" classname="core.framework.module.CacheConfigTest" time="0.001"/>
  <testcase name="addWithDuplicateCache()" classname="core.framework.module.CacheConfigTest" time="0.008"/>
  <testcase name="local()" classname="core.framework.module.CacheConfigTest" time="0.003"/>
  <testcase name="addWithLocal()" classname="core.framework.module.CacheConfigTest" time="0.001"/>
  <testcase name="addWithRedis()" classname="core.framework.module.CacheConfigTest" time="0.002"/>
  <system-out><![CDATA[2025-07-02T02:51:10.898731Z [bottleCapsMBA.local] [Test worker] INFO c.f.w.site.WebDirectory - can not locate web directory
2025-07-02T02:51:10.898861Z [bottleCapsMBA.local] [Test worker] INFO c.f.i.w.route.Route - route, method=GET, path=/_sys/vm, controller=core.framework.internal.web.sys.DiagnosticController.vm
2025-07-02T02:51:10.898920Z [bottleCapsMBA.local] [Test worker] INFO c.f.i.w.route.Route - route, method=GET, path=/_sys/thread, controller=core.framework.internal.web.sys.DiagnosticController.thread
2025-07-02T02:51:10.898969Z [bottleCapsMBA.local] [Test worker] INFO c.f.i.w.route.Route - route, method=GET, path=/_sys/heap, controller=core.framework.internal.web.sys.DiagnosticController.heap
2025-07-02T02:51:10.899014Z [bottleCapsMBA.local] [Test worker] INFO c.f.i.w.route.Route - route, method=GET, path=/_sys/proc, controller=core.framework.internal.web.sys.DiagnosticController.proc
2025-07-02T02:51:10.899055Z [bottleCapsMBA.local] [Test worker] INFO c.f.i.w.route.Route - route, method=GET, path=/_sys/property, controller=core.framework.internal.web.sys.PropertyController.execute
2025-07-02T02:51:10.899090Z [bottleCapsMBA.local] [Test worker] INFO c.f.i.w.route.Route - route, method=GET, path=/_sys/api, controller=null.execute
2025-07-02T02:51:10.899117Z [bottleCapsMBA.local] [Test worker] INFO c.f.i.w.route.Route - route, method=GET, path=/_sys/api/message, controller=null.execute
2025-07-02T02:51:10.899778Z [bottleCapsMBA.local] [Test worker] INFO c.f.i.w.route.Route - route, method=GET, path=/_sys/cache, controller=core.framework.internal.web.sys.CacheController.list
2025-07-02T02:51:10.900149Z [bottleCapsMBA.local] [Test worker] INFO c.f.i.w.route.Route - route, method=GET, path=/_sys/cache/:name/:key, controller=core.framework.internal.web.sys.CacheController.get
2025-07-02T02:51:10.900534Z [bottleCapsMBA.local] [Test worker] INFO c.f.i.w.route.Route - route, method=DELETE, path=/_sys/cache/:name/:key, controller=core.framework.internal.web.sys.CacheController.delete
2025-07-02T02:51:10.901598Z [bottleCapsMBA.local] [Test worker] INFO c.f.w.site.WebDirectory - can not locate web directory
2025-07-02T02:51:10.901721Z [bottleCapsMBA.local] [Test worker] INFO c.f.i.w.route.Route - route, method=GET, path=/_sys/vm, controller=core.framework.internal.web.sys.DiagnosticController.vm
2025-07-02T02:51:10.901776Z [bottleCapsMBA.local] [Test worker] INFO c.f.i.w.route.Route - route, method=GET, path=/_sys/thread, controller=core.framework.internal.web.sys.DiagnosticController.thread
2025-07-02T02:51:10.901820Z [bottleCapsMBA.local] [Test worker] INFO c.f.i.w.route.Route - route, method=GET, path=/_sys/heap, controller=core.framework.internal.web.sys.DiagnosticController.heap
2025-07-02T02:51:10.901858Z [bottleCapsMBA.local] [Test worker] INFO c.f.i.w.route.Route - route, method=GET, path=/_sys/proc, controller=core.framework.internal.web.sys.DiagnosticController.proc
2025-07-02T02:51:10.901895Z [bottleCapsMBA.local] [Test worker] INFO c.f.i.w.route.Route - route, method=GET, path=/_sys/property, controller=core.framework.internal.web.sys.PropertyController.execute
2025-07-02T02:51:10.901929Z [bottleCapsMBA.local] [Test worker] INFO c.f.i.w.route.Route - route, method=GET, path=/_sys/api, controller=null.execute
2025-07-02T02:51:10.901958Z [bottleCapsMBA.local] [Test worker] INFO c.f.i.w.route.Route - route, method=GET, path=/_sys/api/message, controller=null.execute
2025-07-02T02:51:10.901999Z [bottleCapsMBA.local] [Test worker] INFO c.f.i.w.route.Route - route, method=GET, path=/_sys/cache, controller=core.framework.internal.web.sys.CacheController.list
2025-07-02T02:51:10.902042Z [bottleCapsMBA.local] [Test worker] INFO c.f.i.w.route.Route - route, method=GET, path=/_sys/cache/:name/:key, controller=core.framework.internal.web.sys.CacheController.get
2025-07-02T02:51:10.902086Z [bottleCapsMBA.local] [Test worker] INFO c.f.i.w.route.Route - route, method=DELETE, path=/_sys/cache/:name/:key, controller=core.framework.internal.web.sys.CacheController.delete
2025-07-02T02:51:10.902651Z [bottleCapsMBA.local] [Test worker] INFO c.f.w.site.WebDirectory - can not locate web directory
2025-07-02T02:51:10.902724Z [bottleCapsMBA.local] [Test worker] INFO c.f.i.w.route.Route - route, method=GET, path=/_sys/vm, controller=core.framework.internal.web.sys.DiagnosticController.vm
2025-07-02T02:51:10.902776Z [bottleCapsMBA.local] [Test worker] INFO c.f.i.w.route.Route - route, method=GET, path=/_sys/thread, controller=core.framework.internal.web.sys.DiagnosticController.thread
2025-07-02T02:51:10.903084Z [bottleCapsMBA.local] [Test worker] INFO c.f.i.w.route.Route - route, method=GET, path=/_sys/heap, controller=core.framework.internal.web.sys.DiagnosticController.heap
2025-07-02T02:51:10.903274Z [bottleCapsMBA.local] [Test worker] INFO c.f.i.w.route.Route - route, method=GET, path=/_sys/proc, controller=core.framework.internal.web.sys.DiagnosticController.proc
2025-07-02T02:51:10.903427Z [bottleCapsMBA.local] [Test worker] INFO c.f.i.w.route.Route - route, method=GET, path=/_sys/property, controller=core.framework.internal.web.sys.PropertyController.execute
2025-07-02T02:51:10.903577Z [bottleCapsMBA.local] [Test worker] INFO c.f.i.w.route.Route - route, method=GET, path=/_sys/api, controller=null.execute
2025-07-02T02:51:10.903683Z [bottleCapsMBA.local] [Test worker] INFO c.f.i.w.route.Route - route, method=GET, path=/_sys/api/message, controller=null.execute
2025-07-02T02:51:10.903918Z [bottleCapsMBA.local] [Test worker] INFO c.f.i.w.route.Route - route, method=GET, path=/_sys/cache, controller=core.framework.internal.web.sys.CacheController.list
2025-07-02T02:51:10.904066Z [bottleCapsMBA.local] [Test worker] INFO c.f.i.w.route.Route - route, method=GET, path=/_sys/cache/:name/:key, controller=core.framework.internal.web.sys.CacheController.get
2025-07-02T02:51:10.904413Z [bottleCapsMBA.local] [Test worker] INFO c.f.i.w.route.Route - route, method=DELETE, path=/_sys/cache/:name/:key, controller=core.framework.internal.web.sys.CacheController.delete
2025-07-02T02:51:10.904981Z [bottleCapsMBA.local] [Test worker] INFO c.f.m.CacheConfig - create local cache store
2025-07-02T02:51:10.908067Z [bottleCapsMBA.local] [Test worker] INFO c.f.m.CacheConfig - add cache, class=core.framework.internal.cache.TestCache, duration=PT1H
2025-07-02T02:51:10.909570Z [bottleCapsMBA.local] [Test worker] INFO c.f.m.CacheConfig - add cache, class=core.framework.internal.cache.TestCache, duration=PT1H
2025-07-02T02:51:10.911663Z [bottleCapsMBA.local] [Test worker] INFO c.f.w.site.WebDirectory - can not locate web directory
2025-07-02T02:51:10.911945Z [bottleCapsMBA.local] [Test worker] INFO c.f.i.w.route.Route - route, method=GET, path=/_sys/vm, controller=core.framework.internal.web.sys.DiagnosticController.vm
2025-07-02T02:51:10.912062Z [bottleCapsMBA.local] [Test worker] INFO c.f.i.w.route.Route - route, method=GET, path=/_sys/thread, controller=core.framework.internal.web.sys.DiagnosticController.thread
2025-07-02T02:51:10.912155Z [bottleCapsMBA.local] [Test worker] INFO c.f.i.w.route.Route - route, method=GET, path=/_sys/heap, controller=core.framework.internal.web.sys.DiagnosticController.heap
2025-07-02T02:51:10.912242Z [bottleCapsMBA.local] [Test worker] INFO c.f.i.w.route.Route - route, method=GET, path=/_sys/proc, controller=core.framework.internal.web.sys.DiagnosticController.proc
2025-07-02T02:51:10.912327Z [bottleCapsMBA.local] [Test worker] INFO c.f.i.w.route.Route - route, method=GET, path=/_sys/property, controller=core.framework.internal.web.sys.PropertyController.execute
2025-07-02T02:51:10.912405Z [bottleCapsMBA.local] [Test worker] INFO c.f.i.w.route.Route - route, method=GET, path=/_sys/api, controller=null.execute
2025-07-02T02:51:10.912491Z [bottleCapsMBA.local] [Test worker] INFO c.f.i.w.route.Route - route, method=GET, path=/_sys/api/message, controller=null.execute
2025-07-02T02:51:10.912588Z [bottleCapsMBA.local] [Test worker] INFO c.f.i.w.route.Route - route, method=GET, path=/_sys/cache, controller=core.framework.internal.web.sys.CacheController.list
2025-07-02T02:51:10.912686Z [bottleCapsMBA.local] [Test worker] INFO c.f.i.w.route.Route - route, method=GET, path=/_sys/cache/:name/:key, controller=core.framework.internal.web.sys.CacheController.get
2025-07-02T02:51:10.912830Z [bottleCapsMBA.local] [Test worker] INFO c.f.i.w.route.Route - route, method=DELETE, path=/_sys/cache/:name/:key, controller=core.framework.internal.web.sys.CacheController.delete
2025-07-02T02:51:10.913028Z [bottleCapsMBA.local] [Test worker] INFO c.f.m.CacheConfig - create local cache store
2025-07-02T02:51:10.915313Z [bottleCapsMBA.local] [Test worker] INFO c.f.w.site.WebDirectory - can not locate web directory
2025-07-02T02:51:10.915464Z [bottleCapsMBA.local] [Test worker] INFO c.f.i.w.route.Route - route, method=GET, path=/_sys/vm, controller=core.framework.internal.web.sys.DiagnosticController.vm
2025-07-02T02:51:10.915519Z [bottleCapsMBA.local] [Test worker] INFO c.f.i.w.route.Route - route, method=GET, path=/_sys/thread, controller=core.framework.internal.web.sys.DiagnosticController.thread
2025-07-02T02:51:10.915565Z [bottleCapsMBA.local] [Test worker] INFO c.f.i.w.route.Route - route, method=GET, path=/_sys/heap, controller=core.framework.internal.web.sys.DiagnosticController.heap
2025-07-02T02:51:10.915606Z [bottleCapsMBA.local] [Test worker] INFO c.f.i.w.route.Route - route, method=GET, path=/_sys/proc, controller=core.framework.internal.web.sys.DiagnosticController.proc
2025-07-02T02:51:10.915647Z [bottleCapsMBA.local] [Test worker] INFO c.f.i.w.route.Route - route, method=GET, path=/_sys/property, controller=core.framework.internal.web.sys.PropertyController.execute
2025-07-02T02:51:10.915684Z [bottleCapsMBA.local] [Test worker] INFO c.f.i.w.route.Route - route, method=GET, path=/_sys/api, controller=null.execute
2025-07-02T02:51:10.915712Z [bottleCapsMBA.local] [Test worker] INFO c.f.i.w.route.Route - route, method=GET, path=/_sys/api/message, controller=null.execute
2025-07-02T02:51:10.915748Z [bottleCapsMBA.local] [Test worker] INFO c.f.i.w.route.Route - route, method=GET, path=/_sys/cache, controller=core.framework.internal.web.sys.CacheController.list
2025-07-02T02:51:10.915790Z [bottleCapsMBA.local] [Test worker] INFO c.f.i.w.route.Route - route, method=GET, path=/_sys/cache/:name/:key, controller=core.framework.internal.web.sys.CacheController.get
2025-07-02T02:51:10.915834Z [bottleCapsMBA.local] [Test worker] INFO c.f.i.w.route.Route - route, method=DELETE, path=/_sys/cache/:name/:key, controller=core.framework.internal.web.sys.CacheController.delete
2025-07-02T02:51:10.915899Z [bottleCapsMBA.local] [Test worker] INFO c.f.m.CacheConfig - create local cache store
2025-07-02T02:51:10.915942Z [bottleCapsMBA.local] [Test worker] INFO c.f.m.CacheConfig - add cache, class=core.framework.internal.cache.TestCache, duration=PT1H
2025-07-02T02:51:10.916796Z [bottleCapsMBA.local] [Test worker] INFO c.f.w.site.WebDirectory - can not locate web directory
2025-07-02T02:51:10.916895Z [bottleCapsMBA.local] [Test worker] INFO c.f.i.w.route.Route - route, method=GET, path=/_sys/vm, controller=core.framework.internal.web.sys.DiagnosticController.vm
2025-07-02T02:51:10.916945Z [bottleCapsMBA.local] [Test worker] INFO c.f.i.w.route.Route - route, method=GET, path=/_sys/thread, controller=core.framework.internal.web.sys.DiagnosticController.thread
2025-07-02T02:51:10.916988Z [bottleCapsMBA.local] [Test worker] INFO c.f.i.w.route.Route - route, method=GET, path=/_sys/heap, controller=core.framework.internal.web.sys.DiagnosticController.heap
2025-07-02T02:51:10.917027Z [bottleCapsMBA.local] [Test worker] INFO c.f.i.w.route.Route - route, method=GET, path=/_sys/proc, controller=core.framework.internal.web.sys.DiagnosticController.proc
2025-07-02T02:51:10.917064Z [bottleCapsMBA.local] [Test worker] INFO c.f.i.w.route.Route - route, method=GET, path=/_sys/property, controller=core.framework.internal.web.sys.PropertyController.execute
2025-07-02T02:51:10.917093Z [bottleCapsMBA.local] [Test worker] INFO c.f.i.w.route.Route - route, method=GET, path=/_sys/api, controller=null.execute
2025-07-02T02:51:10.917119Z [bottleCapsMBA.local] [Test worker] INFO c.f.i.w.route.Route - route, method=GET, path=/_sys/api/message, controller=null.execute
2025-07-02T02:51:10.917153Z [bottleCapsMBA.local] [Test worker] INFO c.f.i.w.route.Route - route, method=GET, path=/_sys/cache, controller=core.framework.internal.web.sys.CacheController.list
2025-07-02T02:51:10.917194Z [bottleCapsMBA.local] [Test worker] INFO c.f.i.w.route.Route - route, method=GET, path=/_sys/cache/:name/:key, controller=core.framework.internal.web.sys.CacheController.get
2025-07-02T02:51:10.917360Z [bottleCapsMBA.local] [Test worker] INFO c.f.i.w.route.Route - route, method=DELETE, path=/_sys/cache/:name/:key, controller=core.framework.internal.web.sys.CacheController.delete
2025-07-02T02:51:10.917595Z [bottleCapsMBA.local] [Test worker] INFO c.f.m.CacheConfig - create redis cache store, host=localhost
2025-07-02T02:51:10.918304Z [bottleCapsMBA.local] [Test worker] INFO c.f.m.CacheConfig - add cache, class=core.framework.internal.cache.TestCache, duration=PT1H
2025-07-02T02:51:10.918585Z [bottleCapsMBA.local] [Test worker] INFO c.f.m.CacheConfig - create local cache store
]]></system-out>
  <system-err><![CDATA[]]></system-err>
</testsuite>
