<?xml version="1.0" encoding="UTF-8"?>
<testsuite name="core.framework.internal.validate.BeanValidatorDigitsTest" tests="3" skipped="0" failures="0" errors="0" timestamp="2025-07-02T02:51:08" hostname="bottleCapsMBA.local" time="0.02">
  <properties/>
  <testcase name="validate()" classname="core.framework.internal.validate.BeanValidatorDigitsTest" time="0.007"/>
  <testcase name="sourceCode()" classname="core.framework.internal.validate.BeanValidatorDigitsTest" time="0.009"/>
  <testcase name="validateWithoutError()" classname="core.framework.internal.validate.BeanValidatorDigitsTest" time="0.004"/>
  <system-out><![CDATA[]]></system-out>
  <system-err><![CDATA[]]></system-err>
</testsuite>
