<?xml version="1.0" encoding="UTF-8"?>
<testsuite name="core.framework.internal.redis.RedisOperationTest" tests="13" skipped="0" failures="0" errors="0" timestamp="2025-07-02T02:51:08" hostname="bottleCapsMBA.local" time="0.022">
  <properties/>
  <testcase name="setIfAbsent()" classname="core.framework.internal.redis.RedisOperationTest" time="0.002"/>
  <testcase name="expire()" classname="core.framework.internal.redis.RedisOperationTest" time="0.001"/>
  <testcase name="setWithExpiration()" classname="core.framework.internal.redis.RedisOperationTest" time="0.001"/>
  <testcase name="forEach()" classname="core.framework.internal.redis.RedisOperationTest" time="0.004"/>
  <testcase name="expirationTime()" classname="core.framework.internal.redis.RedisOperationTest" time="0.004"/>
  <testcase name="del()" classname="core.framework.internal.redis.RedisOperationTest" time="0.001"/>
  <testcase name="get()" classname="core.framework.internal.redis.RedisOperationTest" time="0.001"/>
  <testcase name="set()" classname="core.framework.internal.redis.RedisOperationTest" time="0.001"/>
  <testcase name="multiGet()" classname="core.framework.internal.redis.RedisOperationTest" time="0.001"/>
  <testcase name="multiSet()" classname="core.framework.internal.redis.RedisOperationTest" time="0.001"/>
  <testcase name="multiSetWithExpiration()" classname="core.framework.internal.redis.RedisOperationTest" time="0.001"/>
  <testcase name="increaseBy()" classname="core.framework.internal.redis.RedisOperationTest" time="0.001"/>
  <testcase name="setIfAbsentWithPresentKey()" classname="core.framework.internal.redis.RedisOperationTest" time="0.001"/>
  <system-out><![CDATA[]]></system-out>
  <system-err><![CDATA[]]></system-err>
</testsuite>
