<?xml version="1.0" encoding="UTF-8"?>
<testsuite name="core.framework.internal.web.bean.ResponseBeanWriterTest" tests="7" skipped="0" failures="0" errors="0" timestamp="2025-07-02T02:51:09" hostname="bottleCapsMBA.local" time="0.005">
  <properties/>
  <testcase name="toJSON()" classname="core.framework.internal.web.bean.ResponseBeanWriterTest" time="0.001"/>
  <testcase name="register()" classname="core.framework.internal.web.bean.ResponseBeanWriterTest" time="0.0"/>
  <testcase name="toJSONWithEmptyOptional()" classname="core.framework.internal.web.bean.ResponseBeanWriterTest" time="0.001"/>
  <testcase name="toJSONWithValidationError()" classname="core.framework.internal.web.bean.ResponseBeanWriterTest" time="0.0"/>
  <testcase name="builtinClasses()" classname="core.framework.internal.web.bean.ResponseBeanWriterTest" time="0.0"/>
  <testcase name="validateList()" classname="core.framework.internal.web.bean.ResponseBeanWriterTest" time="0.001"/>
  <testcase name="toJSONWithOptional()" classname="core.framework.internal.web.bean.ResponseBeanWriterTest" time="0.001"/>
  <system-out><![CDATA[]]></system-out>
  <system-err><![CDATA[]]></system-err>
</testsuite>
