<?xml version="1.0" encoding="UTF-8"?>
<testsuite name="core.framework.util.ASCIITest" tests="6" skipped="0" failures="0" errors="0" timestamp="2025-07-02T02:51:11" hostname="bottleCapsMBA.local" time="0.005">
  <properties/>
  <testcase name="toLowerCase()" classname="core.framework.util.ASCIITest" time="0.0"/>
  <testcase name="toUpperCaseChar()" classname="core.framework.util.ASCIITest" time="0.001"/>
  <testcase name="isLetter()" classname="core.framework.util.ASCIITest" time="0.0"/>
  <testcase name="toUpperCase()" classname="core.framework.util.ASCIITest" time="0.0"/>
  <testcase name="toLowerCaseChar()" classname="core.framework.util.ASCIITest" time="0.001"/>
  <testcase name="isDigit()" classname="core.framework.util.ASCIITest" time="0.0"/>
  <system-out><![CDATA[]]></system-out>
  <system-err><![CDATA[]]></system-err>
</testsuite>
