<?xml version="1.0" encoding="UTF-8"?>
<testsuite name="core.framework.internal.db.SQLBatchParamsTest" tests="2" skipped="0" failures="0" errors="0" timestamp="2025-07-02T02:51:05" hostname="bottleCapsMBA.local" time="0.0">
  <properties/>
  <testcase name="append()" classname="core.framework.internal.db.SQLBatchParamsTest" time="0.0"/>
  <testcase name="appendWithTruncation()" classname="core.framework.internal.db.SQLBatchParamsTest" time="0.0"/>
  <system-out><![CDATA[]]></system-out>
  <system-err><![CDATA[]]></system-err>
</testsuite>
