<?xml version="1.0" encoding="UTF-8"?>
<testsuite name="core.framework.internal.web.controller.InvocationImplTest" tests="3" skipped="0" failures="0" errors="0" timestamp="2025-07-02T02:51:09" hostname="bottleCapsMBA.local" time="0.051">
  <properties/>
  <testcase name="skipInterceptor()" classname="core.framework.internal.web.controller.InvocationImplTest" time="0.047"/>
  <testcase name="withNullResponse()" classname="core.framework.internal.web.controller.InvocationImplTest" time="0.003"/>
  <testcase name="process()" classname="core.framework.internal.web.controller.InvocationImplTest" time="0.0"/>
  <system-out><![CDATA[]]></system-out>
  <system-err><![CDATA[]]></system-err>
</testsuite>
