<?xml version="1.0" encoding="UTF-8"?>
<testsuite name="core.framework.util.NetworkTest" tests="2" skipped="0" failures="0" errors="0" timestamp="2025-07-02T02:51:11" hostname="bottleCapsMBA.local" time="0.0">
  <properties/>
  <testcase name="localhostName()" classname="core.framework.util.NetworkTest" time="0.0"/>
  <testcase name="localhostAddress()" classname="core.framework.util.NetworkTest" time="0.0"/>
  <system-out><![CDATA[]]></system-out>
  <system-err><![CDATA[]]></system-err>
</testsuite>
