<?xml version="1.0" encoding="UTF-8"?>
<testsuite name="core.framework.internal.redis.RedisHashOperationTest" tests="6" skipped="0" failures="0" errors="0" timestamp="2025-07-02T02:51:08" hostname="bottleCapsMBA.local" time="0.017">
  <properties/>
  <testcase name="getAll()" classname="core.framework.internal.redis.RedisHashOperationTest" time="0.003"/>
  <testcase name="del()" classname="core.framework.internal.redis.RedisHashOperationTest" time="0.001"/>
  <testcase name="get()" classname="core.framework.internal.redis.RedisHashOperationTest" time="0.001"/>
  <testcase name="set()" classname="core.framework.internal.redis.RedisHashOperationTest" time="0.003"/>
  <testcase name="multiSet()" classname="core.framework.internal.redis.RedisHashOperationTest" time="0.004"/>
  <testcase name="increaseBy()" classname="core.framework.internal.redis.RedisHashOperationTest" time="0.002"/>
  <system-out><![CDATA[]]></system-out>
  <system-err><![CDATA[]]></system-err>
</testsuite>
