<?xml version="1.0" encoding="UTF-8"?>
<testsuite name="core.framework.internal.kafka.ProducerMetricsTest" tests="2" skipped="0" failures="0" errors="0" timestamp="2025-07-02T02:51:07" hostname="bottleCapsMBA.local" time="0.004">
  <properties/>
  <testcase name="collectWithoutRequestSizeAvg()" classname="core.framework.internal.kafka.ProducerMetricsTest" time="0.001"/>
  <testcase name="collect()" classname="core.framework.internal.kafka.ProducerMetricsTest" time="0.002"/>
  <system-out><![CDATA[]]></system-out>
  <system-err><![CDATA[]]></system-err>
</testsuite>
