<?xml version="1.0" encoding="UTF-8"?>
<testsuite name="core.framework.log.ActionLogContextTest" tests="4" skipped="0" failures="0" errors="0" timestamp="2025-07-02T02:51:10" hostname="bottleCapsMBA.local" time="0.006">
  <properties/>
  <testcase name="withCurrentActionLog()" classname="core.framework.log.ActionLogContextTest" time="0.001"/>
  <testcase name="trace()" classname="core.framework.log.ActionLogContextTest" time="0.001"/>
  <testcase name="withoutCurrentActionLog()" classname="core.framework.log.ActionLogContextTest" time="0.001"/>
  <testcase name="remainingProcessTime()" classname="core.framework.log.ActionLogContextTest" time="0.001"/>
  <system-out><![CDATA[]]></system-out>
  <system-err><![CDATA[]]></system-err>
</testsuite>
