<?xml version="1.0" encoding="UTF-8"?>
<testsuite name="core.framework.internal.web.controller.ControllerInspectorTest" tests="3" skipped="0" failures="0" errors="0" timestamp="2025-07-02T02:51:09" hostname="bottleCapsMBA.local" time="0.007">
  <properties/>
  <testcase name="lambdaMethod()" classname="core.framework.internal.web.controller.ControllerInspectorTest" time="0.001"/>
  <testcase name="methodReference()" classname="core.framework.internal.web.controller.ControllerInspectorTest" time="0.005"/>
  <testcase name="staticClass()" classname="core.framework.internal.web.controller.ControllerInspectorTest" time="0.0"/>
  <system-out><![CDATA[]]></system-out>
  <system-err><![CDATA[]]></system-err>
</testsuite>
