<?xml version="1.0" encoding="UTF-8"?>
<testsuite name="core.framework.internal.validate.ClassValidatorSupportTest" tests="2" skipped="0" failures="0" errors="0" timestamp="2025-07-02T02:51:08" hostname="bottleCapsMBA.local" time="0.003">
  <properties/>
  <testcase name="validateClass()" classname="core.framework.internal.validate.ClassValidatorSupportTest" time="0.001"/>
  <testcase name="validateField()" classname="core.framework.internal.validate.ClassValidatorSupportTest" time="0.002"/>
  <system-out><![CDATA[]]></system-out>
  <system-err><![CDATA[]]></system-err>
</testsuite>
