<?xml version="1.0" encoding="UTF-8"?>
<testsuite name="core.framework.module.KafkaConfigTest" tests="2" skipped="0" failures="0" errors="0" timestamp="2025-07-02T02:51:10" hostname="bottleCapsMBA.local" time="0.003">
  <properties/>
  <testcase name="validate()" classname="core.framework.module.KafkaConfigTest" time="0.002"/>
  <testcase name="managementPathPattern()" classname="core.framework.module.KafkaConfigTest" time="0.001"/>
  <system-out><![CDATA[]]></system-out>
  <system-err><![CDATA[]]></system-err>
</testsuite>
