<?xml version="1.0" encoding="UTF-8"?>
<testsuite name="core.framework.internal.web.service.PathParamHelperTest" tests="3" skipped="0" failures="0" errors="0" timestamp="2025-07-02T02:51:10" hostname="bottleCapsMBA.local" time="0.003">
  <properties/>
  <testcase name="parseEnum()" classname="core.framework.internal.web.service.PathParamHelperTest" time="0.001"/>
  <testcase name="parseLong()" classname="core.framework.internal.web.service.PathParamHelperTest" time="0.002"/>
  <testcase name="parseInt()" classname="core.framework.internal.web.service.PathParamHelperTest" time="0.0"/>
  <system-out><![CDATA[]]></system-out>
  <system-err><![CDATA[]]></system-err>
</testsuite>
