<?xml version="1.0" encoding="UTF-8"?>
<testsuite name="core.framework.internal.web.HTTPHostTest" tests="2" skipped="0" failures="0" errors="0" timestamp="2025-07-02T02:51:08" hostname="bottleCapsMBA.local" time="0.001">
  <properties/>
  <testcase name="parse()" classname="core.framework.internal.web.HTTPHostTest" time="0.001"/>
  <testcase name="convertToString()" classname="core.framework.internal.web.HTTPHostTest" time="0.0"/>
  <system-out><![CDATA[]]></system-out>
  <system-err><![CDATA[]]></system-err>
</testsuite>
