<?xml version="1.0" encoding="UTF-8"?>
<testsuite name="core.framework.internal.template.expression.ExpressionParserTest" tests="7" skipped="0" failures="0" errors="0" timestamp="2025-07-02T02:51:08" hostname="bottleCapsMBA.local" time="0.003">
  <properties/>
  <testcase name="expression()" classname="core.framework.internal.template.expression.ExpressionParserTest" time="0.0"/>
  <testcase name="singleField()" classname="core.framework.internal.template.expression.ExpressionParserTest" time="0.0"/>
  <testcase name="singleValue()" classname="core.framework.internal.template.expression.ExpressionParserTest" time="0.001"/>
  <testcase name="methodChain()" classname="core.framework.internal.template.expression.ExpressionParserTest" time="0.0"/>
  <testcase name="invalidExpression()" classname="core.framework.internal.template.expression.ExpressionParserTest" time="0.001"/>
  <testcase name="singleMethod()" classname="core.framework.internal.template.expression.ExpressionParserTest" time="0.0"/>
  <testcase name="singleQuoteString()" classname="core.framework.internal.template.expression.ExpressionParserTest" time="0.0"/>
  <system-out><![CDATA[]]></system-out>
  <system-err><![CDATA[]]></system-err>
</testsuite>
