<?xml version="1.0" encoding="UTF-8"?>
<testsuite name="core.framework.internal.template.parser.HTMLParserTest" tests="2" skipped="0" failures="0" errors="0" timestamp="2025-07-02T02:51:08" hostname="bottleCapsMBA.local" time="0.001">
  <properties/>
  <testcase name="voidElements()" classname="core.framework.internal.template.parser.HTMLParserTest" time="0.001"/>
  <testcase name="emptyScript()" classname="core.framework.internal.template.parser.HTMLParserTest" time="0.0"/>
  <system-out><![CDATA[]]></system-out>
  <system-err><![CDATA[]]></system-err>
</testsuite>
