<?xml version="1.0" encoding="UTF-8"?>
<testsuite name="core.framework.internal.web.bean.QueryParamHelperTest" tests="8" skipped="0" failures="0" errors="0" timestamp="2025-07-02T02:51:09" hostname="bottleCapsMBA.local" time="0.016">
  <properties/>
  <testcase name="toStringWithBoolean()" classname="core.framework.internal.web.bean.QueryParamHelperTest" time="0.002"/>
  <testcase name="toBoolean()" classname="core.framework.internal.web.bean.QueryParamHelperTest" time="0.0"/>
  <testcase name="toEnum()" classname="core.framework.internal.web.bean.QueryParamHelperTest" time="0.007"/>
  <testcase name="toBigDecimal()" classname="core.framework.internal.web.bean.QueryParamHelperTest" time="0.001"/>
  <testcase name="toStringWithDate()" classname="core.framework.internal.web.bean.QueryParamHelperTest" time="0.001"/>
  <testcase name="toDateTime()" classname="core.framework.internal.web.bean.QueryParamHelperTest" time="0.001"/>
  <testcase name="toDouble()" classname="core.framework.internal.web.bean.QueryParamHelperTest" time="0.0"/>
  <testcase name="toStringWithString()" classname="core.framework.internal.web.bean.QueryParamHelperTest" time="0.0"/>
  <system-out><![CDATA[]]></system-out>
  <system-err><![CDATA[]]></system-err>
</testsuite>
