<?xml version="1.0" encoding="UTF-8"?>
<testsuite name="core.framework.internal.web.service.WebServiceInterfaceValidatorTest" tests="4" skipped="0" failures="0" errors="0" timestamp="2025-07-02T02:51:10" hostname="bottleCapsMBA.local" time="0.002">
  <properties/>
  <testcase name="validateRequestBeanClass()" classname="core.framework.internal.web.service.WebServiceInterfaceValidatorTest" time="0.001"/>
  <testcase name="duplicateMethodNames()" classname="core.framework.internal.web.service.WebServiceInterfaceValidatorTest" time="0.001"/>
  <testcase name="validate()" classname="core.framework.internal.web.service.WebServiceInterfaceValidatorTest" time="0.0"/>
  <testcase name="validateResponseBeanType()" classname="core.framework.internal.web.service.WebServiceInterfaceValidatorTest" time="0.0"/>
  <system-out><![CDATA[]]></system-out>
  <system-err><![CDATA[]]></system-err>
</testsuite>
