<?xml version="1.0" encoding="UTF-8"?>
<testsuite name="core.framework.internal.async.CachedThreadPoolTest" tests="1" skipped="0" failures="0" errors="0" timestamp="2025-07-02T02:51:01" hostname="bottleCapsMBA.local" time="0.01">
  <properties/>
  <testcase name="threadName()" classname="core.framework.internal.async.CachedThreadPoolTest" time="0.01"/>
  <system-out><![CDATA[]]></system-out>
  <system-err><![CDATA[]]></system-err>
</testsuite>
