<?xml version="1.0" encoding="UTF-8"?>
<testsuite name="core.framework.internal.db.RepositoryImplAssignedIdEntityTest" tests="19" skipped="0" failures="0" errors="0" timestamp="2025-07-02T02:51:05" hostname="bottleCapsMBA.local" time="0.154">
  <properties/>
  <testcase name="projectOne()" classname="core.framework.internal.db.RepositoryImplAssignedIdEntityTest" time="0.007"/>
  <testcase name="selectWithGroupBy()" classname="core.framework.internal.db.RepositoryImplAssignedIdEntityTest" time="0.005"/>
  <testcase name="partialUpdateWithCondition()" classname="core.framework.internal.db.RepositoryImplAssignedIdEntityTest" time="0.002"/>
  <testcase name="delete()" classname="core.framework.internal.db.RepositoryImplAssignedIdEntityTest" time="0.001"/>
  <testcase name="insert()" classname="core.framework.internal.db.RepositoryImplAssignedIdEntityTest" time="0.049"/>
  <testcase name="select()" classname="core.framework.internal.db.RepositoryImplAssignedIdEntityTest" time="0.009"/>
  <testcase name="update()" classname="core.framework.internal.db.RepositoryImplAssignedIdEntityTest" time="0.003"/>
  <testcase name="upsert()" classname="core.framework.internal.db.RepositoryImplAssignedIdEntityTest" time="0.008"/>
  <testcase name="batchDelete()" classname="core.framework.internal.db.RepositoryImplAssignedIdEntityTest" time="0.008"/>
  <testcase name="batchInsert()" classname="core.framework.internal.db.RepositoryImplAssignedIdEntityTest" time="0.008"/>
  <testcase name="validateId()" classname="core.framework.internal.db.RepositoryImplAssignedIdEntityTest" time="0.003"/>
  <testcase name="batchUpsert()" classname="core.framework.internal.db.RepositoryImplAssignedIdEntityTest" time="0.017"/>
  <testcase name="count()" classname="core.framework.internal.db.RepositoryImplAssignedIdEntityTest" time="0.007"/>
  <testcase name="insertIgnore()" classname="core.framework.internal.db.RepositoryImplAssignedIdEntityTest" time="0.002"/>
  <testcase name="batchDeleteWithEmptyPrimaryKeys()" classname="core.framework.internal.db.RepositoryImplAssignedIdEntityTest" time="0.001"/>
  <testcase name="insertIgnoreWithInvalidTimestamp()" classname="core.framework.internal.db.RepositoryImplAssignedIdEntityTest" time="0.003"/>
  <testcase name="batchInsertWithEmptyEntities()" classname="core.framework.internal.db.RepositoryImplAssignedIdEntityTest" time="0.002"/>
  <testcase name="partialUpdate()" classname="core.framework.internal.db.RepositoryImplAssignedIdEntityTest" time="0.005"/>
  <testcase name="batchInsertIgnore()" classname="core.framework.internal.db.RepositoryImplAssignedIdEntityTest" time="0.008"/>
  <system-out><![CDATA[2025-07-02T02:51:04.958251Z [bottleCapsMBA.local] [Test worker] INFO c.f.i.db.DatabaseImpl - set database connection url, url=jdbc:hsqldb:mem:.;sql.syntax_mys=true
2025-07-02T02:51:05.000975Z [bottleCapsMBA.local] [Test worker] INFO c.f.i.db.DatabaseImpl - register db entity, entityClass=core.framework.internal.db.AssignedIdEntity, elapsed=40604917
]]></system-out>
  <system-err><![CDATA[]]></system-err>
</testsuite>
