<?xml version="1.0" encoding="UTF-8"?>
<testsuite name="core.framework.internal.inject.KeyTest" tests="1" skipped="0" failures="0" errors="0" timestamp="2025-07-02T02:51:06" hostname="bottleCapsMBA.local" time="0.0">
  <properties/>
  <testcase name="asMapKey()" classname="core.framework.internal.inject.KeyTest" time="0.0"/>
  <system-out><![CDATA[]]></system-out>
  <system-err><![CDATA[]]></system-err>
</testsuite>
