<?xml version="1.0" encoding="UTF-8"?>
<testsuite name="core.framework.internal.web.ShutdownHandlerTest" tests="4" skipped="0" failures="0" errors="0" timestamp="2025-07-02T02:51:09" hostname="bottleCapsMBA.local" time="0.008">
  <properties/>
  <testcase name="handle()" classname="core.framework.internal.web.ShutdownHandlerTest" time="0.005"/>
  <testcase name="awaitTermination()" classname="core.framework.internal.web.ShutdownHandlerTest" time="0.001"/>
  <testcase name="maxActiveRequests()" classname="core.framework.internal.web.ShutdownHandlerTest" time="0.0"/>
  <testcase name="handleShutdown()" classname="core.framework.internal.web.ShutdownHandlerTest" time="0.001"/>
  <system-out><![CDATA[]]></system-out>
  <system-err><![CDATA[2025-07-02T02:51:09.404830Z [bottleCapsMBA.local] [Test worker] WARN c.f.i.web.ShutdownHandler - reject request due to server is shutting down, requestURL=null
]]></system-err>
</testsuite>
