<?xml version="1.0" encoding="UTF-8"?>
<testsuite name="core.framework.http.HTTPClientBuilderTest" tests="4" skipped="0" failures="0" errors="0" timestamp="2025-07-02T02:51:00" hostname="bottleCapsMBA.local" time="1.043">
  <properties/>
  <testcase name="callTimeout()" classname="core.framework.http.HTTPClientBuilderTest" time="0.008"/>
  <testcase name="trust()" classname="core.framework.http.HTTPClientBuilderTest" time="0.798"/>
  <testcase name="clientAuth()" classname="core.framework.http.HTTPClientBuilderTest" time="0.226"/>
  <testcase name="trustAll()" classname="core.framework.http.HTTPClientBuilderTest" time="0.007"/>
  <system-out><![CDATA[2025-07-02T02:51:01.594873Z [bottleCapsMBA.local] [Test worker] INFO c.f.h.HTTPClientBuilder - create http client, elapsed=690733000
2025-07-02T02:51:01.821781Z [bottleCapsMBA.local] [Test worker] INFO c.f.h.HTTPClientBuilder - create http client, elapsed=4641875
2025-07-02T02:51:01.827791Z [bottleCapsMBA.local] [Test worker] INFO c.f.h.HTTPClientBuilder - create http client, elapsed=4829916
]]></system-out>
  <system-err><![CDATA[]]></system-err>
</testsuite>
