<?xml version="1.0" encoding="UTF-8"?>
<testsuite name="core.framework.internal.web.http.RateControlTest" tests="3" skipped="0" failures="0" errors="0" timestamp="2025-07-02T02:51:09" hostname="bottleCapsMBA.local" time="0.004">
  <properties/>
  <testcase name="acquire()" classname="core.framework.internal.web.http.RateControlTest" time="0.002"/>
  <testcase name="validateRate()" classname="core.framework.internal.web.http.RateControlTest" time="0.001"/>
  <testcase name="ratePerNano()" classname="core.framework.internal.web.http.RateControlTest" time="0.0"/>
  <system-out><![CDATA[]]></system-out>
  <system-err><![CDATA[]]></system-err>
</testsuite>
