<?xml version="1.0" encoding="UTF-8"?>
<testsuite name="core.framework.internal.web.site.MessageImplTest" tests="2" skipped="0" failures="0" errors="0" timestamp="2025-07-02T02:51:10" hostname="bottleCapsMBA.local" time="0.003">
  <properties/>
  <testcase name="getWithNotDefinedLanguage()" classname="core.framework.internal.web.site.MessageImplTest" time="0.002"/>
  <testcase name="get()" classname="core.framework.internal.web.site.MessageImplTest" time="0.001"/>
  <system-out><![CDATA[2025-07-02T02:51:10.487342Z [bottleCapsMBA.local] [Test worker] INFO c.f.i.w.site.MessageImpl - load message properties, path=message-test/messages.properties
2025-07-02T02:51:10.489194Z [bottleCapsMBA.local] [Test worker] INFO c.f.i.w.site.MessageImpl - load message properties, path=message-test/messages.properties
]]></system-out>
  <system-err><![CDATA[]]></system-err>
</testsuite>
