<?xml version="1.0" encoding="UTF-8"?>
<testsuite name="core.framework.internal.inject.BeanFactoryTest" tests="5" skipped="0" failures="0" errors="0" timestamp="2025-07-02T02:51:06" hostname="bottleCapsMBA.local" time="0.008">
  <properties/>
  <testcase name="create()" classname="core.framework.internal.inject.BeanFactoryTest" time="0.002"/>
  <testcase name="injectStaticMembers()" classname="core.framework.internal.inject.BeanFactoryTest" time="0.003"/>
  <testcase name="bindGeneric()" classname="core.framework.internal.inject.BeanFactoryTest" time="0.001"/>
  <testcase name="bindWithMismatchedType()" classname="core.framework.internal.inject.BeanFactoryTest" time="0.0"/>
  <testcase name="createWithInvalidDependency()" classname="core.framework.internal.inject.BeanFactoryTest" time="0.001"/>
  <system-out><![CDATA[]]></system-out>
  <system-err><![CDATA[]]></system-err>
</testsuite>
