<?xml version="1.0" encoding="UTF-8"?>
<testsuite name="core.log.web.EventControllerTest" tests="10" skipped="0" failures="0" errors="0" timestamp="2025-07-06T08:06:16" hostname="bottleCapsMBA.local" time="0.293">
  <properties/>
  <testcase name="sendEventRequest()" classname="core.log.web.EventControllerTest" time="0.242"/>
  <testcase name="checkOriginWithWildcard()" classname="core.log.web.EventControllerTest" time="0.001"/>
  <testcase name="addContext()" classname="core.log.web.EventControllerTest" time="0.008"/>
  <testcase name="options()" classname="core.log.web.EventControllerTest" time="0.01"/>
  <testcase name="post()" classname="core.log.web.EventControllerTest" time="0.008"/>
  <testcase name="checkOrigin()" classname="core.log.web.EventControllerTest" time="0.001"/>
  <testcase name="sendEventRequestWithEmptyBody()" classname="core.log.web.EventControllerTest" time="0.002"/>
  <testcase name="cookies()" classname="core.log.web.EventControllerTest" time="0.008"/>
  <testcase name="message()" classname="core.log.web.EventControllerTest" time="0.008"/>
  <testcase name="allowPOSTWithCORS()" classname="core.log.web.EventControllerTest" time="0.002"/>
  <system-out><![CDATA[]]></system-out>
  <system-err><![CDATA[]]></system-err>
</testsuite>
