<?xml version="1.0" encoding="UTF-8"?>
<testsuite name="core.log.web.SendEventRequestValidatorTest" tests="3" skipped="0" failures="0" errors="0" timestamp="2025-07-06T08:06:16" hostname="bottleCapsMBA.local" time="0.004">
  <properties/>
  <testcase name="validate()" classname="core.log.web.SendEventRequestValidatorTest" time="0.001"/>
  <testcase name="validateMap()" classname="core.log.web.SendEventRequestValidatorTest" time="0.002"/>
  <testcase name="validateStats()" classname="core.log.web.SendEventRequestValidatorTest" time="0.001"/>
  <system-out><![CDATA[]]></system-out>
  <system-err><![CDATA[]]></system-err>
</testsuite>
