<?xml version="1.0" encoding="UTF-8"?>
<testsuite name="core.framework.search.impl.ElasticSearchTypeImplTest" tests="1" skipped="0" failures="0" errors="0" timestamp="2025-07-02T02:51:40" hostname="bottleCapsMBA.local" time="0.328">
  <properties/>
  <testcase name="search()" classname="core.framework.search.impl.ElasticSearchTypeImplTest" time="0.328"/>
  <system-out><![CDATA[]]></system-out>
  <system-err><![CDATA[]]></system-err>
</testsuite>
