<?xml version="1.0" encoding="UTF-8"?>
<testsuite name="core.framework.search.impl.ElasticSearchHostTest" tests="3" skipped="0" failures="0" errors="0" timestamp="2025-07-02T02:51:40" hostname="bottleCapsMBA.local" time="0.084">
  <properties/>
  <testcase name="parseWithHTTPS()" classname="core.framework.search.impl.ElasticSearchHostTest" time="0.079"/>
  <testcase name="parseWithInvalidHost()" classname="core.framework.search.impl.ElasticSearchHostTest" time="0.001"/>
  <testcase name="parse()" classname="core.framework.search.impl.ElasticSearchHostTest" time="0.001"/>
  <system-out><![CDATA[]]></system-out>
  <system-err><![CDATA[]]></system-err>
</testsuite>
