<?xml version="1.0" encoding="UTF-8"?>
<testsuite name="core.framework.search.impl.DocumentClassValidatorTest" tests="3" skipped="0" failures="0" errors="0" timestamp="2025-07-02T02:51:40" hostname="bottleCapsMBA.local" time="0.019">
  <properties/>
  <testcase name="validate()" classname="core.framework.search.impl.DocumentClassValidatorTest" time="0.009"/>
  <testcase name="validateWithoutIndexAnnotation()" classname="core.framework.search.impl.DocumentClassValidatorTest" time="0.002"/>
  <testcase name="validateWithDefaultValue()" classname="core.framework.search.impl.DocumentClassValidatorTest" time="0.007"/>
  <system-out><![CDATA[]]></system-out>
  <system-err><![CDATA[]]></system-err>
</testsuite>
