<?xml version="1.0" encoding="UTF-8"?>
<testsuite name="core.framework.search.impl.ElasticSearchImplTest" tests="1" skipped="0" failures="0" errors="0" timestamp="2025-07-02T02:51:40" hostname="bottleCapsMBA.local" time="0.021">
  <properties/>
  <testcase name="auth()" classname="core.framework.search.impl.ElasticSearchImplTest" time="0.021"/>
  <system-out><![CDATA[]]></system-out>
  <system-err><![CDATA[]]></system-err>
</testsuite>
